Log file open, 12/19/23 23:36:35
LogWindows: Failed to load 'aqProf.dll' (GetLastError=126)
LogWindows: File 'aqProf.dll' does not exist
LogWindows: Failed to load 'VtuneApi.dll' (GetLastError=126)
LogWindows: File 'VtuneApi.dll' does not exist
LogWindows: Failed to load 'VtuneApi32e.dll' (GetLastError=126)
LogWindows: File 'VtuneApi32e.dll' does not exist
LogConsoleResponse: Display: Failed to find resolution value strings in scalability ini. Falling back to default.
LogConsoleResponse: Display: Failed to find resolution value strings in scalability ini. Falling back to default.
LogInit: Display: Running engine for game: DnDRPG_GIT
LogPlatformFile: Not using cached read wrapper
LogTaskGraph: Started task graph with 5 named threads and 35 total threads with 3 sets of task threads.
LogStats: Stats thread started at 0.247008
LogICUInternationalization: ICU TimeZone Detection - Raw Offset: +3:00, Platform Override: ''
LogInit: Display: Loading text-based GConfig....
LogPluginManager: Mounting plugin MeshPainting
LogPluginManager: Mounting plugin XGEController
LogPluginManager: Mounting plugin Paper2D
LogPluginManager: Mounting plugin EnvironmentQueryEditor
LogPluginManager: Mounting plugin AISupport
LogPluginManager: Mounting plugin LightPropagationVolume
LogPluginManager: Mounting plugin OodleNetwork
LogPluginManager: Mounting plugin OodleData
LogPluginManager: Mounting plugin CameraShakePreviewer
LogPluginManager: Mounting plugin GameplayCameras
LogPluginManager: Mounting plugin AssetManagerEditor
LogPluginManager: Mounting plugin BlueprintMaterialTextureNodes
LogPluginManager: Mounting plugin CryptoKeys
LogPluginManager: Mounting plugin CurveEditorTools
LogPluginManager: Mounting plugin DataValidation
LogPluginManager: Mounting plugin FacialAnimation
LogPluginManager: Mounting plugin GeometryMode
LogPluginManager: Mounting plugin GameplayTagsEditor
LogPluginManager: Mounting plugin MacGraphicsSwitching
LogPluginManager: Mounting plugin MaterialAnalyzer
LogPluginManager: Mounting plugin MobileLauncherProfileWizard
LogPluginManager: Mounting plugin PluginBrowser
LogPluginManager: Mounting plugin SpeedTreeImporter
LogPluginManager: Mounting plugin DatasmithContent
LogPluginManager: Mounting plugin AnimationSharing
LogPluginManager: Mounting plugin VariantManagerContent
LogPluginManager: Mounting plugin CLionSourceCodeAccess
LogPluginManager: Mounting plugin CodeLiteSourceCodeAccess
LogPluginManager: Mounting plugin GitSourceControl
LogPluginManager: Mounting plugin KDevelopSourceCodeAccess
LogPluginManager: Mounting plugin NullSourceCodeAccess
LogPluginManager: Mounting plugin PerforceSourceControl
LogPluginManager: Mounting plugin PlasticSourceControl
LogPluginManager: Mounting plugin PixWinPlugin
LogPluginManager: Mounting plugin PluginUtils
LogPluginManager: Mounting plugin PropertyAccessNode
LogPluginManager: Mounting plugin RiderSourceCodeAccess
LogPluginManager: Mounting plugin SubversionSourceControl
LogPluginManager: Mounting plugin TextureFormatOodle
LogPluginManager: Mounting plugin AlembicImporter
LogPluginManager: Mounting plugin VisualStudioSourceCodeAccess
LogPluginManager: Mounting plugin UObjectPlugin
LogPluginManager: Mounting plugin XCodeSourceCodeAccess
LogPluginManager: Mounting plugin VisualStudioCodeSourceCodeAccess
LogPluginManager: Mounting plugin AutomationUtils
LogPluginManager: Mounting plugin BackChannel
LogPluginManager: Mounting plugin ChaosCloth
LogPluginManager: Mounting plugin ChaosEditor
LogPluginManager: Mounting plugin ChaosNiagara
LogPluginManager: Mounting plugin ChaosSolverPlugin
LogPluginManager: Mounting plugin ChaosClothEditor
LogPluginManager: Mounting plugin CharacterAI
LogPluginManager: Mounting plugin Niagara
LogPluginManager: Mounting plugin GeometryCache
LogPluginManager: Mounting plugin GeometryProcessing
LogPluginManager: Mounting plugin LuminPlatformFeatures
LogPluginManager: Mounting plugin Landmass
LogPluginManager: Mounting plugin MagicLeap
LogPluginManager: Mounting plugin MotoSynth
LogPluginManager: Mounting plugin GeometryCollectionPlugin
LogPluginManager: Mounting plugin OpenImageDenoise
LogPluginManager: Mounting plugin PlanarCut
LogPluginManager: Mounting plugin ProxyLODPlugin
LogPluginManager: Mounting plugin PythonScriptPlugin
LogPluginManager: Mounting plugin PlatformCrypto
LogPluginManager: Mounting plugin SkeletalReduction
LogPluginManager: Mounting plugin MagicLeapLightEstimation
LogPluginManager: Mounting plugin MagicLeapMedia
LogPluginManager: Mounting plugin MagicLeapPassableWorld
LogPluginManager: Mounting plugin MLSDK
LogPluginManager: Mounting plugin Water
LogPluginManager: Mounting plugin AndroidMedia
LogPluginManager: Mounting plugin AvfMedia
LogPluginManager: Mounting plugin ImgMedia
LogPluginManager: Mounting plugin MediaCompositing
LogPluginManager: Mounting plugin TcpMessaging
LogPluginManager: Mounting plugin UdpMessaging
LogPluginManager: Mounting plugin ActorSequence
LogPluginManager: Mounting plugin MediaPlayerEditor
LogPluginManager: Mounting plugin WebMMedia
LogPluginManager: Mounting plugin WmfMedia
LogPluginManager: Mounting plugin LevelSequenceEditor
LogPluginManager: Mounting plugin MatineeToLevelSequence
LogPluginManager: Mounting plugin TemplateSequence
LogPluginManager: Mounting plugin OnlineSubsystem
LogPluginManager: Mounting plugin OnlineSubsystemNull
LogPluginManager: Mounting plugin OnlineSubsystemUtils
LogPluginManager: Mounting plugin LauncherChunkInstaller
LogPluginManager: Mounting plugin ActorLayerUtilities
LogPluginManager: Mounting plugin AndroidMoviePlayer
LogPluginManager: Mounting plugin AndroidPermission
LogPluginManager: Mounting plugin AndroidDeviceProfileSelector
LogPluginManager: Mounting plugin AppleImageUtils
LogPluginManager: Mounting plugin AppleMoviePlayer
LogPluginManager: Mounting plugin AudioCapture
LogPluginManager: Mounting plugin AssetTags
LogPluginManager: Mounting plugin ArchVisCharacter
LogPluginManager: Mounting plugin AudioSynesthesia
LogPluginManager: Mounting plugin CableComponent
LogPluginManager: Mounting plugin CustomMeshComponent
LogPluginManager: Mounting plugin ChunkDownloader
LogPluginManager: Mounting plugin EditableMesh
LogPluginManager: Mounting plugin ExampleDeviceProfileSelector
LogPluginManager: Mounting plugin GooglePAD
LogPluginManager: Mounting plugin GoogleCloudMessaging
LogPluginManager: Mounting plugin IOSDeviceProfileSelector
LogPluginManager: Mounting plugin LinuxDeviceProfileSelector
LogPluginManager: Mounting plugin LocationServicesBPLibrary
LogPluginManager: Mounting plugin MobilePatchingUtils
LogPluginManager: Mounting plugin OpenXR
LogPluginManager: Mounting plugin OpenXREyeTracker
LogPluginManager: Mounting plugin OpenXRHandTracking
LogPluginManager: Mounting plugin PhysXVehicles
LogPluginManager: Mounting plugin PostSplashScreen
LogPluginManager: Mounting plugin ProceduralMeshComponent
LogPluginManager: Mounting plugin PropertyAccessEditor
LogPluginManager: Mounting plugin RuntimePhysXCooking
LogPluginManager: Mounting plugin SignificanceManager
LogPluginManager: Mounting plugin SoundFields
LogPluginManager: Mounting plugin ScreenshotTools
LogPluginManager: Mounting plugin Synthesis
LogPluginManager: Mounting plugin WebMMoviePlayer
LogPluginManager: Mounting plugin WindowsMoviePlayer
LogPluginManager: Mounting plugin Takes
LogPluginManager: Mounting plugin LiveLink
LogPluginManager: Mounting plugin ContentBrowserFileDataSource
LogPluginManager: Mounting plugin ContentBrowserClassDataSource
LogPluginManager: Mounting plugin ContentBrowserAssetDataSource
LogPluginManager: Mounting plugin OnlineSubsystemGooglePlay
LogPluginManager: Mounting plugin OnlineSubsystemIOS
LogPluginManager: Mounting plugin OculusVR
LogPluginManager: Mounting plugin SteamVR
PixWinPlugin: PIX capture plugin failed to initialize! Check that the process is launched from PIX.
LogInit: Using libcurl 7.55.1-DEV
LogInit:  - built for x86_64-pc-win32
LogInit:  - supports SSL with OpenSSL/1.1.1
LogInit:  - supports HTTP deflate (compression) using libz 1.2.8
LogInit:  - other features:
LogInit:      CURL_VERSION_SSL
LogInit:      CURL_VERSION_LIBZ
LogInit:      CURL_VERSION_IPV6
LogInit:      CURL_VERSION_ASYNCHDNS
LogInit:      CURL_VERSION_LARGEFILE
LogInit:      CURL_VERSION_IDN
LogInit:  CurlRequestOptions (configurable via config and command line):
LogInit:  - bVerifyPeer = true  - Libcurl will verify peer certificate
LogInit:  - bUseHttpProxy = false  - Libcurl will NOT use HTTP proxy
LogInit:  - bDontReuseConnections = false  - Libcurl will reuse connections
LogInit:  - MaxHostConnections = 16  - Libcurl will limit the number of connections to a host
LogInit:  - LocalHostAddr = Default
LogInit:  - BufferSize = 65536
LogOnline: OSS: Creating online subsystem instance for: NULL
LogInit: WinSock: version 1.1 (2.2), MaxSocks=32767, MaxUdp=65467
LogOnline: OSS: TryLoadSubsystemAndSetDefault: Loaded subsystem for module [NULL]
LogOculusPluginWrapper: OculusPlugin initialized successfully
LogHMD: Failed initializing OVRPlugin 1.59.0
LogInit: Build: ++UE4+Release-4.27-CL-18319896
LogInit: Engine Version: 4.27.2-18319896+++UE4+Release-4.27
LogInit: Compatible Engine Version: 4.27.0-17155196+++UE4+Release-4.27
LogInit: Net CL: 17155196
LogInit: OS: Windows 10 (Release 2009) (), CPU: AMD Ryzen 5 2600X Six-Core Processor           , GPU: NVIDIA GeForce RTX 2060
LogInit: Compiled (64-bit): Nov 30 2021 07:12:08
LogInit: Compiled with Visual C++: 19.24.28315.00
LogInit: Build Configuration: Development
LogInit: Branch Name: ++UE4+Release-4.27
LogInit: Command Line: 
LogInit: Base Directory: D:/Programms/Epic Games/UE4/UE_4.27/Engine/Binaries/Win64/
LogInit: Allocator: TBB
LogInit: Installed Engine Build: 1
LogDevObjectVersion: Number of dev versions registered: 29
LogDevObjectVersion:   Dev-Blueprints (B0D832E4-1F89-4F0D-ACCF-7EB736FD4AA2): 10
LogDevObjectVersion:   Dev-Build (E1C64328-A22C-4D53-A36C-8E866417BD8C): 0
LogDevObjectVersion:   Dev-Core (375EC13C-06E4-48FB-B500-84F0262A717E): 4
LogDevObjectVersion:   Dev-Editor (E4B068ED-F494-42E9-A231-DA0B2E46BB41): 40
LogDevObjectVersion:   Dev-Framework (CFFC743F-43B0-4480-9391-14DF171D2073): 37
LogDevObjectVersion:   Dev-Mobile (B02B49B5-BB20-44E9-A304-32B752E40360): 3
LogDevObjectVersion:   Dev-Networking (A4E4105C-59A1-49B5-A7C5-40C4547EDFEE): 0
LogDevObjectVersion:   Dev-Online (39C831C9-5AE6-47DC-9A44-9C173E1C8E7C): 0
LogDevObjectVersion:   Dev-Physics (78F01B33-EBEA-4F98-B9B4-84EACCB95AA2): 14
LogDevObjectVersion:   Dev-Platform (6631380F-2D4D-43E0-8009-CF276956A95A): 0
LogDevObjectVersion:   Dev-Rendering (12F88B9F-8875-4AFC-A67C-D90C383ABD29): 45
LogDevObjectVersion:   Dev-Sequencer (7B5AE74C-D270-4C10-A958-57980B212A5A): 13
LogDevObjectVersion:   Dev-VR (D7296918-1DD6-4BDD-9DE2-64A83CC13884): 3
LogDevObjectVersion:   Dev-LoadTimes (C2A15278-BFE7-4AFE-6C17-90FF531DF755): 1
LogDevObjectVersion:   Private-Geometry (6EACA3D4-40EC-4CC1-B786-8BED09428FC5): 3
LogDevObjectVersion:   Dev-AnimPhys (29E575DD-E0A3-4627-9D10-D276232CDCEA): 17
LogDevObjectVersion:   Dev-Anim (AF43A65D-7FD3-4947-9873-3E8ED9C1BB05): 15
LogDevObjectVersion:   Dev-ReflectionCapture (6B266CEC-1EC7-4B8F-A30B-E4D90942FC07): 1
LogDevObjectVersion:   Dev-Automation (0DF73D61-A23F-47EA-B727-89E90C41499A): 1
LogDevObjectVersion:   FortniteMain (601D1886-AC64-4F84-AA16-D3DE0DEAC7D6): 47
LogDevObjectVersion:   FortniteRelease (E7086368-6B23-4C58-8439-1B7016265E91): 1
LogDevObjectVersion:   Dev-Enterprise (9DFFBCD6-494F-0158-E221-12823C92A888): 10
LogDevObjectVersion:   Dev-Niagara (F2AED0AC-9AFE-416F-8664-AA7FFA26D6FC): 1
LogDevObjectVersion:   Dev-Destruction (174F1F0B-B4C6-45A5-B13F-2EE8D0FB917D): 10
LogDevObjectVersion:   Dev-Physics-Ext (35F94A83-E258-406C-A318-09F59610247C): 41
LogDevObjectVersion:   Dev-PhysicsMaterial-Chaos (B68FC16E-8B1B-42E2-B453-215C058844FE): 1
LogDevObjectVersion:   Dev-CineCamera (B2E18506-4273-CFC2-A54E-F4BB758BBA07): 1
LogDevObjectVersion:   Dev-VirtualProduction (64F58936-FD1B-42BA-BA96-7289D5D0FA4E): 1
LogDevObjectVersion:   Dev-MediaFramework (6F0ED827-A609-4895-9C91-998D90180EA4): 2
LogInit: Presizing for max 25165824 objects, including 0 objects not considered by GC, pre-allocating 0 bytes for permanent pool.
LogConfig: Applying CVar settings from Section [/Script/Engine.StreamingSettings] File [D:/Programms/UE Projects/GroupProjectGit/RPG/Saved/Config/Windows/Engine.ini]
LogConfig: Setting CVar [[s.MinBulkDataSizeForAsyncLoading:131072]]
LogConfig: Setting CVar [[s.AsyncLoadingThreadEnabled:0]]
LogConfig: Setting CVar [[s.EventDrivenLoaderEnabled:1]]
LogConfig: Setting CVar [[s.WarnIfTimeLimitExceeded:0]]
LogConfig: Setting CVar [[s.TimeLimitExceededMultiplier:1.5]]
LogConfig: Setting CVar [[s.TimeLimitExceededMinTime:0.005]]
LogConfig: Setting CVar [[s.UseBackgroundLevelStreaming:1]]
LogConfig: Setting CVar [[s.PriorityAsyncLoadingExtraTime:15.0]]
LogConfig: Setting CVar [[s.LevelStreamingActorsUpdateTimeLimit:5.0]]
LogConfig: Setting CVar [[s.PriorityLevelStreamingActorsUpdateExtraTime:5.0]]
LogConfig: Setting CVar [[s.LevelStreamingComponentsRegistrationGranularity:10]]
LogConfig: Setting CVar [[s.UnregisterComponentsTimeLimit:1.0]]
LogConfig: Setting CVar [[s.LevelStreamingComponentsUnregistrationGranularity:5]]
LogConfig: Setting CVar [[s.FlushStreamingOnExit:1]]
LogInit: Object subsystem initialized
LogConfig: Setting CVar [[con.DebugEarlyDefault:1]]
LogConfig: Setting CVar [[r.setres:1280x720]]
LogConfig: Setting CVar [[fx.NiagaraAllowRuntimeScalabilityChanges:1]]
[2023.12.19-20.36.35:791][  0]LogConfig: Setting CVar [[r.VSync:0]]
[2023.12.19-20.36.35:791][  0]LogConfig: Setting CVar [[r.RHICmdBypass:0]]
[2023.12.19-20.36.35:791][  0]LogConfig: Applying CVar settings from Section [/Script/Engine.RendererSettings] File [D:/Programms/UE Projects/GroupProjectGit/RPG/Saved/Config/Windows/Engine.ini]
[2023.12.19-20.36.35:791][  0]LogConfig: Setting CVar [[r.GPUCrashDebugging:0]]
[2023.12.19-20.36.35:791][  0]LogConfig: Setting CVar [[r.Mobile.DisableVertexFog:1]]
[2023.12.19-20.36.35:791][  0]LogConfig: Setting CVar [[r.Shadow.CSM.MaxMobileCascades:2]]
[2023.12.19-20.36.35:791][  0]LogConfig: Setting CVar [[r.MobileMSAA:1]]
[2023.12.19-20.36.35:791][  0]LogConfig: Setting CVar [[r.Mobile.AllowDitheredLODTransition:0]]
[2023.12.19-20.36.35:791][  0]LogConfig: Setting CVar [[r.Mobile.AllowSoftwareOcclusion:0]]
[2023.12.19-20.36.35:791][  0]LogConfig: Setting CVar [[r.Mobile.VirtualTextures:0]]
[2023.12.19-20.36.35:791][  0]LogConfig: Setting CVar [[r.DiscardUnusedQuality:0]]
[2023.12.19-20.36.35:791][  0]LogConfig: Setting CVar [[r.AllowOcclusionQueries:1]]
[2023.12.19-20.36.35:791][  0]LogConfig: Setting CVar [[r.MinScreenRadiusForLights:0.030000]]
[2023.12.19-20.36.35:791][  0]LogConfig: Setting CVar [[r.MinScreenRadiusForDepthPrepass:0.030000]]
[2023.12.19-20.36.35:791][  0]LogConfig: Setting CVar [[r.MinScreenRadiusForCSMDepth:0.010000]]
[2023.12.19-20.36.35:791][  0]LogConfig: Setting CVar [[r.PrecomputedVisibilityWarning:0]]
[2023.12.19-20.36.35:791][  0]LogConfig: Setting CVar [[r.TextureStreaming:1]]
[2023.12.19-20.36.35:791][  0]LogConfig: Setting CVar [[Compat.UseDXT5NormalMaps:0]]
[2023.12.19-20.36.35:791][  0]LogConfig: Setting CVar [[r.VirtualTextures:0]]
[2023.12.19-20.36.35:791][  0]LogConfig: Setting CVar [[r.VT.EnableAutoImport:1]]
[2023.12.19-20.36.35:791][  0]LogConfig: Setting CVar [[r.VirtualTexturedLightmaps:0]]
[2023.12.19-20.36.35:791][  0]LogConfig: Setting CVar [[r.VT.TileSize:128]]
[2023.12.19-20.36.35:791][  0]LogConfig: Setting CVar [[r.VT.TileBorderSize:4]]
[2023.12.19-20.36.35:791][  0]LogConfig: Setting CVar [[r.vt.FeedbackFactor:16]]
[2023.12.19-20.36.35:791][  0]LogConfig: Setting CVar [[r.VT.EnableCompressZlib:1]]
[2023.12.19-20.36.35:791][  0]LogConfig: Setting CVar [[r.VT.EnableCompressCrunch:0]]
[2023.12.19-20.36.35:791][  0]LogConfig: Setting CVar [[r.ClearCoatNormal:0]]
[2023.12.19-20.36.35:791][  0]LogConfig: Setting CVar [[r.ReflectionCaptureResolution:128]]
[2023.12.19-20.36.35:791][  0]LogConfig: Setting CVar [[r.Mobile.ReflectionCaptureCompression:0]]
[2023.12.19-20.36.35:791][  0]LogConfig: Setting CVar [[r.ReflectionEnvironmentLightmapMixBasedOnRoughness:1]]
[2023.12.19-20.36.35:791][  0]LogConfig: Setting CVar [[r.ForwardShading:0]]
[2023.12.19-20.36.35:791][  0]LogConfig: Setting CVar [[r.VertexFoggingForOpaque:1]]
[2023.12.19-20.36.35:791][  0]LogConfig: Setting CVar [[r.AllowStaticLighting:1]]
[2023.12.19-20.36.35:791][  0]LogConfig: Setting CVar [[r.NormalMapsForStaticLighting:0]]
[2023.12.19-20.36.35:791][  0]LogConfig: Setting CVar [[r.GenerateMeshDistanceFields:0]]
[2023.12.19-20.36.35:791][  0]LogConfig: Setting CVar [[r.DistanceFieldBuild.EightBit:0]]
[2023.12.19-20.36.35:791][  0]LogConfig: Setting CVar [[r.GenerateLandscapeGIData:0]]
[2023.12.19-20.36.35:791][  0]LogConfig: Setting CVar [[r.DistanceFieldBuild.Compress:0]]
[2023.12.19-20.36.35:791][  0]LogConfig: Setting CVar [[r.TessellationAdaptivePixelsPerTriangle:48.000000]]
[2023.12.19-20.36.35:791][  0]LogConfig: Setting CVar [[r.SeparateTranslucency:1]]
[2023.12.19-20.36.35:791][  0]LogConfig: Setting CVar [[r.TranslucentSortPolicy:0]]
[2023.12.19-20.36.35:791][  0]LogConfig: Setting CVar [[vr.VRS.HMDFixedFoveationLevel:0]]
[2023.12.19-20.36.35:791][  0]LogConfig: Setting CVar [[r.CustomDepth:1]]
[2023.12.19-20.36.35:791][  0]LogConfig: Setting CVar [[r.CustomDepthTemporalAAJitter:1]]
[2023.12.19-20.36.35:791][  0]LogConfig: Setting CVar [[r.PostProcessing.PropagateAlpha:0]]
[2023.12.19-20.36.35:791][  0]LogConfig: Setting CVar [[r.DefaultFeature.Bloom:1]]
[2023.12.19-20.36.35:791][  0]LogConfig: Setting CVar [[r.DefaultFeature.AmbientOcclusion:1]]
[2023.12.19-20.36.35:791][  0]LogConfig: Setting CVar [[r.DefaultFeature.AmbientOcclusionStaticFraction:1]]
[2023.12.19-20.36.35:791][  0]LogConfig: Setting CVar [[r.DefaultFeature.AutoExposure:0]]
[2023.12.19-20.36.35:791][  0]LogConfig: Setting CVar [[r.DefaultFeature.AutoExposure.Method:0]]
[2023.12.19-20.36.35:791][  0]LogConfig: Setting CVar [[r.DefaultFeature.AutoExposure.Bias:1.000000]]
[2023.12.19-20.36.35:791][  0]LogConfig: Setting CVar [[r.DefaultFeature.AutoExposure.ExtendDefaultLuminanceRange:0]]
[2023.12.19-20.36.35:791][  0]LogConfig: Setting CVar [[r.UsePreExposure:1]]
[2023.12.19-20.36.35:791][  0]LogConfig: Setting CVar [[r.EyeAdaptation.EditorOnly:0]]
[2023.12.19-20.36.35:791][  0]LogConfig: Setting CVar [[r.DefaultFeature.MotionBlur:0]]
[2023.12.19-20.36.35:791][  0]LogConfig: Setting CVar [[r.DefaultFeature.LensFlare:0]]
[2023.12.19-20.36.35:791][  0]LogConfig: Setting CVar [[r.TemporalAA.Upsampling:0]]
[2023.12.19-20.36.35:791][  0]LogConfig: Setting CVar [[r.SSGI.Enable:0]]
[2023.12.19-20.36.35:792][  0]LogConfig: Setting CVar [[r.DefaultFeature.AntiAliasing:0]]
[2023.12.19-20.36.35:792][  0]LogConfig: Setting CVar [[r.DefaultFeature.LightUnits:1]]
[2023.12.19-20.36.35:792][  0]LogConfig: Setting CVar [[r.DefaultBackBufferPixelFormat:4]]
[2023.12.19-20.36.35:792][  0]LogConfig: Setting CVar [[r.Shadow.UnbuiltPreviewInGame:1]]
[2023.12.19-20.36.35:792][  0]LogConfig: Setting CVar [[r.StencilForLODDither:0]]
[2023.12.19-20.36.35:792][  0]LogConfig: Setting CVar [[r.EarlyZPass:3]]
[2023.12.19-20.36.35:792][  0]LogConfig: Setting CVar [[r.EarlyZPassOnlyMaterialMasking:0]]
[2023.12.19-20.36.35:792][  0]LogConfig: Setting CVar [[r.DBuffer:1]]
[2023.12.19-20.36.35:792][  0]LogConfig: Setting CVar [[r.ClearSceneMethod:1]]
[2023.12.19-20.36.35:792][  0]LogConfig: Setting CVar [[r.BasePassOutputsVelocity:0]]
[2023.12.19-20.36.35:792][  0]LogConfig: Setting CVar [[r.VertexDeformationOutputsVelocity:0]]
[2023.12.19-20.36.35:792][  0]LogConfig: Setting CVar [[r.SelectiveBasePassOutputs:0]]
[2023.12.19-20.36.35:792][  0]LogConfig: Setting CVar [[fx.GPUSimulationTextureSizeX:1024]]
[2023.12.19-20.36.35:792][  0]LogConfig: Setting CVar [[fx.GPUSimulationTextureSizeY:1024]]
[2023.12.19-20.36.35:792][  0]LogConfig: Setting CVar [[r.AllowGlobalClipPlane:0]]
[2023.12.19-20.36.35:792][  0]LogConfig: Setting CVar [[r.GBufferFormat:1]]
[2023.12.19-20.36.35:792][  0]LogConfig: Setting CVar [[r.MorphTarget.Mode:1]]
[2023.12.19-20.36.35:792][  0]LogConfig: Setting CVar [[vr.InstancedStereo:0]]
[2023.12.19-20.36.35:792][  0]LogConfig: Setting CVar [[r.MobileHDR:1]]
[2023.12.19-20.36.35:792][  0]LogConfig: Setting CVar [[vr.MobileMultiView:0]]
[2023.12.19-20.36.35:792][  0]LogConfig: Setting CVar [[r.Mobile.UseHWsRGBEncoding:0]]
[2023.12.19-20.36.35:792][  0]LogConfig: Setting CVar [[vr.RoundRobinOcclusion:0]]
[2023.12.19-20.36.35:792][  0]LogConfig: Setting CVar [[vr.ODSCapture:0]]
[2023.12.19-20.36.35:792][  0]LogConfig: Setting CVar [[r.MeshStreaming:0]]
[2023.12.19-20.36.35:792][  0]LogConfig: Setting CVar [[r.WireframeCullThreshold:5.000000]]
[2023.12.19-20.36.35:792][  0]LogConfig: Setting CVar [[r.RayTracing:0]]
[2023.12.19-20.36.35:792][  0]LogConfig: Setting CVar [[r.RayTracing.UseTextureLod:0]]
[2023.12.19-20.36.35:792][  0]LogConfig: Setting CVar [[r.SupportStationarySkylight:1]]
[2023.12.19-20.36.35:792][  0]LogConfig: Setting CVar [[r.SupportLowQualityLightmaps:1]]
[2023.12.19-20.36.35:792][  0]LogConfig: Setting CVar [[r.SupportPointLightWholeSceneShadows:1]]
[2023.12.19-20.36.35:792][  0]LogConfig: Setting CVar [[r.SupportAtmosphericFog:1]]
[2023.12.19-20.36.35:792][  0]LogConfig: Setting CVar [[r.SupportSkyAtmosphere:1]]
[2023.12.19-20.36.35:792][  0]LogConfig: Setting CVar [[r.SupportSkyAtmosphereAffectsHeightFog:0]]
[2023.12.19-20.36.35:792][  0]LogConfig: Setting CVar [[r.SkinCache.CompileShaders:0]]
[2023.12.19-20.36.35:792][  0]LogConfig: Setting CVar [[r.SkinCache.DefaultBehavior:1]]
[2023.12.19-20.36.35:792][  0]LogConfig: Setting CVar [[r.SkinCache.SceneMemoryLimitInMB:128.000000]]
[2023.12.19-20.36.35:792][  0]LogConfig: Setting CVar [[r.Mobile.EnableStaticAndCSMShadowReceivers:1]]
[2023.12.19-20.36.35:792][  0]LogConfig: Setting CVar [[r.Mobile.EnableMovableLightCSMShaderCulling:1]]
[2023.12.19-20.36.35:792][  0]LogConfig: Setting CVar [[r.Mobile.AllowDistanceFieldShadows:1]]
[2023.12.19-20.36.35:792][  0]LogConfig: Setting CVar [[r.Mobile.AllowMovableDirectionalLights:1]]
[2023.12.19-20.36.35:792][  0]LogConfig: Setting CVar [[r.MobileNumDynamicPointLights:4]]
[2023.12.19-20.36.35:792][  0]LogConfig: Setting CVar [[r.MobileDynamicPointLightsUseStaticBranch:1]]
[2023.12.19-20.36.35:792][  0]LogConfig: Setting CVar [[r.Mobile.EnableMovableSpotlights:0]]
[2023.12.19-20.36.35:792][  0]LogConfig: Setting CVar [[r.Mobile.EnableMovableSpotlightsShadow:0]]
[2023.12.19-20.36.35:792][  0]LogConfig: Setting CVar [[r.GPUSkin.Support16BitBoneIndex:0]]
[2023.12.19-20.36.35:792][  0]LogConfig: Setting CVar [[r.GPUSkin.Limit2BoneInfluences:0]]
[2023.12.19-20.36.35:792][  0]LogConfig: Setting CVar [[r.SupportDepthOnlyIndexBuffers:1]]
[2023.12.19-20.36.35:792][  0]LogConfig: Setting CVar [[r.SupportReversedIndexBuffers:1]]
[2023.12.19-20.36.35:792][  0]LogConfig: Setting CVar [[r.LightPropagationVolume:0]]
[2023.12.19-20.36.35:792][  0]LogConfig: Setting CVar [[r.Mobile.AmbientOcclusion:0]]
[2023.12.19-20.36.35:792][  0]LogConfig: Setting CVar [[r.GPUSkin.UnlimitedBoneInfluences:0]]
[2023.12.19-20.36.35:792][  0]LogConfig: Setting CVar [[r.GPUSkin.UnlimitedBoneInfluencesThreshold:8]]
[2023.12.19-20.36.35:792][  0]LogConfig: Setting CVar [[r.Mobile.PlanarReflectionMode:0]]
[2023.12.19-20.36.35:792][  0]LogConfig: Setting CVar [[r.Mobile.SupportsGen4TAA:0]]
[2023.12.19-20.36.35:792][  0]LogConfig: Applying CVar settings from Section [/Script/Engine.RendererOverrideSettings] File [D:/Programms/UE Projects/GroupProjectGit/RPG/Saved/Config/Windows/Engine.ini]
[2023.12.19-20.36.35:792][  0]LogConfig: Applying CVar settings from Section [/Script/Engine.StreamingSettings] File [D:/Programms/UE Projects/GroupProjectGit/RPG/Saved/Config/Windows/Engine.ini]
[2023.12.19-20.36.35:792][  0]LogConfig: Setting CVar [[s.MinBulkDataSizeForAsyncLoading:131072]]
[2023.12.19-20.36.35:792][  0]LogConfig: Setting CVar [[s.AsyncLoadingThreadEnabled:0]]
[2023.12.19-20.36.35:792][  0]LogConfig: Setting CVar [[s.EventDrivenLoaderEnabled:1]]
[2023.12.19-20.36.35:792][  0]LogConfig: Setting CVar [[s.WarnIfTimeLimitExceeded:0]]
[2023.12.19-20.36.35:792][  0]LogConfig: Setting CVar [[s.TimeLimitExceededMultiplier:1.5]]
[2023.12.19-20.36.35:792][  0]LogConfig: Setting CVar [[s.TimeLimitExceededMinTime:0.005]]
[2023.12.19-20.36.35:792][  0]LogConfig: Setting CVar [[s.UseBackgroundLevelStreaming:1]]
[2023.12.19-20.36.35:792][  0]LogConfig: Setting CVar [[s.PriorityAsyncLoadingExtraTime:15.0]]
[2023.12.19-20.36.35:792][  0]LogConfig: Setting CVar [[s.LevelStreamingActorsUpdateTimeLimit:5.0]]
[2023.12.19-20.36.35:792][  0]LogConfig: Setting CVar [[s.PriorityLevelStreamingActorsUpdateExtraTime:5.0]]
[2023.12.19-20.36.35:792][  0]LogConfig: Setting CVar [[s.LevelStreamingComponentsRegistrationGranularity:10]]
[2023.12.19-20.36.35:792][  0]LogConfig: Setting CVar [[s.UnregisterComponentsTimeLimit:1.0]]
[2023.12.19-20.36.35:792][  0]LogConfig: Setting CVar [[s.LevelStreamingComponentsUnregistrationGranularity:5]]
[2023.12.19-20.36.35:792][  0]LogConfig: Setting CVar [[s.FlushStreamingOnExit:1]]
[2023.12.19-20.36.35:792][  0]LogConfig: Applying CVar settings from Section [/Script/Engine.GarbageCollectionSettings] File [D:/Programms/UE Projects/GroupProjectGit/RPG/Saved/Config/Windows/Engine.ini]
[2023.12.19-20.36.35:792][  0]LogConfig: Setting CVar [[gc.MaxObjectsNotConsideredByGC:1]]
[2023.12.19-20.36.35:792][  0]LogConfig: Setting CVar [[gc.SizeOfPermanentObjectPool:0]]
[2023.12.19-20.36.35:792][  0]LogConfig: Setting CVar [[gc.FlushStreamingOnGC:0]]
[2023.12.19-20.36.35:792][  0]LogConfig: Setting CVar [[gc.NumRetriesBeforeForcingGC:10]]
[2023.12.19-20.36.35:792][  0]LogConfig: Setting CVar [[gc.AllowParallelGC:1]]
[2023.12.19-20.36.35:792][  0]LogConfig: Setting CVar [[gc.TimeBetweenPurgingPendingKillObjects:61.1]]
[2023.12.19-20.36.35:792][  0]LogConfig: Setting CVar [[gc.MaxObjectsInEditor:25165824]]
[2023.12.19-20.36.35:793][  0]LogConfig: Setting CVar [[gc.IncrementalBeginDestroyEnabled:1]]
[2023.12.19-20.36.35:793][  0]LogConfig: Setting CVar [[gc.CreateGCClusters:1]]
[2023.12.19-20.36.35:793][  0]LogConfig: Setting CVar [[gc.MinGCClusterSize:5]]
[2023.12.19-20.36.35:793][  0]LogConfig: Setting CVar [[gc.ActorClusteringEnabled:0]]
[2023.12.19-20.36.35:793][  0]LogConfig: Setting CVar [[gc.BlueprintClusteringEnabled:0]]
[2023.12.19-20.36.35:793][  0]LogConfig: Setting CVar [[gc.UseDisregardForGCOnDedicatedServers:0]]
[2023.12.19-20.36.35:793][  0]LogConfig: Setting CVar [[gc.MultithreadedDestructionEnabled:1]]
[2023.12.19-20.36.35:793][  0]LogConfig: Applying CVar settings from Section [/Script/Engine.NetworkSettings] File [D:/Programms/UE Projects/GroupProjectGit/RPG/Saved/Config/Windows/Engine.ini]
[2023.12.19-20.36.35:793][  0]LogConfig: Applying CVar settings from Section [/Script/UnrealEd.CookerSettings] File [D:/Programms/UE Projects/GroupProjectGit/RPG/Saved/Config/Windows/Engine.ini]
[2023.12.19-20.36.35:799][  0]LogConfig: Applying CVar settings from Section [ViewDistanceQuality@3] File [D:/Programms/UE Projects/GroupProjectGit/RPG/Saved/Config/Windows/Scalability.ini]
[2023.12.19-20.36.35:799][  0]LogConfig: Setting CVar [[r.SkeletalMeshLODBias:0]]
[2023.12.19-20.36.35:799][  0]LogConfig: Setting CVar [[r.ViewDistanceScale:1.0]]
[2023.12.19-20.36.35:799][  0]LogConfig: Applying CVar settings from Section [AntiAliasingQuality@3] File [D:/Programms/UE Projects/GroupProjectGit/RPG/Saved/Config/Windows/Scalability.ini]
[2023.12.19-20.36.35:799][  0]LogConfig: Setting CVar [[r.PostProcessAAQuality:4]]
[2023.12.19-20.36.35:799][  0]LogConfig: Applying CVar settings from Section [ShadowQuality@3] File [D:/Programms/UE Projects/GroupProjectGit/RPG/Saved/Config/Windows/Scalability.ini]
[2023.12.19-20.36.35:799][  0]LogConfig: Setting CVar [[r.LightFunctionQuality:1]]
[2023.12.19-20.36.35:799][  0]LogConfig: Setting CVar [[r.ShadowQuality:5]]
[2023.12.19-20.36.35:799][  0]LogConfig: Setting CVar [[r.Shadow.CSM.MaxCascades:10]]
[2023.12.19-20.36.35:799][  0]LogConfig: Setting CVar [[r.Shadow.MaxResolution:2048]]
[2023.12.19-20.36.35:799][  0]LogConfig: Setting CVar [[r.Shadow.MaxCSMResolution:2048]]
[2023.12.19-20.36.35:799][  0]LogConfig: Setting CVar [[r.Shadow.RadiusThreshold:0.01]]
[2023.12.19-20.36.35:799][  0]LogConfig: Setting CVar [[r.Shadow.DistanceScale:1.0]]
[2023.12.19-20.36.35:799][  0]LogConfig: Setting CVar [[r.Shadow.CSM.TransitionScale:1.0]]
[2023.12.19-20.36.35:799][  0]LogConfig: Setting CVar [[r.Shadow.PreShadowResolutionFactor:1.0]]
[2023.12.19-20.36.35:799][  0]LogConfig: Setting CVar [[r.DistanceFieldShadowing:1]]
[2023.12.19-20.36.35:799][  0]LogConfig: Setting CVar [[r.DistanceFieldAO:1]]
[2023.12.19-20.36.35:799][  0]LogConfig: Setting CVar [[r.AOQuality:2]]
[2023.12.19-20.36.35:799][  0]LogConfig: Setting CVar [[r.VolumetricFog:1]]
[2023.12.19-20.36.35:799][  0]LogConfig: Setting CVar [[r.VolumetricFog.GridPixelSize:8]]
[2023.12.19-20.36.35:799][  0]LogConfig: Setting CVar [[r.VolumetricFog.GridSizeZ:128]]
[2023.12.19-20.36.35:799][  0]LogConfig: Setting CVar [[r.VolumetricFog.HistoryMissSupersampleCount:4]]
[2023.12.19-20.36.35:799][  0]LogConfig: Setting CVar [[r.LightMaxDrawDistanceScale:1]]
[2023.12.19-20.36.35:799][  0]LogConfig: Setting CVar [[r.CapsuleShadows:1]]
[2023.12.19-20.36.35:799][  0]LogConfig: Applying CVar settings from Section [PostProcessQuality@3] File [D:/Programms/UE Projects/GroupProjectGit/RPG/Saved/Config/Windows/Scalability.ini]
[2023.12.19-20.36.35:799][  0]LogConfig: Setting CVar [[r.MotionBlurQuality:4]]
[2023.12.19-20.36.35:799][  0]LogConfig: Setting CVar [[r.AmbientOcclusionMipLevelFactor:0.4]]
[2023.12.19-20.36.35:799][  0]LogConfig: Setting CVar [[r.AmbientOcclusionMaxQuality:100]]
[2023.12.19-20.36.35:799][  0]LogConfig: Setting CVar [[r.AmbientOcclusionLevels:-1]]
[2023.12.19-20.36.35:799][  0]LogConfig: Setting CVar [[r.AmbientOcclusionRadiusScale:1.0]]
[2023.12.19-20.36.35:799][  0]LogConfig: Setting CVar [[r.DepthOfFieldQuality:2]]
[2023.12.19-20.36.35:799][  0]LogConfig: Setting CVar [[r.RenderTargetPoolMin:400]]
[2023.12.19-20.36.35:799][  0]LogConfig: Setting CVar [[r.LensFlareQuality:2]]
[2023.12.19-20.36.35:799][  0]LogConfig: Setting CVar [[r.SceneColorFringeQuality:1]]
[2023.12.19-20.36.35:799][  0]LogConfig: Setting CVar [[r.EyeAdaptationQuality:2]]
[2023.12.19-20.36.35:799][  0]LogConfig: Setting CVar [[r.BloomQuality:5]]
[2023.12.19-20.36.35:799][  0]LogConfig: Setting CVar [[r.FastBlurThreshold:100]]
[2023.12.19-20.36.35:799][  0]LogConfig: Setting CVar [[r.Upscale.Quality:3]]
[2023.12.19-20.36.35:799][  0]LogConfig: Setting CVar [[r.Tonemapper.GrainQuantization:1]]
[2023.12.19-20.36.35:799][  0]LogConfig: Setting CVar [[r.LightShaftQuality:1]]
[2023.12.19-20.36.35:799][  0]LogConfig: Setting CVar [[r.Filter.SizeScale:1]]
[2023.12.19-20.36.35:799][  0]LogConfig: Setting CVar [[r.Tonemapper.Quality:5]]
[2023.12.19-20.36.35:799][  0]LogConfig: Setting CVar [[r.DOF.Gather.AccumulatorQuality:1        ; higher gathering accumulator quality]]
[2023.12.19-20.36.35:799][  0]LogConfig: Setting CVar [[r.DOF.Gather.PostfilterMethod:1          ; Median3x3 postfilering method]]
[2023.12.19-20.36.35:799][  0]LogConfig: Setting CVar [[r.DOF.Gather.EnableBokehSettings:0       ; no bokeh simulation when gathering]]
[2023.12.19-20.36.35:799][  0]LogConfig: Setting CVar [[r.DOF.Gather.RingCount:4                 ; medium number of samples when gathering]]
[2023.12.19-20.36.35:799][  0]LogConfig: Setting CVar [[r.DOF.Scatter.ForegroundCompositing:1    ; additive foreground scattering]]
[2023.12.19-20.36.35:799][  0]LogConfig: Setting CVar [[r.DOF.Scatter.BackgroundCompositing:2    ; additive background scattering]]
[2023.12.19-20.36.35:799][  0]LogConfig: Setting CVar [[r.DOF.Scatter.EnableBokehSettings:1      ; bokeh simulation when scattering]]
[2023.12.19-20.36.35:800][  0]LogConfig: Setting CVar [[r.DOF.Scatter.MaxSpriteRatio:0.1         ; only a maximum of 10% of scattered bokeh]]
[2023.12.19-20.36.35:800][  0]LogConfig: Setting CVar [[r.DOF.Recombine.Quality:1                ; cheap slight out of focus]]
[2023.12.19-20.36.35:800][  0]LogConfig: Setting CVar [[r.DOF.Recombine.EnableBokehSettings:0    ; no bokeh simulation on slight out of focus]]
[2023.12.19-20.36.35:800][  0]LogConfig: Setting CVar [[r.DOF.TemporalAAQuality:1                ; more stable temporal accumulation]]
[2023.12.19-20.36.35:800][  0]LogConfig: Setting CVar [[r.DOF.Kernel.MaxForegroundRadius:0.025]]
[2023.12.19-20.36.35:800][  0]LogConfig: Setting CVar [[r.DOF.Kernel.MaxBackgroundRadius:0.025]]
[2023.12.19-20.36.35:800][  0]LogConfig: Applying CVar settings from Section [TextureQuality@3] File [D:/Programms/UE Projects/GroupProjectGit/RPG/Saved/Config/Windows/Scalability.ini]
[2023.12.19-20.36.35:800][  0]LogConfig: Setting CVar [[r.Streaming.MipBias:0]]
[2023.12.19-20.36.35:800][  0]LogConfig: Setting CVar [[r.Streaming.AmortizeCPUToGPUCopy:0]]
[2023.12.19-20.36.35:800][  0]LogConfig: Setting CVar [[r.Streaming.MaxNumTexturesToStreamPerFrame:0]]
[2023.12.19-20.36.35:800][  0]LogConfig: Setting CVar [[r.Streaming.Boost:1]]
[2023.12.19-20.36.35:800][  0]LogConfig: Setting CVar [[r.MaxAnisotropy:8]]
[2023.12.19-20.36.35:800][  0]LogConfig: Setting CVar [[r.VT.MaxAnisotropy:8]]
[2023.12.19-20.36.35:800][  0]LogConfig: Setting CVar [[r.Streaming.LimitPoolSizeToVRAM:0]]
[2023.12.19-20.36.35:800][  0]LogConfig: Setting CVar [[r.Streaming.PoolSize:1000]]
[2023.12.19-20.36.35:800][  0]LogConfig: Setting CVar [[r.Streaming.MaxEffectiveScreenSize:0]]
[2023.12.19-20.36.35:800][  0]LogConfig: Applying CVar settings from Section [EffectsQuality@3] File [D:/Programms/UE Projects/GroupProjectGit/RPG/Saved/Config/Windows/Scalability.ini]
[2023.12.19-20.36.35:800][  0]LogConfig: Setting CVar [[r.TranslucencyLightingVolumeDim:64]]
[2023.12.19-20.36.35:800][  0]LogConfig: Setting CVar [[r.RefractionQuality:2]]
[2023.12.19-20.36.35:800][  0]LogConfig: Setting CVar [[r.SSR.Quality:3]]
[2023.12.19-20.36.35:800][  0]LogConfig: Setting CVar [[r.SSR.HalfResSceneColor:0]]
[2023.12.19-20.36.35:800][  0]LogConfig: Setting CVar [[r.SceneColorFormat:4]]
[2023.12.19-20.36.35:800][  0]LogConfig: Setting CVar [[r.DetailMode:2]]
[2023.12.19-20.36.35:800][  0]LogConfig: Setting CVar [[r.TranslucencyVolumeBlur:1]]
[2023.12.19-20.36.35:800][  0]LogConfig: Setting CVar [[r.MaterialQualityLevel:1 ; High quality]]
[2023.12.19-20.36.35:800][  0]LogConfig: Setting CVar [[r.AnisotropicMaterials:1]]
[2023.12.19-20.36.35:800][  0]LogConfig: Setting CVar [[r.SSS.Scale:1]]
[2023.12.19-20.36.35:800][  0]LogConfig: Setting CVar [[r.SSS.SampleSet:2]]
[2023.12.19-20.36.35:800][  0]LogConfig: Setting CVar [[r.SSS.Quality:1]]
[2023.12.19-20.36.35:800][  0]LogConfig: Setting CVar [[r.SSS.HalfRes:0]]
[2023.12.19-20.36.35:800][  0]LogConfig: Setting CVar [[r.SSGI.Quality:3]]
[2023.12.19-20.36.35:800][  0]LogConfig: Setting CVar [[r.EmitterSpawnRateScale:1.0]]
[2023.12.19-20.36.35:800][  0]LogConfig: Setting CVar [[r.ParticleLightQuality:2]]
[2023.12.19-20.36.35:800][  0]LogConfig: Setting CVar [[r.SkyAtmosphere.AerialPerspectiveLUT.FastApplyOnOpaque:1 ; Always have FastSkyLUT 1 in this case to avoid wrong sky]]
[2023.12.19-20.36.35:800][  0]LogConfig: Setting CVar [[r.SkyAtmosphere.AerialPerspectiveLUT.SampleCountMaxPerSlice:4]]
[2023.12.19-20.36.35:800][  0]LogConfig: Setting CVar [[r.SkyAtmosphere.AerialPerspectiveLUT.DepthResolution:16.0]]
[2023.12.19-20.36.35:800][  0]LogConfig: Setting CVar [[r.SkyAtmosphere.FastSkyLUT:1]]
[2023.12.19-20.36.35:800][  0]LogConfig: Setting CVar [[r.SkyAtmosphere.FastSkyLUT.SampleCountMin:4.0]]
[2023.12.19-20.36.35:800][  0]LogConfig: Setting CVar [[r.SkyAtmosphere.FastSkyLUT.SampleCountMax:128.0]]
[2023.12.19-20.36.35:800][  0]LogConfig: Setting CVar [[r.SkyAtmosphere.SampleCountMin:4.0]]
[2023.12.19-20.36.35:800][  0]LogConfig: Setting CVar [[r.SkyAtmosphere.SampleCountMax:128.0]]
[2023.12.19-20.36.35:800][  0]LogConfig: Setting CVar [[r.SkyAtmosphere.TransmittanceLUT.UseSmallFormat:0]]
[2023.12.19-20.36.35:800][  0]LogConfig: Setting CVar [[r.SkyAtmosphere.TransmittanceLUT.SampleCount:10.0]]
[2023.12.19-20.36.35:800][  0]LogConfig: Setting CVar [[r.SkyAtmosphere.MultiScatteringLUT.SampleCount:15.0]]
[2023.12.19-20.36.35:800][  0]LogConfig: Setting CVar [[r.SkyLight.RealTimeReflectionCapture:1]]
[2023.12.19-20.36.35:800][  0]LogConfig: Setting CVar [[fx.Niagara.QualityLevel:3]]
[2023.12.19-20.36.35:800][  0]LogConfig: Applying CVar settings from Section [FoliageQuality@3] File [D:/Programms/UE Projects/GroupProjectGit/RPG/Saved/Config/Windows/Scalability.ini]
[2023.12.19-20.36.35:800][  0]LogConfig: Setting CVar [[foliage.DensityScale:1.0]]
[2023.12.19-20.36.35:800][  0]LogConfig: Setting CVar [[grass.DensityScale:1.0]]
[2023.12.19-20.36.35:800][  0]LogConfig: Applying CVar settings from Section [ShadingQuality@3] File [D:/Programms/UE Projects/GroupProjectGit/RPG/Saved/Config/Windows/Scalability.ini]
[2023.12.19-20.36.35:800][  0]LogConfig: Setting CVar [[r.HairStrands.SkyLighting.IntegrationType:2]]
[2023.12.19-20.36.35:800][  0]LogConfig: Setting CVar [[r.HairStrands.SkyAO.SampleCount:4]]
[2023.12.19-20.36.35:800][  0]LogConfig: Setting CVar [[r.HairStrands.Visibility.MSAA.SamplePerPixel:4]]
[2023.12.19-20.36.35:800][  0]LogInit: Selected Device Profile: [Windows]
[2023.12.19-20.36.35:800][  0]LogInit: Applying CVar settings loaded from the selected device profile: [Windows]
[2023.12.19-20.36.35:800][  0]LogHAL: Display: Platform has ~ 16 GB [17126084608 / 17179869184 / 16], which maps to Larger [LargestMinGB=32, LargerMinGB=12, DefaultMinGB=8, SmallerMinGB=6, SmallestMinGB=0)
[2023.12.19-20.36.35:800][  0]LogInit: Going up to parent DeviceProfile []
[2023.12.19-20.36.35:800][  0]LogConfig: Applying CVar settings from Section [ViewDistanceQuality@3] File [D:/Programms/UE Projects/GroupProjectGit/RPG/Saved/Config/Windows/Scalability.ini]
[2023.12.19-20.36.35:800][  0]LogConfig: Setting CVar [[r.SkeletalMeshLODBias:0]]
[2023.12.19-20.36.35:800][  0]LogConfig: Setting CVar [[r.ViewDistanceScale:1.0]]
[2023.12.19-20.36.35:800][  0]LogConfig: Applying CVar settings from Section [AntiAliasingQuality@3] File [D:/Programms/UE Projects/GroupProjectGit/RPG/Saved/Config/Windows/Scalability.ini]
[2023.12.19-20.36.35:800][  0]LogConfig: Setting CVar [[r.PostProcessAAQuality:4]]
[2023.12.19-20.36.35:800][  0]LogConfig: Applying CVar settings from Section [ShadowQuality@3] File [D:/Programms/UE Projects/GroupProjectGit/RPG/Saved/Config/Windows/Scalability.ini]
[2023.12.19-20.36.35:800][  0]LogConfig: Setting CVar [[r.LightFunctionQuality:1]]
[2023.12.19-20.36.35:800][  0]LogConfig: Setting CVar [[r.ShadowQuality:5]]
[2023.12.19-20.36.35:800][  0]LogConfig: Setting CVar [[r.Shadow.CSM.MaxCascades:10]]
[2023.12.19-20.36.35:800][  0]LogConfig: Setting CVar [[r.Shadow.MaxResolution:2048]]
[2023.12.19-20.36.35:800][  0]LogConfig: Setting CVar [[r.Shadow.MaxCSMResolution:2048]]
[2023.12.19-20.36.35:800][  0]LogConfig: Setting CVar [[r.Shadow.RadiusThreshold:0.01]]
[2023.12.19-20.36.35:800][  0]LogConfig: Setting CVar [[r.Shadow.DistanceScale:1.0]]
[2023.12.19-20.36.35:800][  0]LogConfig: Setting CVar [[r.Shadow.CSM.TransitionScale:1.0]]
[2023.12.19-20.36.35:800][  0]LogConfig: Setting CVar [[r.Shadow.PreShadowResolutionFactor:1.0]]
[2023.12.19-20.36.35:800][  0]LogConfig: Setting CVar [[r.DistanceFieldShadowing:1]]
[2023.12.19-20.36.35:800][  0]LogConfig: Setting CVar [[r.DistanceFieldAO:1]]
[2023.12.19-20.36.35:801][  0]LogConfig: Setting CVar [[r.AOQuality:2]]
[2023.12.19-20.36.35:801][  0]LogConfig: Setting CVar [[r.VolumetricFog:1]]
[2023.12.19-20.36.35:801][  0]LogConfig: Setting CVar [[r.VolumetricFog.GridPixelSize:8]]
[2023.12.19-20.36.35:801][  0]LogConfig: Setting CVar [[r.VolumetricFog.GridSizeZ:128]]
[2023.12.19-20.36.35:801][  0]LogConfig: Setting CVar [[r.VolumetricFog.HistoryMissSupersampleCount:4]]
[2023.12.19-20.36.35:801][  0]LogConfig: Setting CVar [[r.LightMaxDrawDistanceScale:1]]
[2023.12.19-20.36.35:801][  0]LogConfig: Setting CVar [[r.CapsuleShadows:1]]
[2023.12.19-20.36.35:801][  0]LogConfig: Applying CVar settings from Section [PostProcessQuality@3] File [D:/Programms/UE Projects/GroupProjectGit/RPG/Saved/Config/Windows/Scalability.ini]
[2023.12.19-20.36.35:801][  0]LogConfig: Setting CVar [[r.MotionBlurQuality:4]]
[2023.12.19-20.36.35:801][  0]LogConfig: Setting CVar [[r.AmbientOcclusionMipLevelFactor:0.4]]
[2023.12.19-20.36.35:801][  0]LogConfig: Setting CVar [[r.AmbientOcclusionMaxQuality:100]]
[2023.12.19-20.36.35:801][  0]LogConfig: Setting CVar [[r.AmbientOcclusionLevels:-1]]
[2023.12.19-20.36.35:801][  0]LogConfig: Setting CVar [[r.AmbientOcclusionRadiusScale:1.0]]
[2023.12.19-20.36.35:801][  0]LogConfig: Setting CVar [[r.DepthOfFieldQuality:2]]
[2023.12.19-20.36.35:801][  0]LogConfig: Setting CVar [[r.RenderTargetPoolMin:400]]
[2023.12.19-20.36.35:801][  0]LogConfig: Setting CVar [[r.LensFlareQuality:2]]
[2023.12.19-20.36.35:801][  0]LogConfig: Setting CVar [[r.SceneColorFringeQuality:1]]
[2023.12.19-20.36.35:801][  0]LogConfig: Setting CVar [[r.EyeAdaptationQuality:2]]
[2023.12.19-20.36.35:801][  0]LogConfig: Setting CVar [[r.BloomQuality:5]]
[2023.12.19-20.36.35:801][  0]LogConfig: Setting CVar [[r.FastBlurThreshold:100]]
[2023.12.19-20.36.35:801][  0]LogConfig: Setting CVar [[r.Upscale.Quality:3]]
[2023.12.19-20.36.35:801][  0]LogConfig: Setting CVar [[r.Tonemapper.GrainQuantization:1]]
[2023.12.19-20.36.35:801][  0]LogConfig: Setting CVar [[r.LightShaftQuality:1]]
[2023.12.19-20.36.35:801][  0]LogConfig: Setting CVar [[r.Filter.SizeScale:1]]
[2023.12.19-20.36.35:801][  0]LogConfig: Setting CVar [[r.Tonemapper.Quality:5]]
[2023.12.19-20.36.35:801][  0]LogConfig: Setting CVar [[r.DOF.Gather.AccumulatorQuality:1        ; higher gathering accumulator quality]]
[2023.12.19-20.36.35:801][  0]LogConfig: Setting CVar [[r.DOF.Gather.PostfilterMethod:1          ; Median3x3 postfilering method]]
[2023.12.19-20.36.35:801][  0]LogConfig: Setting CVar [[r.DOF.Gather.EnableBokehSettings:0       ; no bokeh simulation when gathering]]
[2023.12.19-20.36.35:801][  0]LogConfig: Setting CVar [[r.DOF.Gather.RingCount:4                 ; medium number of samples when gathering]]
[2023.12.19-20.36.35:801][  0]LogConfig: Setting CVar [[r.DOF.Scatter.ForegroundCompositing:1    ; additive foreground scattering]]
[2023.12.19-20.36.35:801][  0]LogConfig: Setting CVar [[r.DOF.Scatter.BackgroundCompositing:2    ; additive background scattering]]
[2023.12.19-20.36.35:801][  0]LogConfig: Setting CVar [[r.DOF.Scatter.EnableBokehSettings:1      ; bokeh simulation when scattering]]
[2023.12.19-20.36.35:801][  0]LogConfig: Setting CVar [[r.DOF.Scatter.MaxSpriteRatio:0.1         ; only a maximum of 10% of scattered bokeh]]
[2023.12.19-20.36.35:801][  0]LogConfig: Setting CVar [[r.DOF.Recombine.Quality:1                ; cheap slight out of focus]]
[2023.12.19-20.36.35:801][  0]LogConfig: Setting CVar [[r.DOF.Recombine.EnableBokehSettings:0    ; no bokeh simulation on slight out of focus]]
[2023.12.19-20.36.35:801][  0]LogConfig: Setting CVar [[r.DOF.TemporalAAQuality:1                ; more stable temporal accumulation]]
[2023.12.19-20.36.35:801][  0]LogConfig: Setting CVar [[r.DOF.Kernel.MaxForegroundRadius:0.025]]
[2023.12.19-20.36.35:801][  0]LogConfig: Setting CVar [[r.DOF.Kernel.MaxBackgroundRadius:0.025]]
[2023.12.19-20.36.35:801][  0]LogConfig: Applying CVar settings from Section [TextureQuality@3] File [D:/Programms/UE Projects/GroupProjectGit/RPG/Saved/Config/Windows/Scalability.ini]
[2023.12.19-20.36.35:801][  0]LogConfig: Setting CVar [[r.Streaming.MipBias:0]]
[2023.12.19-20.36.35:801][  0]LogConfig: Setting CVar [[r.Streaming.AmortizeCPUToGPUCopy:0]]
[2023.12.19-20.36.35:801][  0]LogConfig: Setting CVar [[r.Streaming.MaxNumTexturesToStreamPerFrame:0]]
[2023.12.19-20.36.35:801][  0]LogConfig: Setting CVar [[r.Streaming.Boost:1]]
[2023.12.19-20.36.35:801][  0]LogConfig: Setting CVar [[r.MaxAnisotropy:8]]
[2023.12.19-20.36.35:801][  0]LogConfig: Setting CVar [[r.VT.MaxAnisotropy:8]]
[2023.12.19-20.36.35:801][  0]LogConfig: Setting CVar [[r.Streaming.LimitPoolSizeToVRAM:0]]
[2023.12.19-20.36.35:801][  0]LogConfig: Setting CVar [[r.Streaming.PoolSize:1000]]
[2023.12.19-20.36.35:801][  0]LogConfig: Setting CVar [[r.Streaming.MaxEffectiveScreenSize:0]]
[2023.12.19-20.36.35:801][  0]LogConfig: Applying CVar settings from Section [EffectsQuality@3] File [D:/Programms/UE Projects/GroupProjectGit/RPG/Saved/Config/Windows/Scalability.ini]
[2023.12.19-20.36.35:801][  0]LogConfig: Setting CVar [[r.TranslucencyLightingVolumeDim:64]]
[2023.12.19-20.36.35:801][  0]LogConfig: Setting CVar [[r.RefractionQuality:2]]
[2023.12.19-20.36.35:801][  0]LogConfig: Setting CVar [[r.SSR.Quality:3]]
[2023.12.19-20.36.35:801][  0]LogConfig: Setting CVar [[r.SSR.HalfResSceneColor:0]]
[2023.12.19-20.36.35:801][  0]LogConfig: Setting CVar [[r.SceneColorFormat:4]]
[2023.12.19-20.36.35:801][  0]LogConfig: Setting CVar [[r.DetailMode:2]]
[2023.12.19-20.36.35:801][  0]LogConfig: Setting CVar [[r.TranslucencyVolumeBlur:1]]
[2023.12.19-20.36.35:801][  0]LogConfig: Setting CVar [[r.MaterialQualityLevel:1 ; High quality]]
[2023.12.19-20.36.35:801][  0]LogConfig: Setting CVar [[r.AnisotropicMaterials:1]]
[2023.12.19-20.36.35:801][  0]LogConfig: Setting CVar [[r.SSS.Scale:1]]
[2023.12.19-20.36.35:801][  0]LogConfig: Setting CVar [[r.SSS.SampleSet:2]]
[2023.12.19-20.36.35:801][  0]LogConfig: Setting CVar [[r.SSS.Quality:1]]
[2023.12.19-20.36.35:801][  0]LogConfig: Setting CVar [[r.SSS.HalfRes:0]]
[2023.12.19-20.36.35:801][  0]LogConfig: Setting CVar [[r.SSGI.Quality:3]]
[2023.12.19-20.36.35:801][  0]LogConfig: Setting CVar [[r.EmitterSpawnRateScale:1.0]]
[2023.12.19-20.36.35:801][  0]LogConfig: Setting CVar [[r.ParticleLightQuality:2]]
[2023.12.19-20.36.35:801][  0]LogConfig: Setting CVar [[r.SkyAtmosphere.AerialPerspectiveLUT.FastApplyOnOpaque:1 ; Always have FastSkyLUT 1 in this case to avoid wrong sky]]
[2023.12.19-20.36.35:801][  0]LogConfig: Setting CVar [[r.SkyAtmosphere.AerialPerspectiveLUT.SampleCountMaxPerSlice:4]]
[2023.12.19-20.36.35:801][  0]LogConfig: Setting CVar [[r.SkyAtmosphere.AerialPerspectiveLUT.DepthResolution:16.0]]
[2023.12.19-20.36.35:801][  0]LogConfig: Setting CVar [[r.SkyAtmosphere.FastSkyLUT:1]]
[2023.12.19-20.36.35:801][  0]LogConfig: Setting CVar [[r.SkyAtmosphere.FastSkyLUT.SampleCountMin:4.0]]
[2023.12.19-20.36.35:801][  0]LogConfig: Setting CVar [[r.SkyAtmosphere.FastSkyLUT.SampleCountMax:128.0]]
[2023.12.19-20.36.35:801][  0]LogConfig: Setting CVar [[r.SkyAtmosphere.SampleCountMin:4.0]]
[2023.12.19-20.36.35:801][  0]LogConfig: Setting CVar [[r.SkyAtmosphere.SampleCountMax:128.0]]
[2023.12.19-20.36.35:801][  0]LogConfig: Setting CVar [[r.SkyAtmosphere.TransmittanceLUT.UseSmallFormat:0]]
[2023.12.19-20.36.35:801][  0]LogConfig: Setting CVar [[r.SkyAtmosphere.TransmittanceLUT.SampleCount:10.0]]
[2023.12.19-20.36.35:801][  0]LogConfig: Setting CVar [[r.SkyAtmosphere.MultiScatteringLUT.SampleCount:15.0]]
[2023.12.19-20.36.35:801][  0]LogConfig: Setting CVar [[r.SkyLight.RealTimeReflectionCapture:1]]
[2023.12.19-20.36.35:801][  0]LogConfig: Setting CVar [[fx.Niagara.QualityLevel:3]]
[2023.12.19-20.36.35:801][  0]LogConfig: Applying CVar settings from Section [FoliageQuality@3] File [D:/Programms/UE Projects/GroupProjectGit/RPG/Saved/Config/Windows/Scalability.ini]
[2023.12.19-20.36.35:801][  0]LogConfig: Setting CVar [[foliage.DensityScale:1.0]]
[2023.12.19-20.36.35:801][  0]LogConfig: Setting CVar [[grass.DensityScale:1.0]]
[2023.12.19-20.36.35:801][  0]LogConfig: Applying CVar settings from Section [ShadingQuality@3] File [D:/Programms/UE Projects/GroupProjectGit/RPG/Saved/Config/Windows/Scalability.ini]
[2023.12.19-20.36.35:801][  0]LogConfig: Setting CVar [[r.HairStrands.SkyLighting.IntegrationType:2]]
[2023.12.19-20.36.35:801][  0]LogConfig: Setting CVar [[r.HairStrands.SkyAO.SampleCount:4]]
[2023.12.19-20.36.35:801][  0]LogConfig: Setting CVar [[r.HairStrands.Visibility.MSAA.SamplePerPixel:4]]
[2023.12.19-20.36.35:801][  0]LogConfig: Applying CVar settings from Section [Startup] File [../../../Engine/Config/ConsoleVariables.ini]
[2023.12.19-20.36.35:802][  0]LogConfig: Setting CVar [[net.UseAdaptiveNetUpdateFrequency:0]]
[2023.12.19-20.36.35:802][  0]LogConfig: Setting CVar [[p.chaos.AllowCreatePhysxBodies:1]]
[2023.12.19-20.36.35:802][  0]LogConfig: Setting CVar [[fx.SkipVectorVMBackendOptimizations:1]]
[2023.12.19-20.36.35:802][  0]LogConfig: Applying CVar settings from Section [ConsoleVariables] File [D:/Programms/UE Projects/GroupProjectGit/RPG/Saved/Config/Windows/Engine.ini]
[2023.12.19-20.36.35:802][  0]LogConfig: Applying CVar settings from Section [ConsoleVariables] File [D:/Programms/UE Projects/GroupProjectGit/RPG/Saved/Config/Windows/Editor.ini]
[2023.12.19-20.36.35:802][  0]LogInit: Computer: STASIK
[2023.12.19-20.36.35:802][  0]LogInit: User: Tomil
[2023.12.19-20.36.35:802][  0]LogInit: CPU Page size=4096, Cores=6
[2023.12.19-20.36.35:802][  0]LogInit: High frequency timer resolution =10.000000 MHz
[2023.12.19-20.36.35:802][  0]LogMemory: Memory total: Physical=15.9GB (16GB approx)
[2023.12.19-20.36.35:802][  0]LogMemory: Platform Memory Stats for Windows
[2023.12.19-20.36.35:802][  0]LogMemory: Process Physical Memory: 146.29 MB used, 146.29 MB peak
[2023.12.19-20.36.35:802][  0]LogMemory: Process Virtual Memory: 128.42 MB used, 128.42 MB peak
[2023.12.19-20.36.35:802][  0]LogMemory: Physical Memory: 8748.28 MB used,  7584.43 MB free, 16332.71 MB total
[2023.12.19-20.36.35:802][  0]LogMemory: Virtual Memory: 134197104.00 MB used,  20627.07 MB free, 134217728.00 MB total
[2023.12.19-20.36.35:808][  0]LogWindows: WindowsPlatformFeatures enabled
[2023.12.19-20.36.35:856][  0]LogInit: Physics initialised using underlying interface: PhysX
[2023.12.19-20.36.35:859][  0]LogInit: Using OS detected language (ru-RU).
[2023.12.19-20.36.35:859][  0]LogInit: Using OS detected locale (ru-RU).
[2023.12.19-20.36.35:862][  0]LogTextLocalizationManager: No specific localization for 'ru-RU' exists, so the 'ru' localization will be used.
[2023.12.19-20.36.35:862][  0]LogTextLocalizationResource: LocRes '../../../Engine/Content/Localization/Editor/ru/Editor.locres' could not be opened for reading!
[2023.12.19-20.36.35:862][  0]LogTextLocalizationResource: LocRes '../../../Engine/Content/Localization/EditorTutorials/ru/EditorTutorials.locres' could not be opened for reading!
[2023.12.19-20.36.35:862][  0]LogTextLocalizationResource: LocRes '../../../Engine/Content/Localization/Keywords/ru/Keywords.locres' could not be opened for reading!
[2023.12.19-20.36.35:862][  0]LogTextLocalizationResource: LocRes '../../../Engine/Content/Localization/Category/ru/Category.locres' could not be opened for reading!
[2023.12.19-20.36.35:863][  0]LogTextLocalizationResource: LocRes '../../../Engine/Content/Localization/ToolTips/ru/ToolTips.locres' could not be opened for reading!
[2023.12.19-20.36.35:863][  0]LogTextLocalizationResource: LocRes '../../../Engine/Content/Localization/PropertyNames/ru/PropertyNames.locres' could not be opened for reading!
[2023.12.19-20.36.35:863][  0]LogTextLocalizationResource: LocRes '../../../Engine/Content/Localization/Engine/ru/Engine.locres' could not be opened for reading!
[2023.12.19-20.36.35:864][  0]LogInit: Setting process to per monitor DPI aware
[2023.12.19-20.36.35:873][  0]LogWindowsTextInputMethodSystem: Display: IME system deactivated.
[2023.12.19-20.36.35:887][  0]LogSlate: New Slate User Created.  User Index 0, Is Virtual User: 0
[2023.12.19-20.36.35:887][  0]LogSlate: Slate User Registered.  User Index 0, Is Virtual User: 0
[2023.12.19-20.36.36:120][  0]LogD3D11RHI: Loaded GFSDK_Aftermath_Lib.x64.dll
[2023.12.19-20.36.36:123][  0]LogHMD: Failed to initialize OpenVR with code 110
[2023.12.19-20.36.36:123][  0]LogD3D11RHI: D3D11 min allowed feature level: 11_0
[2023.12.19-20.36.36:123][  0]LogD3D11RHI: D3D11 max allowed feature level: 11_0
[2023.12.19-20.36.36:123][  0]LogD3D11RHI: D3D11 adapters:
[2023.12.19-20.36.36:323][  0]LogD3D11RHI:    0. 'NVIDIA GeForce RTX 2060' (Feature Level 11_0)
[2023.12.19-20.36.36:323][  0]LogD3D11RHI:       5968/0/8166 MB DedicatedVideo/DedicatedSystem/SharedSystem, Outputs:1, VendorId:0x10de
[2023.12.19-20.36.36:326][  0]LogD3D11RHI:    1. 'Microsoft Basic Render Driver' (Feature Level 11_0)
[2023.12.19-20.36.36:326][  0]LogD3D11RHI:       0/0/8166 MB DedicatedVideo/DedicatedSystem/SharedSystem, Outputs:0, VendorId:0x1414
[2023.12.19-20.36.36:326][  0]LogD3D11RHI: Chosen D3D11 Adapter:
[2023.12.19-20.36.36:326][  0]LogD3D11RHI:     Description : NVIDIA GeForce RTX 2060
[2023.12.19-20.36.36:326][  0]LogD3D11RHI:     VendorId    : 10de
[2023.12.19-20.36.36:326][  0]LogD3D11RHI:     DeviceId    : 1f08
[2023.12.19-20.36.36:326][  0]LogD3D11RHI:     SubSysId    : 1f0810de
[2023.12.19-20.36.36:326][  0]LogD3D11RHI:     Revision    : 00a1
[2023.12.19-20.36.36:326][  0]LogD3D11RHI:     DedicatedVideoMemory : 6257901568 bytes
[2023.12.19-20.36.36:326][  0]LogD3D11RHI:     DedicatedSystemMemory : 0 bytes
[2023.12.19-20.36.36:327][  0]LogD3D11RHI:     SharedSystemMemory : 8563042304 bytes
[2023.12.19-20.36.36:327][  0]LogD3D11RHI:     AdapterLuid : 0 65050
[2023.12.19-20.36.36:336][  0]LogD3D11RHI: Creating new Direct3DDevice
[2023.12.19-20.36.36:336][  0]LogD3D11RHI:     GPU DeviceId: 0x1f08 (for the marketing name, search the web for "GPU Device Id")
[2023.12.19-20.36.36:336][  0]LogWindows: EnumDisplayDevices:
[2023.12.19-20.36.36:336][  0]LogWindows:    0. 'NVIDIA GeForce RTX 2060' (P:1 D:1)
[2023.12.19-20.36.36:336][  0]LogWindows:    1. 'NVIDIA GeForce RTX 2060' (P:0 D:0)
[2023.12.19-20.36.36:336][  0]LogWindows:    2. 'NVIDIA GeForce RTX 2060' (P:0 D:0)
[2023.12.19-20.36.36:337][  0]LogWindows:    3. 'NVIDIA GeForce RTX 2060' (P:0 D:0)
[2023.12.19-20.36.36:337][  0]LogWindows: DebugString: FoundDriverCount:4 
[2023.12.19-20.36.36:337][  0]LogD3D11RHI:     Adapter Name: NVIDIA GeForce RTX 2060
[2023.12.19-20.36.36:337][  0]LogD3D11RHI:   Driver Version: 536.23 (internal:31.0.15.3623, unified:536.23)
[2023.12.19-20.36.36:337][  0]LogD3D11RHI:      Driver Date: 6-8-2023
[2023.12.19-20.36.36:337][  0]LogRHI: Texture pool is 4177 MB (70% of 5968 MB)
[2023.12.19-20.36.36:337][  0]LogD3D11RHI: Creating D3DDevice using adapter:
[2023.12.19-20.36.36:337][  0]LogD3D11RHI:     Description : NVIDIA GeForce RTX 2060
[2023.12.19-20.36.36:337][  0]LogD3D11RHI:     VendorId    : 10de
[2023.12.19-20.36.36:337][  0]LogD3D11RHI:     DeviceId    : 1f08
[2023.12.19-20.36.36:337][  0]LogD3D11RHI:     SubSysId    : 1f0810de
[2023.12.19-20.36.36:337][  0]LogD3D11RHI:     Revision    : 00a1
[2023.12.19-20.36.36:337][  0]LogD3D11RHI:     DedicatedVideoMemory : 6257901568 bytes
[2023.12.19-20.36.36:337][  0]LogD3D11RHI:     DedicatedSystemMemory : 0 bytes
[2023.12.19-20.36.36:337][  0]LogD3D11RHI:     SharedSystemMemory : 8563042304 bytes
[2023.12.19-20.36.36:337][  0]LogD3D11RHI:     AdapterLuid : 0 65050
[2023.12.19-20.36.36:450][  0]LogD3D11RHI: RHI has support for 64 bit atomics
[2023.12.19-20.36.36:450][  0]LogD3D11RHI: Async texture creation enabled
[2023.12.19-20.36.36:450][  0]LogD3D11RHI: Array index from any shader is supported
[2023.12.19-20.36.36:468][  0]LogD3D11RHI: GPU Timing Frequency: 1000.000000 (Debug: 2 1)
[2023.12.19-20.36.36:502][  0]LogRHI: GeForceNow SDK initialized: 1
[2023.12.19-20.36.36:835][  0]LogTargetPlatformManager: Display: Loaded TargetPlatform 'AllDesktop'
[2023.12.19-20.36.36:860][  0]LogTargetPlatformManager: Display: Loaded TargetPlatform 'Android'
[2023.12.19-20.36.36:860][  0]LogTargetPlatformManager: Display: Loaded TargetPlatform 'Android_ASTC'
[2023.12.19-20.36.36:860][  0]LogTargetPlatformManager: Display: Loaded TargetPlatform 'Android_DXT'
[2023.12.19-20.36.36:860][  0]LogTargetPlatformManager: Display: Loaded TargetPlatform 'Android_ETC2'
[2023.12.19-20.36.36:860][  0]LogTargetPlatformManager: Display: Loaded TargetPlatform 'AndroidClient'
[2023.12.19-20.36.36:860][  0]LogTargetPlatformManager: Display: Loaded TargetPlatform 'Android_ASTCClient'
[2023.12.19-20.36.36:860][  0]LogTargetPlatformManager: Display: Loaded TargetPlatform 'Android_DXTClient'
[2023.12.19-20.36.36:860][  0]LogTargetPlatformManager: Display: Loaded TargetPlatform 'Android_ETC2Client'
[2023.12.19-20.36.36:860][  0]LogTargetPlatformManager: Display: Loaded TargetPlatform 'Android_Multi'
[2023.12.19-20.36.36:860][  0]LogTargetPlatformManager: Display: Loaded TargetPlatform 'Android_MultiClient'
[2023.12.19-20.36.36:881][  0]LogTargetPlatformManager: Display: Loaded TargetPlatform 'IOSClient'
[2023.12.19-20.36.36:881][  0]LogTargetPlatformManager: Display: Loaded TargetPlatform 'IOS'
[2023.12.19-20.36.36:892][  0]LogTargetPlatformManager: Display: Loaded TargetPlatform 'Linux'
[2023.12.19-20.36.36:897][  0]LogTargetPlatformManager: Display: Loaded TargetPlatform 'LinuxNoEditor'
[2023.12.19-20.36.36:904][  0]LogTargetPlatformManager: Display: Loaded TargetPlatform 'LinuxClient'
[2023.12.19-20.36.36:912][  0]LogTargetPlatformManager: Display: Loaded TargetPlatform 'LinuxServer'
[2023.12.19-20.36.36:924][  0]LogTargetPlatformManager: Display: Loaded TargetPlatform 'LinuxAArch64NoEditor'
[2023.12.19-20.36.36:929][  0]LogTargetPlatformManager: Display: Loaded TargetPlatform 'LinuxAArch64Client'
[2023.12.19-20.36.36:934][  0]LogTargetPlatformManager: Display: Loaded TargetPlatform 'LinuxAArch64Server'
[2023.12.19-20.36.36:962][  0]LogTargetPlatformManager: Display: Loaded TargetPlatform 'Lumin'
[2023.12.19-20.36.36:962][  0]LogTargetPlatformManager: Display: Loaded TargetPlatform 'LuminClient'
[2023.12.19-20.36.36:972][  0]LogTargetPlatformManager: Display: Loaded TargetPlatform 'MacNoEditor'
[2023.12.19-20.36.36:978][  0]LogTargetPlatformManager: Display: Loaded TargetPlatform 'Mac'
[2023.12.19-20.36.36:983][  0]LogTargetPlatformManager: Display: Loaded TargetPlatform 'MacClient'
[2023.12.19-20.36.36:988][  0]LogTargetPlatformManager: Display: Loaded TargetPlatform 'MacServer'
[2023.12.19-20.36.37:001][  0]LogTargetPlatformManager: Display: Loaded TargetPlatform 'TVOSClient'
[2023.12.19-20.36.37:001][  0]LogTargetPlatformManager: Display: Loaded TargetPlatform 'TVOS'
[2023.12.19-20.36.37:013][  0]LogTargetPlatformManager: Display: Loaded TargetPlatform 'WindowsNoEditor'
[2023.12.19-20.36.37:019][  0]LogTargetPlatformManager: Display: Loaded TargetPlatform 'Windows'
[2023.12.19-20.36.37:026][  0]LogTargetPlatformManager: Display: Loaded TargetPlatform 'WindowsClient'
[2023.12.19-20.36.37:032][  0]LogTargetPlatformManager: Display: Loaded TargetPlatform 'WindowsServer'
[2023.12.19-20.36.37:032][  0]LogTargetPlatformManager: Display: Building Assets For Windows
[2023.12.19-20.36.37:042][  0]LogAudioDebug: Display: Lib vorbis DLL was dynamically loaded.
[2023.12.19-20.36.37:081][  0]LogTextureFormatOodle: Display: Oodle Texture 2.9.0 init RDO Off
[2023.12.19-20.36.37:117][  0]LogRendererCore: Ray tracing is disabled. Reason: r.RayTracing=0.
[2023.12.19-20.36.37:117][  0]LogShaderCompilers: Guid format shader working directory is -4 characters bigger than the processId version (../../../../../../UE Projects/GroupProjectGit/RPG/Intermediate/Shaders/WorkingDirectory/14052/).
[2023.12.19-20.36.37:117][  0]LogShaderCompilers: Cleaned the shader compiler working directory 'C:/Users/Tomil/AppData/Local/Temp/UnrealShaderWorkingDir/DD550EAD400DFE39DA25AEB508DA039C/'.
[2023.12.19-20.36.37:117][  0]LogXGEController: Cannot use XGE Controller as Incredibuild is not installed on this machine.
[2023.12.19-20.36.37:117][  0]LogShaderCompilers: Cannot use XGE Shader Compiler as Incredibuild is not installed on this machine.
[2023.12.19-20.36.37:117][  0]LogShaderCompilers: Display: Using Local Shader Compiler.
[2023.12.19-20.36.37:945][  0]LogDerivedDataCache: Display: Max Cache Size: 512 MB
[2023.12.19-20.36.38:020][  0]LogDerivedDataCache: Loaded boot cache 0.08s 105MB C:/Users/Tomil/AppData/Local/UnrealEngine/4.27/DerivedDataCache/Boot.ddc.
[2023.12.19-20.36.38:020][  0]LogDerivedDataCache: Display: Loaded Boot cache: C:/Users/Tomil/AppData/Local/UnrealEngine/4.27/DerivedDataCache/Boot.ddc
[2023.12.19-20.36.38:020][  0]LogDerivedDataCache: FDerivedDataBackendGraph:  Pak pak cache file ../../../../../../UE Projects/GroupProjectGit/RPG/DerivedDataCache/DDC.ddp not found, will not use a pak cache.
[2023.12.19-20.36.38:020][  0]LogDerivedDataCache: Unable to find inner node Pak for hierarchical cache Hierarchy.
[2023.12.19-20.36.38:021][  0]LogDerivedDataCache: FDerivedDataBackendGraph:  CompressedPak pak cache file ../../../../../../UE Projects/GroupProjectGit/RPG/DerivedDataCache/Compressed.ddp not found, will not use a pak cache.
[2023.12.19-20.36.38:021][  0]LogDerivedDataCache: Unable to find inner node CompressedPak for hierarchical cache Hierarchy.
[2023.12.19-20.36.38:042][  0]LogDerivedDataCache: Display: Pak cache opened for reading ../../../Engine/DerivedDataCache/Compressed.ddp.
[2023.12.19-20.36.38:042][  0]LogDerivedDataCache: FDerivedDataBackendGraph:  EnterprisePak pak cache file ../../../Enterprise/DerivedDataCache/Compressed.ddp not found, will not use a pak cache.
[2023.12.19-20.36.38:042][  0]LogDerivedDataCache: Unable to find inner node EnterprisePak for hierarchical cache Hierarchy.
[2023.12.19-20.36.38:054][  0]LogDerivedDataCache: Speed tests for C:/Users/Tomil/AppData/Local/UnrealEngine/Common/DerivedDataCache took 0.01 seconds
[2023.12.19-20.36.38:054][  0]LogDerivedDataCache: Display: Performance to C:/Users/Tomil/AppData/Local/UnrealEngine/Common/DerivedDataCache: Latency=0.04ms. RandomReadSpeed=950.70MBs, RandomWriteSpeed=93.04MBs. Assigned SpeedClass 'Local'
[2023.12.19-20.36.38:055][  0]LogDerivedDataCache: Using Local data cache path C:/Users/Tomil/AppData/Local/UnrealEngine/Common/DerivedDataCache: Writable
[2023.12.19-20.36.38:056][  0]LogDerivedDataCache: Shared data cache path not found in *engine.ini, will not use an Shared cache.
[2023.12.19-20.36.38:056][  0]LogDerivedDataCache: Unable to find inner node Shared for hierarchical cache Hierarchy.
[2023.12.19-20.36.38:143][  0]LogSlate: Using FreeType 2.10.0
[2023.12.19-20.36.38:144][  0]LogSlate: SlateFontServices - WITH_FREETYPE: 1, WITH_HARFBUZZ: 1
[2023.12.19-20.36.38:183][  0]LogAssetRegistry: FAssetRegistry took 0.0031 seconds to start up
[2023.12.19-20.36.38:579][  0]LogInit: Selected Device Profile: [Windows]
[2023.12.19-20.36.38:579][  0]LogInit: Active device profile: [0000026DD3143700][0000026DD4D231C0 49] Windows
[2023.12.19-20.36.38:579][  0]LogInit: Profiles: [0000026DD3143700][0000026DD4D231C0 49] Windows, [0000026DD3104B00][0000026DD4D2B340 49] WindowsNoEditor, [0000026DD3140B00][0000026DC77014C0 49] WindowsServer, [0000026DD3106E00][0000026DC7705640 49] WindowsClient, [0000026DD3142D00][0000026DC77097C0 49] IOS, [0000026DD3105500][0000026DC770D940 49] iPadAir, [0000026DD3141400][0000026DD4905AC0 49] iPadAir2, [0000026DD50E3C00][0000026DD490C200 49] IPadPro, [0000026DD50E3D00][0000026DD4908240 49] iPadAir3, [0000026DD3142600][0000026DD49103C0 49] iPadAir4, [0000026DD50E1000][0000026DD4914540 49] iPadMini2, [0000026DD3141900][0000026DD49186C0 49] iPadMini3, [0000026DD50E2800][0000026DD491C840 49] iPadMini4, [0000026DD3140200][0000026DD4D26980 49] iPadMini5, [0000026DD511F500][0000026DC90F8BC0 49] iPhone6, [0000026DD511F600][0000026DC90F4C00 49] iPodTouch6, [0000026DD50E0100][0000026DC9104E80 49] iPhone7, [0000026DD50E1100][0000026DC90FCEC0 49] iPodTouch7, [0000026DD511CF00][0000026DC9109040 49] iPhone5S, [0000026DD50E2B00][0000026DC910D1C0 49] iPhone6Plus, [0000026DD511E900][0000026DC9111340 49] iPhone6S, [0000026DD50E3800][0000026DC91154C0 49] iPhone6SPlus, [0000026DD511D800][0000026DC9119640 49] iPhone7Plus, [0000026DD50E0900][0000026DC911D7C0 49] iPhoneSE, [0000026DD511CE00][0000026DC9121940 49] iPhone8, [0000026DD50E3000][0000026DC9125AC0 49] iPhone8Plus, [0000026DD511F100][0000026DC91280C0 49] iPhoneX, [0000026DD50E2100][0000026DC912C240 49] iPhoneXS, [0000026DD511C100][0000026DC91303C0 49] iPhoneXSMax, [0000026DD50E3500][0000026DC9134540 49] iPhoneXR, [0000026DD511D000][0000026DC91386C0 49] iPhone11, [0000026DD50E2C00][0000026DC913C840 49] iPhone11Pro, [0000026DD511CD00][0000026DC91409C0 49] iPhone11ProMax, [0000026DD50E2A00][0000026DC9144B40 49] iPhoneSE2, [0000026DD511EF00][0000026DC9100C80 49] iPhone12Mini, [0000026DD50E3600][0000026DC9148DC0 49] iPhone12, [0000026DD511CB00][0000026DC914CF00 49] iPhone12Pro, [0000026DD50E0C00][0000026DD3EA7080 49] iPhone12ProMax, [0000026DD511D400][0000026DD3EB3200 49] iPadPro105, [0000026DD50E0A00][0000026DD3EB7380 49] iPadPro129, [0000026DD511C200][0000026DD3EC5500 49] iPadPro97, [0000026DD50E2500][0000026DD3ED1680 49] iPadPro2_129, [0000026DD511D700][0000026DD3EF5800 49] iPad5, [0000026DD50E1900][0000026DD3F21980 49] iPad6, [0000026DD511D500][0000026DD48AFB00 49] iPad7, [0000026DD50E2E00][0000026DD48B6100 49] iPad8, [0000026DD511F300][0000026DD44EE280 49] iPadPro11, [0000026DD50E2600][0000026DD4208400 49] iPadPro2_11, [0000026DD511C800][0000026DD4218580 49] iPadPro3_129, [0000026DD50E2400][0000026DD48E8700 49] iPadPro4_129, [0000026DD511DE00][0000026DD420C880 49] AppleTV, [0000026DD50E3E00][0000026DD40B8A00 49] AppleTV4K, [0000026DD511F700][0000026DD40BCB80 49] TVOS, [0000026DD50E3300][0000026DD40C0D00 49] Mac, [0000026DD511E200][0000026DD3EA2E40 49] MacClient, [0000026DD50E1C00][0000026DD40C4F80 49] MacNoEditor, [0000026DD511FD00][0000026DD40C90C0 49] MacServer, [0000026DD50E3900][0000026DD4D13240 49] Linux, [0000026DD511E400][0000026DD40CD3C0 49] LinuxAArch64, [0000026DD50E0800][0000026DD40D1540 49] LinuxNoEditor, [0000026DD3106800][0000026DD3DB56C0 49] LinuxAArch64NoEditor, [0000026DD3188F00][0000026DD3DF5840 49] LinuxClient, [0000026DD3107500][0000026DD3DFF9C0 49] LinuxAArch64Client, [0000026DD3189F00][0000026DD45F5B40 49] LinuxServer, [0000026DD3105A00][0000026DD45F8140 49] LinuxAArch64Server, [0000026DD3188800][0000026DD45FC2C0 49] Android, [0000026DD3104900][0000026DD460C440 49] Android_Low, [0000026DD3189600][0000026DD472A5C0 49] Android_Mid, [0000026DD3107B00][0000026DD4732740 49] Android_High, [0000026DD3189200][0000026DD47368C0 49] Android_Default, [0000026DD3105800][0000026DD473EA40 49] Android_Adreno4xx, [0000026DD3189C00][0000026DD4742BC0 49] Android_Adreno5xx_Low, [0000026DD3105200][0000026DD4746D40 49] Android_Adreno5xx, [0000026DD3188200][0000026DD474AEC0 49] Android_Adreno6xx, [0000026DD3104200][0000026DD4D0F000 49] Android_Adreno6xx_Vulkan, [0000026DD3189400][0000026DC2E93140 49] Android_Mali_T6xx, [0000026DD3105B00][0000026DC2E97280 49] Android_Mali_T7xx, [0000026DD3188900][0000026DC2E9B3C0 49] Android_Mali_T8xx, [0000026DD3107600][0000026DD4C73540 49] Android_Mali_G71, [0000026DD3188D00][0000026DD4C856C0 49] Android_Mali_G72, [0000026DD3106100][0000026DD496D840 49] Android_Mali_G72_Vulkan, [0000026DD3188100][0000026DD49719C0 49] Android_Mali_G76, [0000026DD3104E00][0000026DD4995B40 49] Android_Mali_G76_Vulkan, [0000026DD3188400][0000026DD4C98140 49] Android_Mali_G77, [0000026DD50E0D00][0000026DD45622C0 49] Android_Mali_G77_Vulkan, [0000026DD511D200][0000026DD48A6440 49] Android_Mali_G78, [0000026DD50E1E00][0000026DD45B45C0 49] Android_Mali_G78_Vulkan, [0000026DD511FF00][0000026DD45B8740 49] Android_Mali_G710, [0000026DD50E1300][0000026DD45BC8C0 49] Android_Mali_G710_Vulkan, [0000026DD3188700][0000026DD45C6A40 49] Android_Vulkan_SM5, [0000026DD50E2700][0000026DD45D0BC0 49] Android_PowerVR_G6xxx, [0000026DD3189500][0000026DD45D4D40 49] Android_PowerVR_GT7xxx, [0000026DD50E2300][0000026DD45D8EC0 49] Android_PowerVR_GE8xxx, [0000026DD318A000][0000026DD45DD040 49] Android_PowerVR_GM9xxx, [0000026DD50E0600][0000026DC2EAB180 49] Android_PowerVR_GM9xxx_Vulkan, [0000026DD318A700][0000026DD45E12C0 49] Android_TegraK1, [0000026DD50E1B00][0000026DD45E5400 49] Android_Unknown_Vulkan, [0000026DD318A900][0000026DD45E9540 49] Lumin, [0000026DD50E0400][0000026DD4AD16C0 49] Lumin_Desktop, [0000026DD3189B00][0000026DD5DF9840 49] HoloLens, 
[2023.12.19-20.36.38:649][  0]LogMeshReduction: Using QuadricMeshReduction for automatic static mesh reduction
[2023.12.19-20.36.38:649][  0]LogMeshReduction: Using SimplygonMeshReduction for automatic skeletal mesh reduction
[2023.12.19-20.36.38:649][  0]LogMeshReduction: Using ProxyLODMeshReduction for automatic mesh merging
[2023.12.19-20.36.38:649][  0]LogMeshReduction: No distributed automatic mesh merging module available
[2023.12.19-20.36.38:650][  0]LogMeshMerging: No distributed automatic mesh merging module available
[2023.12.19-20.36.38:751][  0]LogNetVersion: DnDRPG_GIT 1.0.0, NetCL: 17155196, EngineNetVer: 17, GameNetVer: 0 (Checksum: 2364275264)
[2023.12.19-20.36.39:197][  0]LogTexture: Default maximum texture size for cubemaps generated from long-lat sources has been changed from 512 to unlimited. In order to preserve old behaiour for '/Engine/MapTemplates/Sky/DaylightAmbientCubemap.DaylightAmbientCubemap', its maximum texture size has been explicitly set to 512.
[2023.12.19-20.36.39:280][  0]LogHMD: PokeAHoleMaterial loaded successfully
[2023.12.19-20.36.39:287][  0]LogUObjectArray: 17983 objects as part of root set at end of initial load.
[2023.12.19-20.36.39:287][  0]LogUObjectAllocator: 4628000 out of 0 bytes used by permanent object pool.
[2023.12.19-20.36.39:287][  0]LogUObjectArray: CloseDisregardForGC: 0/0 objects in disregard for GC pool
[2023.12.19-20.36.39:585][  0]LogNiagaraDebuggerClient: Niagara Debugger Client Initialized | Session: 04AE331A45E0237C6D4512811131BD55 | Instance: 2F41DF1B48265E9673E981B84BA74F05 (STASIK-14052).
[2023.12.19-20.36.39:716][  0]LogPython: Using Python 3.7.7
[2023.12.19-20.36.40:281][  0]LogTcpMessaging: Initializing TcpMessaging bridge
[2023.12.19-20.36.40:286][  0]LogUdpMessaging: Initializing bridge on interface 0.0.0.0:0 to multicast group 230.0.0.1:6666.
[2023.12.19-20.36.40:486][  0]SourceControl: Source control is disabled
[2023.12.19-20.36.40:486][  0]SourceControl: Source control is disabled
[2023.12.19-20.36.40:490][  0]SourceControl: Source control is disabled
[2023.12.19-20.36.40:494][  0]SourceControl: Source control is disabled
[2023.12.19-20.36.40:502][  0]SourceControl: Source control is disabled
[2023.12.19-20.36.40:530][  0]LogUProjectInfo: Found projects:
[2023.12.19-20.36.40:671][  0]LogOpenImageDenoise: OIDN starting up
[2023.12.19-20.36.40:713][  0]LogAndroidPermission: UAndroidPermissionCallbackProxy::GetInstance
[2023.12.19-20.36.40:729][  0]LogAudioCaptureCore: Display: No Audio Capture implementations found. Audio input will be silent.
[2023.12.19-20.36.40:729][  0]LogAudioCaptureCore: Display: No Audio Capture implementations found. Audio input will be silent.
[2023.12.19-20.36.40:949][  0]LogCollectionManager: Loaded 0 collections in 0.000970 seconds
[2023.12.19-20.36.40:976][  0]LogFileCache: Scanning file cache for directory 'D:/Programms/UE Projects/GroupProjectGit/RPG/Saved/Collections/' took 0.00s
[2023.12.19-20.36.40:976][  0]LogFileCache: Scanning file cache for directory 'D:/Programms/UE Projects/GroupProjectGit/RPG/Content/Developers/Tomil/Collections/' took 0.00s
[2023.12.19-20.36.40:976][  0]LogFileCache: Scanning file cache for directory 'D:/Programms/UE Projects/GroupProjectGit/RPG/Content/Collections/' took 0.00s
[2023.12.19-20.36.40:976][  0]LogOcInput: OculusInput pre-init called
[2023.12.19-20.36.41:232][  0]LogEngine: Initializing Engine...
[2023.12.19-20.36.41:235][  0]LogHMD: Failed to enumerate extensions. Please check that you have a valid OpenXR runtime installed.
[2023.12.19-20.36.41:235][  0]LogHMD: Failed to initialize OpenVR with code 110
[2023.12.19-20.36.41:235][  0]LogMagicLeap: Warning: VR disabled because ZI is not enabled.  To enable, in the editor, Edit -> Project Settings -> Plugins -> Magic Leap Plugin -> Enable Zero Iteration
[2023.12.19-20.36.41:236][  0]LogStats: UGameplayTagsManager::InitializeManager -  0.000 s
[2023.12.19-20.36.41:389][  0]LogInit: Initializing FReadOnlyCVARCache
[2023.12.19-20.36.41:401][  0]LogAIModule: Creating AISystem for world Untitled
[2023.12.19-20.36.41:401][  0]LogAudio: Display: Initializing Audio Device Manager...
[2023.12.19-20.36.41:405][  0]LogAudio: Display: Loading Default Audio Settings Objects...
[2023.12.19-20.36.41:406][  0]LogAudio: Display: No default SoundConcurrencyObject specified (or failed to load).
[2023.12.19-20.36.41:406][  0]LogAudio: Display: Audio Device Manager Initialized
[2023.12.19-20.36.41:406][  0]LogAudio: Display: Creating Audio Device:                 Id: 1, Scope: Shared, Realtime: True
[2023.12.19-20.36.41:407][  0]LogAudioMixer: Display: Audio Mixer Platform Settings:
[2023.12.19-20.36.41:407][  0]LogAudioMixer: Display: 	Sample Rate:						  48000
[2023.12.19-20.36.41:407][  0]LogAudioMixer: Display: 	Callback Buffer Frame Size Requested: 1024
[2023.12.19-20.36.41:407][  0]LogAudioMixer: Display: 	Callback Buffer Frame Size To Use:	  1024
[2023.12.19-20.36.41:407][  0]LogAudioMixer: Display: 	Number of buffers to queue:			  2
[2023.12.19-20.36.41:407][  0]LogAudioMixer: Display: 	Max Channels (voices):				  32
[2023.12.19-20.36.41:407][  0]LogAudioMixer: Display: 	Number of Async Source Workers:		  0
[2023.12.19-20.36.41:407][  0]LogAudio: Display: AudioDevice MaxSources: 32
[2023.12.19-20.36.41:407][  0]LogAudio: Display: Audio Spatialization Plugin: None (built-in).
[2023.12.19-20.36.41:407][  0]LogAudio: Display: Audio Reverb Plugin: None (built-in).
[2023.12.19-20.36.41:407][  0]LogAudio: Display: Audio Occlusion Plugin: None (built-in).
[2023.12.19-20.36.41:407][  0]LogAudioMixer: Display: Initializing audio mixer.
[2023.12.19-20.36.41:419][  0]LogAudioMixer: Display: 0: FrontLeft
[2023.12.19-20.36.41:419][  0]LogAudioMixer: Display: 1: FrontRight
[2023.12.19-20.36.41:469][  0]LogAudioMixer: Display: Using Audio Device Динамики (Realtek(R) Audio)
[2023.12.19-20.36.41:475][  0]LogAudioMixer: Display: Initializing Sound Submixes...
[2023.12.19-20.36.41:479][  0]LogAudioMixer: Display: Creating Master Submix 'MasterSubmixDefault'
[2023.12.19-20.36.41:479][  0]LogAudioMixer: Display: Creating Master Submix 'MasterReverbSubmixDefault'
[2023.12.19-20.36.41:480][  0]LogAudioMixer: Display: Creating Master Submix 'MasterEQSubmixDefault'
[2023.12.19-20.36.41:480][  0]LogAudioMixer: FMixerPlatformXAudio2::StartAudioStream() called
[2023.12.19-20.36.41:480][  0]LogAudioMixer: Display: Output buffers initialized: Frames=1024, Channels=2, Samples=2048
[2023.12.19-20.36.41:481][  0]LogAudioMixer: Display: Starting AudioMixerPlatformInterface::RunInternal()
[2023.12.19-20.36.41:481][  0]LogAudioMixer: Display: FMixerPlatformXAudio2::SubmitBuffer() called for the first time
[2023.12.19-20.36.41:481][  0]LogInit: FAudioDevice initialized.
[2023.12.19-20.36.41:481][  0]LogAudio: Display: Audio Device (ID: 1) registered with world 'Untitled'.
[2023.12.19-20.36.41:481][  0]LogNetVersion: Set ProjectVersion to 1.0.0.0. Version Checksum will be recalculated on next use.
[2023.12.19-20.36.41:697][  0]LogDerivedDataCache: Saved boot cache 0.22s 95MB C:/Users/Tomil/AppData/Local/UnrealEngine/4.27/DerivedDataCache/Boot.ddc.
[2023.12.19-20.36.41:697][  0]LogInit: Texture streaming: Enabled
[2023.12.19-20.36.41:712][  0]LogAnalytics: Display: [UEEditor.Rocket.Release] APIServer = https://datarouter.ol.epicgames.com/. AppVersion = 4.27.2-18319896+++UE4+Release-4.27
[2023.12.19-20.36.41:716][  0]LogEngineSessionManager: EngineSessionManager initialized
[2023.12.19-20.36.41:716][  0]LogEditorSessionSummary: Verbose: Initializing EditorSessionSummaryWriter for editor session tracking
[2023.12.19-20.36.41:719][  0]LogEditorSessionSummary: EditorSessionSummaryWriter initialized
[2023.12.19-20.36.41:752][  0]LogInit: Transaction tracking system initialized
[2023.12.19-20.36.41:777][  0]BlueprintLog: New page: Editor Load
[2023.12.19-20.36.41:843][  0]LocalizationService: Localization service is disabled
[2023.12.19-20.36.41:869][  0]TimingProfiler: Initialize
[2023.12.19-20.36.41:870][  0]TimingProfiler: OnSessionChanged
[2023.12.19-20.36.41:870][  0]LoadingProfiler: Initialize
[2023.12.19-20.36.41:870][  0]LoadingProfiler: OnSessionChanged
[2023.12.19-20.36.41:870][  0]NetworkingProfiler: Initialize
[2023.12.19-20.36.41:870][  0]NetworkingProfiler: OnSessionChanged
[2023.12.19-20.36.41:870][  0]MemoryProfiler: Initialize
[2023.12.19-20.36.41:870][  0]MemoryProfiler: OnSessionChanged
[2023.12.19-20.36.42:036][  0]LogCook: Display: CookSettings for Memory: MemoryMaxUsedVirtual 0MiB, MemoryMaxUsedPhysical 16384MiB, MemoryMinFreeVirtual 0MiB, MemoryMinFreePhysical 1024MiB
[2023.12.19-20.36.42:036][  0]LogCook: Display: Mobile HDR setting 1
[2023.12.19-20.36.42:271][  0]LogFileCache: Scanning file cache for directory 'D:/Programms/UE Projects/GroupProjectGit/RPG/Content/' took 0.03s
[2023.12.19-20.36.42:461][  0]LogInit: Display: Engine is initialized. Leaving FEngineLoop::Init()
[2023.12.19-20.36.42:466][  0]SourceControl: Source control is disabled
[2023.12.19-20.36.42:466][  0]LogUnrealEdMisc: Loading editor; pre map load, took 7.948
[2023.12.19-20.36.42:466][  0]Cmd: MAP LOAD FILE="../../../../../../UE Projects/GroupProjectGit/RPG/Content/World_Mountain.umap" TEMPLATE=0 SHOWPROGRESS=1 FEATURELEVEL=3
[2023.12.19-20.36.42:467][  0]LightingResults: New page: Lighting Build
[2023.12.19-20.36.42:469][  0]LogWorld: UWorld::CleanupWorld for Untitled, bSessionEnded=true, bCleanupResources=true
[2023.12.19-20.36.42:469][  0]LogSlate: InvalidateAllWidgets triggered.  All widgets were invalidated
[2023.12.19-20.36.42:469][  0]MapCheck: New page: Map Check
[2023.12.19-20.36.42:469][  0]LightingResults: New page: Lighting Build
[2023.12.19-20.36.42:477][  0]LogAudio: Display: Audio Device unregistered from world 'None'.
[2023.12.19-20.36.42:482][  0]LogUObjectHash: Compacting FUObjectHashTables data took   1.34ms
[2023.12.19-20.36.43:525][  0]LogAudio: Display: Audio Device (ID: 1) registered with world 'World_Mountain'.
[2023.12.19-20.36.43:527][  0]LogAIModule: Creating AISystem for world World_Mountain
[2023.12.19-20.36.43:529][  0]LogMaterial: Display: Material /Game/StarterContent/Props/Materials/M_Rock.M_Rock needed to have new flag set bUsedWithInstancedStaticMeshes !
[2023.12.19-20.36.43:531][  0]LogMaterial: Display: Missing cached shadermap for M_Rock in PCD3D_SM5, Default, SM5 (DDC key hash: A5E31A59D96363ACBC39FCA014A027B4B3503CCD), compiling. 
[2023.12.19-20.36.43:609][  0]LogShaderCompilers: Display: Submitted 50 shader compile jobs with 'Low' priority
[2023.12.19-20.36.43:610][  0]MapCheck: Warning: M_Rock Material /Game/StarterContent/Props/Materials/M_Rock.M_Rock was missing the usage flag bUsedWithInstancedStaticMeshes. If the material asset is not re-saved, it may not render correctly when run outside the editor. Fix
[2023.12.19-20.36.43:787][  0]LogShaderCompilers: Display: Worker (1/9): shaders left to compile 50
[2023.12.19-20.36.43:787][  0]LogShaderCompilers: Display: Worker (2/9): shaders left to compile 44
[2023.12.19-20.36.43:787][  0]LogShaderCompilers: Display: Worker (3/9): shaders left to compile 38
[2023.12.19-20.36.43:787][  0]LogShaderCompilers: Display: Worker (4/9): shaders left to compile 32
[2023.12.19-20.36.43:787][  0]LogShaderCompilers: Display: Worker (5/9): shaders left to compile 26
[2023.12.19-20.36.43:787][  0]LogShaderCompilers: Display: Worker (6/9): shaders left to compile 20
[2023.12.19-20.36.43:787][  0]LogShaderCompilers: Display: Worker (7/9): shaders left to compile 14
[2023.12.19-20.36.43:787][  0]LogShaderCompilers: Display: Worker (8/9): shaders left to compile 8
[2023.12.19-20.36.43:787][  0]LogShaderCompilers: Display: Worker (9/9): shaders left to compile 2
[2023.12.19-20.36.43:787][  0]LogShaderCompilers: Display: Started 50 'Local' shader compile jobs with 'Low' priority
[2023.12.19-20.36.43:787][  0]LogEditorServer: Finished looking for orphan Actors (0.000 secs)
[2023.12.19-20.36.43:812][  0]LogNavigationDataBuild: Display:    Building NavData:  Name Default class /Script/NavigationSystem.RecastNavMesh agent radius 35.0.
[2023.12.19-20.36.43:853][  0]LogUObjectHash: Compacting FUObjectHashTables data took   2.73ms
[2023.12.19-20.36.43:853][  0]Cmd: MAP CHECKDEP NOCLEARLOG
[2023.12.19-20.36.43:854][  0]MapCheck: Map check complete: 0 Error(s), 1 Warning(s), took 0,413ms to complete.
[2023.12.19-20.36.43:864][  0]LogFileHelpers: Loading map 'World_Mountain' took 1.397
[2023.12.19-20.36.43:867][  0]LogUnrealEdMisc: Total Editor Startup Time, took 9.349
[2023.12.19-20.36.44:043][  0]LogSlate: Updating window title bar state: overlay mode, drag disabled, window buttons hidden, title bar hidden
[2023.12.19-20.36.44:054][  0]LogSlate: Updating window title bar state: overlay mode, drag disabled, window buttons hidden, title bar hidden
[2023.12.19-20.36.44:067][  0]LogSlate: Updating window title bar state: overlay mode, drag disabled, window buttons hidden, title bar hidden
[2023.12.19-20.36.44:080][  0]LogSlate: Updating window title bar state: overlay mode, drag disabled, window buttons hidden, title bar hidden
[2023.12.19-20.36.44:106][  0]LogNativeClassHierarchy: Verbose: Native class hierarchy populated in 0.0183 seconds. Added 3880 classes and 940 folders.
[2023.12.19-20.36.44:111][  0]LogNativeClassHierarchy: Verbose: Native class hierarchy updated for 'WidgetCarousel' in 0.0005 seconds. Added 0 classes and 0 folders.
[2023.12.19-20.36.44:117][  0]LogNativeClassHierarchy: Verbose: Native class hierarchy updated for 'AddContentDialog' in 0.0005 seconds. Added 0 classes and 0 folders.
[2023.12.19-20.36.44:120][  0]LogNativeClassHierarchy: Verbose: Native class hierarchy updated for 'SceneOutliner' in 0.0005 seconds. Added 2 classes and 0 folders.
[2023.12.19-20.36.44:258][  0]LogSlate: Took 0.000824 seconds to synchronously load lazily loaded font '../../../Engine/Content/Slate/Fonts/Roboto-Regular.ttf' (155K)
[2023.12.19-20.36.44:260][  0]LogSlate: Took 0.000729 seconds to synchronously load lazily loaded font '../../../Engine/Content/Editor/Slate/Fonts/FontAwesome.ttf' (139K)
[2023.12.19-20.36.44:263][  0]LogSlate: Took 0.000627 seconds to synchronously load lazily loaded font '../../../Engine/Content/Slate/Fonts/Roboto-Bold.ttf' (160K)
[2023.12.19-20.36.44:510][  0]LogRenderer: Reallocating scene render targets to support 1208x640 Format 10 NumSamples 1 (Frame:1).
[2023.12.19-20.36.44:719][  0]LogSlate: Took 0.000887 seconds to synchronously load lazily loaded font '../../../Engine/Content/Slate/Fonts/Roboto-Light.ttf' (167K)
[2023.12.19-20.36.45:168][  0]LogNativeClassHierarchy: Verbose: Native class hierarchy updated for 'HierarchicalLODOutliner' in 0.0009 seconds. Added 0 classes and 0 folders.
[2023.12.19-20.36.45:168][  0]LogInput: Warning: Action SetDestination uses invalid key OculusGo_Left_Trigger_Click.
[2023.12.19-20.36.45:168][  0]LogInput: Warning: Action ResetVR uses invalid key OculusGo_Left_Back_Click.
[2023.12.19-20.36.45:168][  0]LogInput: Warning: Use -RemoveInvalidKeys to remove instances of these keys from the action mapping.
[2023.12.19-20.36.45:168][  0]LogLoad: (Engine Initialization) Total time: 10.65 seconds
[2023.12.19-20.36.45:168][  0]LogLoad: (Engine Initialization) Total Blueprint compile time: 0.00 seconds
[2023.12.19-20.36.45:251][  0]LogContentStreaming: Texture pool size now 1000 MB
[2023.12.19-20.36.45:601][  3]LogAssetRegistry: Asset discovery search completed in 7.4200 seconds
[2023.12.19-20.36.45:618][  3]LogCollectionManager: Fixed up redirectors for 0 collections in 0.000006 seconds (updated 0 objects)
[2023.12.19-20.36.48:242][ 82]LogSlate: Took 0.000774 seconds to synchronously load lazily loaded font '../../../Engine/Content/Slate/Fonts/Roboto-Light.ttf' (167K)
[2023.12.19-20.36.50:341][166]LogFileCache: Retrieving MD5 hashes for directory 'D:/Programms/UE Projects/GroupProjectGit/RPG/Content/' took 5.14s
[2023.12.19-20.37.35:793][540]LogAssetEditorSubsystem: Opening Asset editor for Blueprint /Game/TopDownBP/Blueprints/Mission/MissionCheck.MissionCheck
[2023.12.19-20.37.39:419][540]LogBlueprintEditor: Perf: 3.5 total seconds to load all 9 blueprint libraries in project. Avoid references to content in blueprint libraries to shorten this time.
[2023.12.19-20.37.39:419][540]LogBlueprintEditor: Perf: 3.2 seconds loading: /Water/FluidSimulation/Blueprints/Libraries/PhysicsMacros
[2023.12.19-20.37.40:452][540]LogNativeClassHierarchy: Verbose: Native class hierarchy updated for 'BlueprintGraph' in 0.0007 seconds. Added 126 classes and 0 folders.
[2023.12.19-20.37.41:570][540]LogSlate: Took 0.017484 seconds to synchronously load lazily loaded font '../../../Engine/Content/Slate/Fonts/Roboto-BoldCondensed.ttf' (158K)
[2023.12.19-20.37.43:789][694]LogSlate: Window 'MissionCheck' being destroyed
[2023.12.19-20.38.07:710][316]LogWorld: UWorld::CleanupWorld for World_0, bSessionEnded=true, bCleanupResources=true
[2023.12.19-20.38.07:710][316]LogSlate: InvalidateAllWidgets triggered.  All widgets were invalidated
[2023.12.19-20.40.02:821][416]LogEditorViewport: Clicking on Actor (context menu): InstancedFoliageActor (InstancedFoliageActor)
[2023.12.19-20.40.03:486][424]LogEditorViewport: Clicking on Actor (LMB): Landscape (Landscape)
[2023.12.19-20.40.04:252][438]LogEditorViewport: Clicking on Actor (LMB): Landscape (Landscape)
[2023.12.19-20.40.11:515][290]LogTemp: Repeating last play command: Selected Viewport
[2023.12.19-20.40.11:520][290]LogPlayLevel: PlayLevel: No blueprints needed recompiling
[2023.12.19-20.40.11:520][290]PIE: New page: PIE session: World_Mountain (20 дек. 2023 г., 02:40:11)
[2023.12.19-20.40.11:522][290]LogOnline: OSS: Creating online subsystem instance for: NULL
[2023.12.19-20.40.11:523][290]LogOnline: OSS: TryLoadSubsystemAndSetDefault: Loaded subsystem for module [NULL]
[2023.12.19-20.40.11:523][290]LogPlayLevel: Creating play world package: /Game/UEDPIE_0_World_Mountain
[2023.12.19-20.40.11:612][290]LogPlayLevel: PIE: StaticDuplicateObject took: (0.088421s)
[2023.12.19-20.40.11:613][290]LogAIModule: Creating AISystem for world World_Mountain
[2023.12.19-20.40.11:613][290]LogPlayLevel: PIE: World Init took: (0.001324s)
[2023.12.19-20.40.11:613][290]LogPlayLevel: PIE: Created PIE world by copying editor world from /Game/World_Mountain.World_Mountain to /Game/UEDPIE_0_World_Mountain.World_Mountain (0.089969s)
[2023.12.19-20.40.11:649][290]LogUObjectHash: Compacting FUObjectHashTables data took   4.19ms
[2023.12.19-20.40.11:653][290]LogAudio: Display: Creating Audio Device:                 Id: 2, Scope: Unique, Realtime: True
[2023.12.19-20.40.11:654][290]LogAudioMixer: Display: Audio Mixer Platform Settings:
[2023.12.19-20.40.11:654][290]LogAudioMixer: Display: 	Sample Rate:						  48000
[2023.12.19-20.40.11:654][290]LogAudioMixer: Display: 	Callback Buffer Frame Size Requested: 1024
[2023.12.19-20.40.11:654][290]LogAudioMixer: Display: 	Callback Buffer Frame Size To Use:	  1024
[2023.12.19-20.40.11:654][290]LogAudioMixer: Display: 	Number of buffers to queue:			  2
[2023.12.19-20.40.11:654][290]LogAudioMixer: Display: 	Max Channels (voices):				  32
[2023.12.19-20.40.11:654][290]LogAudioMixer: Display: 	Number of Async Source Workers:		  0
[2023.12.19-20.40.11:654][290]LogAudio: Display: AudioDevice MaxSources: 32
[2023.12.19-20.40.11:654][290]LogAudio: Display: Audio Spatialization Plugin: None (built-in).
[2023.12.19-20.40.11:654][290]LogAudio: Display: Audio Reverb Plugin: None (built-in).
[2023.12.19-20.40.11:654][290]LogAudio: Display: Audio Occlusion Plugin: None (built-in).
[2023.12.19-20.40.11:654][290]LogAudioMixer: Display: Initializing audio mixer.
[2023.12.19-20.40.11:658][290]LogAudioMixer: Display: 0: FrontLeft
[2023.12.19-20.40.11:658][290]LogAudioMixer: Display: 1: FrontRight
[2023.12.19-20.40.11:674][290]LogAudioMixer: Display: Using Audio Device Динамики (Realtek(R) Audio)
[2023.12.19-20.40.11:674][290]LogAudioMixer: Display: Initializing Sound Submixes...
[2023.12.19-20.40.11:674][290]LogAudioMixer: Display: Creating Master Submix 'MasterSubmixDefault'
[2023.12.19-20.40.11:674][290]LogAudioMixer: Display: Creating Master Submix 'MasterReverbSubmixDefault'
[2023.12.19-20.40.11:675][290]LogAudioMixer: Display: Creating Master Submix 'MasterEQSubmixDefault'
[2023.12.19-20.40.11:675][290]LogAudioMixer: FMixerPlatformXAudio2::StartAudioStream() called
[2023.12.19-20.40.11:675][290]LogAudioMixer: Display: Output buffers initialized: Frames=1024, Channels=2, Samples=2048
[2023.12.19-20.40.11:676][290]LogAudioMixer: Display: Starting AudioMixerPlatformInterface::RunInternal()
[2023.12.19-20.40.11:676][290]LogAudioMixer: Display: FMixerPlatformXAudio2::SubmitBuffer() called for the first time
[2023.12.19-20.40.11:676][290]LogInit: FAudioDevice initialized.
[2023.12.19-20.40.11:676][290]LogAudio: Display: Audio Device (ID: 2) registered with world 'World_Mountain'.
[2023.12.19-20.40.11:711][290]LogLoad: Game class is 'TopDownGameMode_C'
[2023.12.19-20.40.11:728][290]LogWorld: Bringing World /Game/UEDPIE_0_World_Mountain.World_Mountain up for play (max tick rate 0) at 2023.12.19-23.40.11
[2023.12.19-20.40.11:729][290]LogWorld: Bringing up level for play took: 0.017495
[2023.12.19-20.40.11:730][290]LogOnline: OSS: Creating online subsystem instance for: :Context_3
[2023.12.19-20.40.11:733][290]LogNativeClassHierarchy: Verbose: Native class hierarchy updated for 'MovieSceneCapture' in 0.0004 seconds. Added 20 classes and 0 folders.
[2023.12.19-20.40.11:737][290]PIE: Server logged in
[2023.12.19-20.40.11:739][290]PIE: Play in editor total start time 0,22 seconds.
[2023.12.19-20.46.48:976][246]LogSlate: Updating window title bar state: overlay mode, drag disabled, window buttons hidden, title bar hidden
[2023.12.19-20.46.48:976][246]LogWorld: BeginTearingDown for /Game/UEDPIE_0_World_Mountain
[2023.12.19-20.46.48:977][246]LogWorld: UWorld::CleanupWorld for World_Mountain, bSessionEnded=true, bCleanupResources=true
[2023.12.19-20.46.48:979][246]LogSlate: InvalidateAllWidgets triggered.  All widgets were invalidated
[2023.12.19-20.46.48:989][246]LogPlayLevel: Display: Shutting down PIE online subsystems
[2023.12.19-20.46.49:003][246]LogSlate: InvalidateAllWidgets triggered.  All widgets were invalidated
[2023.12.19-20.46.49:020][246]LogAudio: Display: Audio Device unregistered from world 'None'.
[2023.12.19-20.46.49:037][246]LogAudioMixer: FMixerPlatformXAudio2::StopAudioStream() called
[2023.12.19-20.46.49:039][246]LogAudioMixer: FMixerPlatformXAudio2::StopAudioStream() called
[2023.12.19-20.46.49:042][246]LogSlate: Updating window title bar state: overlay mode, drag disabled, window buttons hidden, title bar hidden
[2023.12.19-20.46.49:052][246]LogUObjectHash: Compacting FUObjectHashTables data took   4.61ms
[2023.12.19-20.46.49:131][247]LogPlayLevel: Display: Destroying online subsystem :Context_3
[2023.12.19-20.51.38:954][937]LogContentBrowser: Deferred new asset folder creation: NewFolder
[2023.12.19-20.51.38:978][937]LogContentBrowser: Creating deferred item: NewFolder
[2023.12.19-20.51.41:811][240]LogWindowsTextInputMethodSystem: Display: IME system deactivated.
[2023.12.19-20.51.41:811][240]LogWindowsTextInputMethodSystem: Display: IME system deactivated.
[2023.12.19-20.51.49:525][160]LogContentBrowser: Attempting asset rename: NewFolder -> GameMenu
[2023.12.19-20.51.49:526][160]LogContentBrowser: End creating deferred item NewFolder
[2023.12.19-20.52.14:311][826]LogWindowsTextInputMethodSystem: Display: IME system deactivated.
[2023.12.19-20.52.14:311][826]LogWindowsTextInputMethodSystem: Display: IME system deactivated.
[2023.12.19-20.52.22:884][683]LogContentBrowser: Deferred new asset file creation: NewWidgetBlueprint
[2023.12.19-20.52.22:895][683]LogContentBrowser: Creating deferred item: NewWidgetBlueprint
[2023.12.19-20.52.33:227][914]LogWindowsTextInputMethodSystem: Display: IME system deactivated.
[2023.12.19-20.52.33:227][914]LogWindowsTextInputMethodSystem: Display: IME system deactivated.
[2023.12.19-20.52.35:161][146]LogContentBrowser: Attempting asset rename: NewWidgetBlueprint -> GameMenu
[2023.12.19-20.52.35:235][146]LogContentBrowser: End creating deferred item NewWidgetBlueprint
[2023.12.19-20.52.45:218][331]LogWindowsTextInputMethodSystem: Display: IME system deactivated.
[2023.12.19-20.52.45:218][331]LogWindowsTextInputMethodSystem: Display: IME system deactivated.
[2023.12.19-20.53.13:242][564]LogAssetEditorSubsystem: Opening Asset editor for WidgetBlueprint /Game/TopDownBP/Blueprints/GameMenu/GameMenu.GameMenu
[2023.12.19-20.53.21:800][112]LogWindowsTextInputMethodSystem: Display: IME system deactivated.
[2023.12.19-20.53.21:800][112]LogWindowsTextInputMethodSystem: Display: IME system deactivated.
[2023.12.19-20.53.54:686][661]LogEditorTransaction: Undo Drag and Drop Widget
[2023.12.19-20.54.12:452][884]LogSlate: Window 'Color Picker' being destroyed
[2023.12.19-20.57.25:762][877]LogSlate: Window 'Color Picker' being destroyed
[2023.12.19-20.57.32:913][404]LogSlate: Window 'Color Picker' being destroyed
[2023.12.19-20.57.35:628][637]BlueprintLog: New page: Compile GameMenu
[2023.12.19-20.57.35:786][637]LogUObjectHash: Compacting FUObjectHashTables data took   6.35ms
[2023.12.19-20.57.35:988][637]LogSlate: Took 0.017643 seconds to synchronously load lazily loaded font '../../../Engine/Content/Slate/Fonts/DroidSansMono.ttf' (77K)
[2023.12.19-20.58.26:896][244]LogWindowsTextInputMethodSystem: Display: IME system deactivated.
[2023.12.19-20.58.26:896][244]LogWindowsTextInputMethodSystem: Display: IME system deactivated.
[2023.12.19-20.58.29:585][387]Cmd: OBJ SAVEPACKAGE PACKAGE="/Game/TopDownBP/Blueprints/GameMenu/GameMenu" FILE="../../../../../../UE Projects/GroupProjectGit/RPG/Content/TopDownBP/Blueprints/GameMenu/GameMenu.uasset" SILENT=true
[2023.12.19-20.58.29:826][387]LogSavePackage: Moving '../../../../../../UE Projects/GroupProjectGit/RPG/Saved/GameMenuDDABC8274DCA07BAE10B859129EA57A8.tmp' to '../../../../../../UE Projects/GroupProjectGit/RPG/Content/TopDownBP/Blueprints/GameMenu/GameMenu.uasset'
[2023.12.19-20.58.29:879][387]AssetCheck: New page: Asset Save: GameMenu
[2023.12.19-20.58.29:879][387]LogContentValidation: Display: Validating WidgetBlueprint /Game/TopDownBP/Blueprints/GameMenu/GameMenu.GameMenu
[2023.12.19-20.58.33:478][655]LogSlate: Window 'GameMenu' being destroyed
[2023.12.19-20.59.01:096][730]LogAssetEditorSubsystem: Opening Asset editor for WidgetBlueprint /Game/TopDownBP/Blueprints/DynamicUI/GlobalUI.GlobalUI
[2023.12.19-20.59.02:780][840]LogSlate: Took 0.015385 seconds to synchronously load lazily loaded font '../../../Engine/Content/Slate/Fonts/Roboto-Italic.ttf' (157K)
