Log file open, 11/05/23 19:42:33
LogWindows: Failed to load 'aqProf.dll' (GetLastError=126)
LogWindows: File 'aqProf.dll' does not exist
LogWindows: Failed to load 'VtuneApi.dll' (GetLastError=126)
LogWindows: File 'VtuneApi.dll' does not exist
LogWindows: Failed to load 'VtuneApi32e.dll' (GetLastError=126)
LogWindows: File 'VtuneApi32e.dll' does not exist
LogConsoleResponse: Display: Failed to find resolution value strings in scalability ini. Falling back to default.
LogConsoleResponse: Display: Failed to find resolution value strings in scalability ini. Falling back to default.
LogInit: Display: Running engine for game: DnDRPG_GIT
LogPlatformFile: Not using cached read wrapper
LogTaskGraph: Started task graph with 5 named threads and 47 total threads with 3 sets of task threads.
LogStats: Stats thread started at 0.348960
LogICUInternationalization: ICU TimeZone Detection - Raw Offset: +3:00, Platform Override: ''
LogInit: Display: Loading text-based GConfig....
LogPluginManager: Mounting plugin MeshPainting
LogPluginManager: Mounting plugin XGEController
LogPluginManager: Mounting plugin AISupport
LogPluginManager: Mounting plugin EnvironmentQueryEditor
LogPluginManager: Mounting plugin Paper2D
LogPluginManager: Mounting plugin LiveLink
LogPluginManager: Mounting plugin LightPropagationVolume
LogPluginManager: Mounting plugin CameraShakePreviewer
LogPluginManager: Mounting plugin OodleData
LogPluginManager: Mounting plugin OodleNetwork
LogPluginManager: Mounting plugin AnimationSharing
LogPluginManager: Mounting plugin GameplayCameras
LogPluginManager: Mounting plugin CodeLiteSourceCodeAccess
LogPluginManager: Mounting plugin KDevelopSourceCodeAccess
LogPluginManager: Mounting plugin NullSourceCodeAccess
LogPluginManager: Mounting plugin GitSourceControl
LogPluginManager: Mounting plugin CLionSourceCodeAccess
LogPluginManager: Mounting plugin PlasticSourceControl
LogPluginManager: Mounting plugin PerforceSourceControl
LogPluginManager: Mounting plugin PixWinPlugin
LogPluginManager: Mounting plugin PluginUtils
LogPluginManager: Mounting plugin RiderSourceCodeAccess
LogPluginManager: Mounting plugin PropertyAccessNode
LogPluginManager: Mounting plugin SubversionSourceControl
LogPluginManager: Mounting plugin TextureFormatOodle
LogPluginManager: Mounting plugin UObjectPlugin
LogPluginManager: Mounting plugin VisualStudioSourceCodeAccess
LogPluginManager: Mounting plugin XCodeSourceCodeAccess
LogPluginManager: Mounting plugin VisualStudioCodeSourceCodeAccess
LogPluginManager: Mounting plugin DatasmithContent
LogPluginManager: Mounting plugin Niagara
LogPluginManager: Mounting plugin VariantManagerContent
LogPluginManager: Mounting plugin AssetManagerEditor
LogPluginManager: Mounting plugin CurveEditorTools
LogPluginManager: Mounting plugin CryptoKeys
LogPluginManager: Mounting plugin FacialAnimation
LogPluginManager: Mounting plugin DataValidation
LogPluginManager: Mounting plugin GameplayTagsEditor
LogPluginManager: Mounting plugin GeometryMode
LogPluginManager: Mounting plugin MacGraphicsSwitching
LogPluginManager: Mounting plugin MaterialAnalyzer
LogPluginManager: Mounting plugin MobileLauncherProfileWizard
LogPluginManager: Mounting plugin PluginBrowser
LogPluginManager: Mounting plugin AlembicImporter
LogPluginManager: Mounting plugin SpeedTreeImporter
LogPluginManager: Mounting plugin BackChannel
LogPluginManager: Mounting plugin AutomationUtils
LogPluginManager: Mounting plugin ChaosCloth
LogPluginManager: Mounting plugin ChaosEditor
LogPluginManager: Mounting plugin CharacterAI
LogPluginManager: Mounting plugin ChaosSolverPlugin
LogPluginManager: Mounting plugin ChaosNiagara
LogPluginManager: Mounting plugin ChaosClothEditor
LogPluginManager: Mounting plugin GeometryCache
LogPluginManager: Mounting plugin GeometryCollectionPlugin
LogPluginManager: Mounting plugin GeometryProcessing
LogPluginManager: Mounting plugin MotoSynth
LogPluginManager: Mounting plugin OpenImageDenoise
LogPluginManager: Mounting plugin PlatformCrypto
LogPluginManager: Mounting plugin PlanarCut
LogPluginManager: Mounting plugin ProxyLODPlugin
LogPluginManager: Mounting plugin PythonScriptPlugin
LogPluginManager: Mounting plugin SkeletalReduction
LogPluginManager: Mounting plugin LuminPlatformFeatures
LogPluginManager: Mounting plugin MagicLeap
LogPluginManager: Mounting plugin MagicLeapLightEstimation
LogPluginManager: Mounting plugin MagicLeapMedia
LogPluginManager: Mounting plugin MagicLeapPassableWorld
LogPluginManager: Mounting plugin AndroidMedia
LogPluginManager: Mounting plugin MLSDK
LogPluginManager: Mounting plugin AvfMedia
LogPluginManager: Mounting plugin ImgMedia
LogPluginManager: Mounting plugin MediaCompositing
LogPluginManager: Mounting plugin MediaPlayerEditor
LogPluginManager: Mounting plugin ActorSequence
LogPluginManager: Mounting plugin WmfMedia
LogPluginManager: Mounting plugin WebMMedia
LogPluginManager: Mounting plugin MatineeToLevelSequence
LogPluginManager: Mounting plugin LevelSequenceEditor
LogPluginManager: Mounting plugin UdpMessaging
LogPluginManager: Mounting plugin TemplateSequence
LogPluginManager: Mounting plugin TcpMessaging
LogPluginManager: Mounting plugin OnlineSubsystem
LogPluginManager: Mounting plugin OnlineSubsystemNull
LogPluginManager: Mounting plugin OnlineSubsystemUtils
LogPluginManager: Mounting plugin ActorLayerUtilities
LogPluginManager: Mounting plugin LauncherChunkInstaller
LogPluginManager: Mounting plugin AndroidPermission
LogPluginManager: Mounting plugin AndroidDeviceProfileSelector
LogPluginManager: Mounting plugin AndroidMoviePlayer
LogPluginManager: Mounting plugin AppleImageUtils
LogPluginManager: Mounting plugin AppleMoviePlayer
LogPluginManager: Mounting plugin ArchVisCharacter
LogPluginManager: Mounting plugin AudioCapture
LogPluginManager: Mounting plugin AssetTags
LogPluginManager: Mounting plugin CableComponent
LogPluginManager: Mounting plugin ChunkDownloader
LogPluginManager: Mounting plugin AudioSynesthesia
LogPluginManager: Mounting plugin CustomMeshComponent
LogPluginManager: Mounting plugin EditableMesh
LogPluginManager: Mounting plugin ExampleDeviceProfileSelector
LogPluginManager: Mounting plugin GoogleCloudMessaging
LogPluginManager: Mounting plugin GooglePAD
LogPluginManager: Mounting plugin ScreenshotTools
LogPluginManager: Mounting plugin IOSDeviceProfileSelector
LogPluginManager: Mounting plugin LinuxDeviceProfileSelector
LogPluginManager: Mounting plugin LocationServicesBPLibrary
LogPluginManager: Mounting plugin MobilePatchingUtils
LogPluginManager: Mounting plugin OpenXR
LogPluginManager: Mounting plugin OpenXREyeTracker
LogPluginManager: Mounting plugin OpenXRHandTracking
LogPluginManager: Mounting plugin PhysXVehicles
LogPluginManager: Mounting plugin ProceduralMeshComponent
LogPluginManager: Mounting plugin PostSplashScreen
LogPluginManager: Mounting plugin PropertyAccessEditor
LogPluginManager: Mounting plugin RuntimePhysXCooking
LogPluginManager: Mounting plugin SignificanceManager
LogPluginManager: Mounting plugin SoundFields
LogPluginManager: Mounting plugin Synthesis
LogPluginManager: Mounting plugin WebMMoviePlayer
LogPluginManager: Mounting plugin WindowsMoviePlayer
LogPluginManager: Mounting plugin Takes
LogPluginManager: Mounting plugin ContentBrowserAssetDataSource
LogPluginManager: Mounting plugin ContentBrowserClassDataSource
LogPluginManager: Mounting plugin ContentBrowserFileDataSource
LogPluginManager: Mounting plugin OnlineSubsystemGooglePlay
LogPluginManager: Mounting plugin OnlineSubsystemIOS
LogPluginManager: Mounting plugin OculusVR
LogPluginManager: Mounting plugin SteamVR
PixWinPlugin: PIX capture plugin failed to initialize! Check that the process is launched from PIX.
LogInit: Using libcurl 7.55.1-DEV
LogInit:  - built for x86_64-pc-win32
LogInit:  - supports SSL with OpenSSL/1.1.1
LogInit:  - supports HTTP deflate (compression) using libz 1.2.8
LogInit:  - other features:
LogInit:      CURL_VERSION_SSL
LogInit:      CURL_VERSION_LIBZ
LogInit:      CURL_VERSION_IPV6
LogInit:      CURL_VERSION_ASYNCHDNS
LogInit:      CURL_VERSION_LARGEFILE
LogInit:      CURL_VERSION_IDN
LogInit:  CurlRequestOptions (configurable via config and command line):
LogInit:  - bVerifyPeer = true  - Libcurl will verify peer certificate
LogInit:  - bUseHttpProxy = false  - Libcurl will NOT use HTTP proxy
LogInit:  - bDontReuseConnections = false  - Libcurl will reuse connections
LogInit:  - MaxHostConnections = 16  - Libcurl will limit the number of connections to a host
LogInit:  - LocalHostAddr = Default
LogInit:  - BufferSize = 65536
LogOnline: OSS: Creating online subsystem instance for: NULL
LogInit: WinSock: version 1.1 (2.2), MaxSocks=32767, MaxUdp=65467
LogOnline: OSS: TryLoadSubsystemAndSetDefault: Loaded subsystem for module [NULL]
LogOculusPluginWrapper: OculusPlugin initialized successfully
LogHMD: Failed initializing OVRPlugin 1.59.0
LogInit: Build: ++UE4+Release-4.27-CL-18319896
LogInit: Engine Version: 4.27.2-18319896+++UE4+Release-4.27
LogInit: Compatible Engine Version: 4.27.0-17155196+++UE4+Release-4.27
LogInit: Net CL: 17155196
LogInit: OS: Windows 10 (Release 2009) (), CPU: AMD Ryzen 7 2700 Eight-Core Processor          , GPU: NVIDIA GeForce GTX 1660 Ti
LogInit: Compiled (64-bit): Nov 30 2021 07:12:08
LogInit: Compiled with Visual C++: 19.24.28315.00
LogInit: Build Configuration: Development
LogInit: Branch Name: ++UE4+Release-4.27
LogInit: Command Line: 
LogInit: Base Directory: C:/Program Files/Epic Games/UE_4.27/Engine/Binaries/Win64/
LogInit: Allocator: TBB
LogInit: Installed Engine Build: 1
LogDevObjectVersion: Number of dev versions registered: 29
LogDevObjectVersion:   Dev-Blueprints (B0D832E4-1F89-4F0D-ACCF-7EB736FD4AA2): 10
LogDevObjectVersion:   Dev-Build (E1C64328-A22C-4D53-A36C-8E866417BD8C): 0
LogDevObjectVersion:   Dev-Core (375EC13C-06E4-48FB-B500-84F0262A717E): 4
LogDevObjectVersion:   Dev-Editor (E4B068ED-F494-42E9-A231-DA0B2E46BB41): 40
LogDevObjectVersion:   Dev-Framework (CFFC743F-43B0-4480-9391-14DF171D2073): 37
LogDevObjectVersion:   Dev-Mobile (B02B49B5-BB20-44E9-A304-32B752E40360): 3
LogDevObjectVersion:   Dev-Networking (A4E4105C-59A1-49B5-A7C5-40C4547EDFEE): 0
LogDevObjectVersion:   Dev-Online (39C831C9-5AE6-47DC-9A44-9C173E1C8E7C): 0
LogDevObjectVersion:   Dev-Physics (78F01B33-EBEA-4F98-B9B4-84EACCB95AA2): 14
LogDevObjectVersion:   Dev-Platform (6631380F-2D4D-43E0-8009-CF276956A95A): 0
LogDevObjectVersion:   Dev-Rendering (12F88B9F-8875-4AFC-A67C-D90C383ABD29): 45
LogDevObjectVersion:   Dev-Sequencer (7B5AE74C-D270-4C10-A958-57980B212A5A): 13
LogDevObjectVersion:   Dev-VR (D7296918-1DD6-4BDD-9DE2-64A83CC13884): 3
LogDevObjectVersion:   Dev-LoadTimes (C2A15278-BFE7-4AFE-6C17-90FF531DF755): 1
LogDevObjectVersion:   Private-Geometry (6EACA3D4-40EC-4CC1-B786-8BED09428FC5): 3
LogDevObjectVersion:   Dev-AnimPhys (29E575DD-E0A3-4627-9D10-D276232CDCEA): 17
LogDevObjectVersion:   Dev-Anim (AF43A65D-7FD3-4947-9873-3E8ED9C1BB05): 15
LogDevObjectVersion:   Dev-ReflectionCapture (6B266CEC-1EC7-4B8F-A30B-E4D90942FC07): 1
LogDevObjectVersion:   Dev-Automation (0DF73D61-A23F-47EA-B727-89E90C41499A): 1
LogDevObjectVersion:   FortniteMain (601D1886-AC64-4F84-AA16-D3DE0DEAC7D6): 47
LogDevObjectVersion:   FortniteRelease (E7086368-6B23-4C58-8439-1B7016265E91): 1
LogDevObjectVersion:   Dev-Enterprise (9DFFBCD6-494F-0158-E221-12823C92A888): 10
LogDevObjectVersion:   Dev-Niagara (F2AED0AC-9AFE-416F-8664-AA7FFA26D6FC): 1
LogDevObjectVersion:   Dev-Destruction (174F1F0B-B4C6-45A5-B13F-2EE8D0FB917D): 10
LogDevObjectVersion:   Dev-Physics-Ext (35F94A83-E258-406C-A318-09F59610247C): 41
LogDevObjectVersion:   Dev-PhysicsMaterial-Chaos (B68FC16E-8B1B-42E2-B453-215C058844FE): 1
LogDevObjectVersion:   Dev-CineCamera (B2E18506-4273-CFC2-A54E-F4BB758BBA07): 1
LogDevObjectVersion:   Dev-VirtualProduction (64F58936-FD1B-42BA-BA96-7289D5D0FA4E): 1
LogDevObjectVersion:   Dev-MediaFramework (6F0ED827-A609-4895-9C91-998D90180EA4): 2
LogInit: Presizing for max 25165824 objects, including 0 objects not considered by GC, pre-allocating 0 bytes for permanent pool.
LogConfig: Applying CVar settings from Section [/Script/Engine.StreamingSettings] File [C:/Users/slava/Documents/GitHub/RPG/Saved/Config/Windows/Engine.ini]
LogConfig: Setting CVar [[s.MinBulkDataSizeForAsyncLoading:131072]]
LogConfig: Setting CVar [[s.AsyncLoadingThreadEnabled:0]]
LogConfig: Setting CVar [[s.EventDrivenLoaderEnabled:1]]
LogConfig: Setting CVar [[s.WarnIfTimeLimitExceeded:0]]
LogConfig: Setting CVar [[s.TimeLimitExceededMultiplier:1.5]]
LogConfig: Setting CVar [[s.TimeLimitExceededMinTime:0.005]]
LogConfig: Setting CVar [[s.UseBackgroundLevelStreaming:1]]
LogConfig: Setting CVar [[s.PriorityAsyncLoadingExtraTime:15.0]]
LogConfig: Setting CVar [[s.LevelStreamingActorsUpdateTimeLimit:5.0]]
LogConfig: Setting CVar [[s.PriorityLevelStreamingActorsUpdateExtraTime:5.0]]
LogConfig: Setting CVar [[s.LevelStreamingComponentsRegistrationGranularity:10]]
LogConfig: Setting CVar [[s.UnregisterComponentsTimeLimit:1.0]]
LogConfig: Setting CVar [[s.LevelStreamingComponentsUnregistrationGranularity:5]]
LogConfig: Setting CVar [[s.FlushStreamingOnExit:1]]
LogInit: Object subsystem initialized
LogConfig: Setting CVar [[con.DebugEarlyDefault:1]]
LogConfig: Setting CVar [[r.setres:1280x720]]
[2023.11.05-16.42.34:202][  0]LogConfig: Setting CVar [[r.VSync:0]]
[2023.11.05-16.42.34:202][  0]LogConfig: Setting CVar [[r.RHICmdBypass:0]]
[2023.11.05-16.42.34:202][  0]LogConfig: Applying CVar settings from Section [/Script/Engine.RendererSettings] File [C:/Users/slava/Documents/GitHub/RPG/Saved/Config/Windows/Engine.ini]
[2023.11.05-16.42.34:202][  0]LogConfig: Setting CVar [[r.GPUCrashDebugging:0]]
[2023.11.05-16.42.34:202][  0]LogConfig: Applying CVar settings from Section [/Script/Engine.RendererOverrideSettings] File [C:/Users/slava/Documents/GitHub/RPG/Saved/Config/Windows/Engine.ini]
[2023.11.05-16.42.34:202][  0]LogConfig: Applying CVar settings from Section [/Script/Engine.StreamingSettings] File [C:/Users/slava/Documents/GitHub/RPG/Saved/Config/Windows/Engine.ini]
[2023.11.05-16.42.34:202][  0]LogConfig: Setting CVar [[s.MinBulkDataSizeForAsyncLoading:131072]]
[2023.11.05-16.42.34:202][  0]LogConfig: Setting CVar [[s.AsyncLoadingThreadEnabled:0]]
[2023.11.05-16.42.34:202][  0]LogConfig: Setting CVar [[s.EventDrivenLoaderEnabled:1]]
[2023.11.05-16.42.34:202][  0]LogConfig: Setting CVar [[s.WarnIfTimeLimitExceeded:0]]
[2023.11.05-16.42.34:202][  0]LogConfig: Setting CVar [[s.TimeLimitExceededMultiplier:1.5]]
[2023.11.05-16.42.34:202][  0]LogConfig: Setting CVar [[s.TimeLimitExceededMinTime:0.005]]
[2023.11.05-16.42.34:202][  0]LogConfig: Setting CVar [[s.UseBackgroundLevelStreaming:1]]
[2023.11.05-16.42.34:202][  0]LogConfig: Setting CVar [[s.PriorityAsyncLoadingExtraTime:15.0]]
[2023.11.05-16.42.34:202][  0]LogConfig: Setting CVar [[s.LevelStreamingActorsUpdateTimeLimit:5.0]]
[2023.11.05-16.42.34:202][  0]LogConfig: Setting CVar [[s.PriorityLevelStreamingActorsUpdateExtraTime:5.0]]
[2023.11.05-16.42.34:202][  0]LogConfig: Setting CVar [[s.LevelStreamingComponentsRegistrationGranularity:10]]
[2023.11.05-16.42.34:202][  0]LogConfig: Setting CVar [[s.UnregisterComponentsTimeLimit:1.0]]
[2023.11.05-16.42.34:202][  0]LogConfig: Setting CVar [[s.LevelStreamingComponentsUnregistrationGranularity:5]]
[2023.11.05-16.42.34:202][  0]LogConfig: Setting CVar [[s.FlushStreamingOnExit:1]]
[2023.11.05-16.42.34:202][  0]LogConfig: Applying CVar settings from Section [/Script/Engine.GarbageCollectionSettings] File [C:/Users/slava/Documents/GitHub/RPG/Saved/Config/Windows/Engine.ini]
[2023.11.05-16.42.34:202][  0]LogConfig: Setting CVar [[gc.MaxObjectsNotConsideredByGC:1]]
[2023.11.05-16.42.34:202][  0]LogConfig: Setting CVar [[gc.SizeOfPermanentObjectPool:0]]
[2023.11.05-16.42.34:202][  0]LogConfig: Setting CVar [[gc.FlushStreamingOnGC:0]]
[2023.11.05-16.42.34:202][  0]LogConfig: Setting CVar [[gc.NumRetriesBeforeForcingGC:10]]
[2023.11.05-16.42.34:202][  0]LogConfig: Setting CVar [[gc.AllowParallelGC:1]]
[2023.11.05-16.42.34:202][  0]LogConfig: Setting CVar [[gc.TimeBetweenPurgingPendingKillObjects:61.1]]
[2023.11.05-16.42.34:202][  0]LogConfig: Setting CVar [[gc.MaxObjectsInEditor:25165824]]
[2023.11.05-16.42.34:202][  0]LogConfig: Setting CVar [[gc.IncrementalBeginDestroyEnabled:1]]
[2023.11.05-16.42.34:202][  0]LogConfig: Setting CVar [[gc.CreateGCClusters:1]]
[2023.11.05-16.42.34:202][  0]LogConfig: Setting CVar [[gc.MinGCClusterSize:5]]
[2023.11.05-16.42.34:202][  0]LogConfig: Setting CVar [[gc.ActorClusteringEnabled:0]]
[2023.11.05-16.42.34:202][  0]LogConfig: Setting CVar [[gc.BlueprintClusteringEnabled:0]]
[2023.11.05-16.42.34:202][  0]LogConfig: Setting CVar [[gc.UseDisregardForGCOnDedicatedServers:0]]
[2023.11.05-16.42.34:203][  0]LogConfig: Setting CVar [[gc.MultithreadedDestructionEnabled:1]]
[2023.11.05-16.42.34:203][  0]LogConfig: Applying CVar settings from Section [/Script/Engine.NetworkSettings] File [C:/Users/slava/Documents/GitHub/RPG/Saved/Config/Windows/Engine.ini]
[2023.11.05-16.42.34:203][  0]LogConfig: Applying CVar settings from Section [/Script/UnrealEd.CookerSettings] File [C:/Users/slava/Documents/GitHub/RPG/Saved/Config/Windows/Engine.ini]
[2023.11.05-16.42.34:211][  0]LogConfig: Applying CVar settings from Section [ViewDistanceQuality@3] File [C:/Users/slava/Documents/GitHub/RPG/Saved/Config/Windows/Scalability.ini]
[2023.11.05-16.42.34:211][  0]LogConfig: Setting CVar [[r.SkeletalMeshLODBias:0]]
[2023.11.05-16.42.34:211][  0]LogConfig: Setting CVar [[r.ViewDistanceScale:1.0]]
[2023.11.05-16.42.34:211][  0]LogConfig: Applying CVar settings from Section [AntiAliasingQuality@3] File [C:/Users/slava/Documents/GitHub/RPG/Saved/Config/Windows/Scalability.ini]
[2023.11.05-16.42.34:211][  0]LogConfig: Setting CVar [[r.PostProcessAAQuality:4]]
[2023.11.05-16.42.34:211][  0]LogConfig: Applying CVar settings from Section [ShadowQuality@3] File [C:/Users/slava/Documents/GitHub/RPG/Saved/Config/Windows/Scalability.ini]
[2023.11.05-16.42.34:211][  0]LogConfig: Setting CVar [[r.LightFunctionQuality:1]]
[2023.11.05-16.42.34:211][  0]LogConfig: Setting CVar [[r.ShadowQuality:5]]
[2023.11.05-16.42.34:211][  0]LogConfig: Setting CVar [[r.Shadow.CSM.MaxCascades:10]]
[2023.11.05-16.42.34:211][  0]LogConfig: Setting CVar [[r.Shadow.MaxResolution:2048]]
[2023.11.05-16.42.34:211][  0]LogConfig: Setting CVar [[r.Shadow.MaxCSMResolution:2048]]
[2023.11.05-16.42.34:211][  0]LogConfig: Setting CVar [[r.Shadow.RadiusThreshold:0.01]]
[2023.11.05-16.42.34:211][  0]LogConfig: Setting CVar [[r.Shadow.DistanceScale:1.0]]
[2023.11.05-16.42.34:211][  0]LogConfig: Setting CVar [[r.Shadow.CSM.TransitionScale:1.0]]
[2023.11.05-16.42.34:211][  0]LogConfig: Setting CVar [[r.Shadow.PreShadowResolutionFactor:1.0]]
[2023.11.05-16.42.34:211][  0]LogConfig: Setting CVar [[r.DistanceFieldShadowing:1]]
[2023.11.05-16.42.34:211][  0]LogConfig: Setting CVar [[r.DistanceFieldAO:1]]
[2023.11.05-16.42.34:211][  0]LogConfig: Setting CVar [[r.AOQuality:2]]
[2023.11.05-16.42.34:211][  0]LogConfig: Setting CVar [[r.VolumetricFog:1]]
[2023.11.05-16.42.34:211][  0]LogConfig: Setting CVar [[r.VolumetricFog.GridPixelSize:8]]
[2023.11.05-16.42.34:211][  0]LogConfig: Setting CVar [[r.VolumetricFog.GridSizeZ:128]]
[2023.11.05-16.42.34:211][  0]LogConfig: Setting CVar [[r.VolumetricFog.HistoryMissSupersampleCount:4]]
[2023.11.05-16.42.34:211][  0]LogConfig: Setting CVar [[r.LightMaxDrawDistanceScale:1]]
[2023.11.05-16.42.34:211][  0]LogConfig: Setting CVar [[r.CapsuleShadows:1]]
[2023.11.05-16.42.34:211][  0]LogConfig: Applying CVar settings from Section [PostProcessQuality@3] File [C:/Users/slava/Documents/GitHub/RPG/Saved/Config/Windows/Scalability.ini]
[2023.11.05-16.42.34:211][  0]LogConfig: Setting CVar [[r.MotionBlurQuality:4]]
[2023.11.05-16.42.34:211][  0]LogConfig: Setting CVar [[r.AmbientOcclusionMipLevelFactor:0.4]]
[2023.11.05-16.42.34:211][  0]LogConfig: Setting CVar [[r.AmbientOcclusionMaxQuality:100]]
[2023.11.05-16.42.34:211][  0]LogConfig: Setting CVar [[r.AmbientOcclusionLevels:-1]]
[2023.11.05-16.42.34:211][  0]LogConfig: Setting CVar [[r.AmbientOcclusionRadiusScale:1.0]]
[2023.11.05-16.42.34:211][  0]LogConfig: Setting CVar [[r.DepthOfFieldQuality:2]]
[2023.11.05-16.42.34:212][  0]LogConfig: Setting CVar [[r.RenderTargetPoolMin:400]]
[2023.11.05-16.42.34:212][  0]LogConfig: Setting CVar [[r.LensFlareQuality:2]]
[2023.11.05-16.42.34:212][  0]LogConfig: Setting CVar [[r.SceneColorFringeQuality:1]]
[2023.11.05-16.42.34:212][  0]LogConfig: Setting CVar [[r.EyeAdaptationQuality:2]]
[2023.11.05-16.42.34:212][  0]LogConfig: Setting CVar [[r.BloomQuality:5]]
[2023.11.05-16.42.34:212][  0]LogConfig: Setting CVar [[r.FastBlurThreshold:100]]
[2023.11.05-16.42.34:212][  0]LogConfig: Setting CVar [[r.Upscale.Quality:3]]
[2023.11.05-16.42.34:212][  0]LogConfig: Setting CVar [[r.Tonemapper.GrainQuantization:1]]
[2023.11.05-16.42.34:212][  0]LogConfig: Setting CVar [[r.LightShaftQuality:1]]
[2023.11.05-16.42.34:212][  0]LogConfig: Setting CVar [[r.Filter.SizeScale:1]]
[2023.11.05-16.42.34:212][  0]LogConfig: Setting CVar [[r.Tonemapper.Quality:5]]
[2023.11.05-16.42.34:212][  0]LogConfig: Setting CVar [[r.DOF.Gather.AccumulatorQuality:1        ; higher gathering accumulator quality]]
[2023.11.05-16.42.34:212][  0]LogConfig: Setting CVar [[r.DOF.Gather.PostfilterMethod:1          ; Median3x3 postfilering method]]
[2023.11.05-16.42.34:212][  0]LogConfig: Setting CVar [[r.DOF.Gather.EnableBokehSettings:0       ; no bokeh simulation when gathering]]
[2023.11.05-16.42.34:212][  0]LogConfig: Setting CVar [[r.DOF.Gather.RingCount:4                 ; medium number of samples when gathering]]
[2023.11.05-16.42.34:212][  0]LogConfig: Setting CVar [[r.DOF.Scatter.ForegroundCompositing:1    ; additive foreground scattering]]
[2023.11.05-16.42.34:212][  0]LogConfig: Setting CVar [[r.DOF.Scatter.BackgroundCompositing:2    ; additive background scattering]]
[2023.11.05-16.42.34:212][  0]LogConfig: Setting CVar [[r.DOF.Scatter.EnableBokehSettings:1      ; bokeh simulation when scattering]]
[2023.11.05-16.42.34:212][  0]LogConfig: Setting CVar [[r.DOF.Scatter.MaxSpriteRatio:0.1         ; only a maximum of 10% of scattered bokeh]]
[2023.11.05-16.42.34:212][  0]LogConfig: Setting CVar [[r.DOF.Recombine.Quality:1                ; cheap slight out of focus]]
[2023.11.05-16.42.34:212][  0]LogConfig: Setting CVar [[r.DOF.Recombine.EnableBokehSettings:0    ; no bokeh simulation on slight out of focus]]
[2023.11.05-16.42.34:212][  0]LogConfig: Setting CVar [[r.DOF.TemporalAAQuality:1                ; more stable temporal accumulation]]
[2023.11.05-16.42.34:212][  0]LogConfig: Setting CVar [[r.DOF.Kernel.MaxForegroundRadius:0.025]]
[2023.11.05-16.42.34:212][  0]LogConfig: Setting CVar [[r.DOF.Kernel.MaxBackgroundRadius:0.025]]
[2023.11.05-16.42.34:212][  0]LogConfig: Applying CVar settings from Section [TextureQuality@3] File [C:/Users/slava/Documents/GitHub/RPG/Saved/Config/Windows/Scalability.ini]
[2023.11.05-16.42.34:212][  0]LogConfig: Setting CVar [[r.Streaming.MipBias:0]]
[2023.11.05-16.42.34:212][  0]LogConfig: Setting CVar [[r.Streaming.AmortizeCPUToGPUCopy:0]]
[2023.11.05-16.42.34:212][  0]LogConfig: Setting CVar [[r.Streaming.MaxNumTexturesToStreamPerFrame:0]]
[2023.11.05-16.42.34:212][  0]LogConfig: Setting CVar [[r.Streaming.Boost:1]]
[2023.11.05-16.42.34:212][  0]LogConfig: Setting CVar [[r.MaxAnisotropy:8]]
[2023.11.05-16.42.34:212][  0]LogConfig: Setting CVar [[r.VT.MaxAnisotropy:8]]
[2023.11.05-16.42.34:212][  0]LogConfig: Setting CVar [[r.Streaming.LimitPoolSizeToVRAM:0]]
[2023.11.05-16.42.34:212][  0]LogConfig: Setting CVar [[r.Streaming.PoolSize:1000]]
[2023.11.05-16.42.34:212][  0]LogConfig: Setting CVar [[r.Streaming.MaxEffectiveScreenSize:0]]
[2023.11.05-16.42.34:212][  0]LogConfig: Applying CVar settings from Section [EffectsQuality@3] File [C:/Users/slava/Documents/GitHub/RPG/Saved/Config/Windows/Scalability.ini]
[2023.11.05-16.42.34:212][  0]LogConfig: Setting CVar [[r.TranslucencyLightingVolumeDim:64]]
[2023.11.05-16.42.34:212][  0]LogConfig: Setting CVar [[r.RefractionQuality:2]]
[2023.11.05-16.42.34:212][  0]LogConfig: Setting CVar [[r.SSR.Quality:3]]
[2023.11.05-16.42.34:212][  0]LogConfig: Setting CVar [[r.SSR.HalfResSceneColor:0]]
[2023.11.05-16.42.34:212][  0]LogConfig: Setting CVar [[r.SceneColorFormat:4]]
[2023.11.05-16.42.34:212][  0]LogConfig: Setting CVar [[r.DetailMode:2]]
[2023.11.05-16.42.34:212][  0]LogConfig: Setting CVar [[r.TranslucencyVolumeBlur:1]]
[2023.11.05-16.42.34:212][  0]LogConfig: Setting CVar [[r.MaterialQualityLevel:1 ; High quality]]
[2023.11.05-16.42.34:212][  0]LogConfig: Setting CVar [[r.AnisotropicMaterials:1]]
[2023.11.05-16.42.34:212][  0]LogConfig: Setting CVar [[r.SSS.Scale:1]]
[2023.11.05-16.42.34:212][  0]LogConfig: Setting CVar [[r.SSS.SampleSet:2]]
[2023.11.05-16.42.34:212][  0]LogConfig: Setting CVar [[r.SSS.Quality:1]]
[2023.11.05-16.42.34:212][  0]LogConfig: Setting CVar [[r.SSS.HalfRes:0]]
[2023.11.05-16.42.34:212][  0]LogConfig: Setting CVar [[r.SSGI.Quality:3]]
[2023.11.05-16.42.34:212][  0]LogConfig: Setting CVar [[r.EmitterSpawnRateScale:1.0]]
[2023.11.05-16.42.34:212][  0]LogConfig: Setting CVar [[r.ParticleLightQuality:2]]
[2023.11.05-16.42.34:212][  0]LogConfig: Setting CVar [[r.SkyAtmosphere.AerialPerspectiveLUT.FastApplyOnOpaque:1 ; Always have FastSkyLUT 1 in this case to avoid wrong sky]]
[2023.11.05-16.42.34:212][  0]LogConfig: Setting CVar [[r.SkyAtmosphere.AerialPerspectiveLUT.SampleCountMaxPerSlice:4]]
[2023.11.05-16.42.34:212][  0]LogConfig: Setting CVar [[r.SkyAtmosphere.AerialPerspectiveLUT.DepthResolution:16.0]]
[2023.11.05-16.42.34:212][  0]LogConfig: Setting CVar [[r.SkyAtmosphere.FastSkyLUT:1]]
[2023.11.05-16.42.34:212][  0]LogConfig: Setting CVar [[r.SkyAtmosphere.FastSkyLUT.SampleCountMin:4.0]]
[2023.11.05-16.42.34:212][  0]LogConfig: Setting CVar [[r.SkyAtmosphere.FastSkyLUT.SampleCountMax:128.0]]
[2023.11.05-16.42.34:212][  0]LogConfig: Setting CVar [[r.SkyAtmosphere.SampleCountMin:4.0]]
[2023.11.05-16.42.34:212][  0]LogConfig: Setting CVar [[r.SkyAtmosphere.SampleCountMax:128.0]]
[2023.11.05-16.42.34:212][  0]LogConfig: Setting CVar [[r.SkyAtmosphere.TransmittanceLUT.UseSmallFormat:0]]
[2023.11.05-16.42.34:212][  0]LogConfig: Setting CVar [[r.SkyAtmosphere.TransmittanceLUT.SampleCount:10.0]]
[2023.11.05-16.42.34:212][  0]LogConfig: Setting CVar [[r.SkyAtmosphere.MultiScatteringLUT.SampleCount:15.0]]
[2023.11.05-16.42.34:212][  0]LogConfig: Setting CVar [[r.SkyLight.RealTimeReflectionCapture:1]]
[2023.11.05-16.42.34:212][  0]LogConfig: Applying CVar settings from Section [FoliageQuality@3] File [C:/Users/slava/Documents/GitHub/RPG/Saved/Config/Windows/Scalability.ini]
[2023.11.05-16.42.34:212][  0]LogConfig: Setting CVar [[foliage.DensityScale:1.0]]
[2023.11.05-16.42.34:212][  0]LogConfig: Setting CVar [[grass.DensityScale:1.0]]
[2023.11.05-16.42.34:212][  0]LogConfig: Applying CVar settings from Section [ShadingQuality@3] File [C:/Users/slava/Documents/GitHub/RPG/Saved/Config/Windows/Scalability.ini]
[2023.11.05-16.42.34:212][  0]LogConfig: Setting CVar [[r.HairStrands.SkyLighting.IntegrationType:2]]
[2023.11.05-16.42.34:212][  0]LogConfig: Setting CVar [[r.HairStrands.SkyAO.SampleCount:4]]
[2023.11.05-16.42.34:212][  0]LogConfig: Setting CVar [[r.HairStrands.Visibility.MSAA.SamplePerPixel:4]]
[2023.11.05-16.42.34:213][  0]LogInit: Selected Device Profile: [Windows]
[2023.11.05-16.42.34:213][  0]LogInit: Applying CVar settings loaded from the selected device profile: [Windows]
[2023.11.05-16.42.34:213][  0]LogHAL: Display: Platform has ~ 16 GB [17125650432 / 17179869184 / 16], which maps to Larger [LargestMinGB=32, LargerMinGB=12, DefaultMinGB=8, SmallerMinGB=6, SmallestMinGB=0)
[2023.11.05-16.42.34:213][  0]LogInit: Going up to parent DeviceProfile []
[2023.11.05-16.42.34:213][  0]LogConfig: Applying CVar settings from Section [ViewDistanceQuality@3] File [C:/Users/slava/Documents/GitHub/RPG/Saved/Config/Windows/Scalability.ini]
[2023.11.05-16.42.34:213][  0]LogConfig: Setting CVar [[r.SkeletalMeshLODBias:0]]
[2023.11.05-16.42.34:213][  0]LogConfig: Setting CVar [[r.ViewDistanceScale:1.0]]
[2023.11.05-16.42.34:213][  0]LogConfig: Applying CVar settings from Section [AntiAliasingQuality@3] File [C:/Users/slava/Documents/GitHub/RPG/Saved/Config/Windows/Scalability.ini]
[2023.11.05-16.42.34:213][  0]LogConfig: Setting CVar [[r.PostProcessAAQuality:4]]
[2023.11.05-16.42.34:213][  0]LogConfig: Applying CVar settings from Section [ShadowQuality@3] File [C:/Users/slava/Documents/GitHub/RPG/Saved/Config/Windows/Scalability.ini]
[2023.11.05-16.42.34:213][  0]LogConfig: Setting CVar [[r.LightFunctionQuality:1]]
[2023.11.05-16.42.34:213][  0]LogConfig: Setting CVar [[r.ShadowQuality:5]]
[2023.11.05-16.42.34:213][  0]LogConfig: Setting CVar [[r.Shadow.CSM.MaxCascades:10]]
[2023.11.05-16.42.34:213][  0]LogConfig: Setting CVar [[r.Shadow.MaxResolution:2048]]
[2023.11.05-16.42.34:213][  0]LogConfig: Setting CVar [[r.Shadow.MaxCSMResolution:2048]]
[2023.11.05-16.42.34:213][  0]LogConfig: Setting CVar [[r.Shadow.RadiusThreshold:0.01]]
[2023.11.05-16.42.34:213][  0]LogConfig: Setting CVar [[r.Shadow.DistanceScale:1.0]]
[2023.11.05-16.42.34:213][  0]LogConfig: Setting CVar [[r.Shadow.CSM.TransitionScale:1.0]]
[2023.11.05-16.42.34:213][  0]LogConfig: Setting CVar [[r.Shadow.PreShadowResolutionFactor:1.0]]
[2023.11.05-16.42.34:213][  0]LogConfig: Setting CVar [[r.DistanceFieldShadowing:1]]
[2023.11.05-16.42.34:213][  0]LogConfig: Setting CVar [[r.DistanceFieldAO:1]]
[2023.11.05-16.42.34:213][  0]LogConfig: Setting CVar [[r.AOQuality:2]]
[2023.11.05-16.42.34:213][  0]LogConfig: Setting CVar [[r.VolumetricFog:1]]
[2023.11.05-16.42.34:213][  0]LogConfig: Setting CVar [[r.VolumetricFog.GridPixelSize:8]]
[2023.11.05-16.42.34:213][  0]LogConfig: Setting CVar [[r.VolumetricFog.GridSizeZ:128]]
[2023.11.05-16.42.34:213][  0]LogConfig: Setting CVar [[r.VolumetricFog.HistoryMissSupersampleCount:4]]
[2023.11.05-16.42.34:213][  0]LogConfig: Setting CVar [[r.LightMaxDrawDistanceScale:1]]
[2023.11.05-16.42.34:213][  0]LogConfig: Setting CVar [[r.CapsuleShadows:1]]
[2023.11.05-16.42.34:213][  0]LogConfig: Applying CVar settings from Section [PostProcessQuality@3] File [C:/Users/slava/Documents/GitHub/RPG/Saved/Config/Windows/Scalability.ini]
[2023.11.05-16.42.34:213][  0]LogConfig: Setting CVar [[r.MotionBlurQuality:4]]
[2023.11.05-16.42.34:213][  0]LogConfig: Setting CVar [[r.AmbientOcclusionMipLevelFactor:0.4]]
[2023.11.05-16.42.34:213][  0]LogConfig: Setting CVar [[r.AmbientOcclusionMaxQuality:100]]
[2023.11.05-16.42.34:213][  0]LogConfig: Setting CVar [[r.AmbientOcclusionLevels:-1]]
[2023.11.05-16.42.34:213][  0]LogConfig: Setting CVar [[r.AmbientOcclusionRadiusScale:1.0]]
[2023.11.05-16.42.34:213][  0]LogConfig: Setting CVar [[r.DepthOfFieldQuality:2]]
[2023.11.05-16.42.34:213][  0]LogConfig: Setting CVar [[r.RenderTargetPoolMin:400]]
[2023.11.05-16.42.34:213][  0]LogConfig: Setting CVar [[r.LensFlareQuality:2]]
[2023.11.05-16.42.34:213][  0]LogConfig: Setting CVar [[r.SceneColorFringeQuality:1]]
[2023.11.05-16.42.34:213][  0]LogConfig: Setting CVar [[r.EyeAdaptationQuality:2]]
[2023.11.05-16.42.34:213][  0]LogConfig: Setting CVar [[r.BloomQuality:5]]
[2023.11.05-16.42.34:213][  0]LogConfig: Setting CVar [[r.FastBlurThreshold:100]]
[2023.11.05-16.42.34:213][  0]LogConfig: Setting CVar [[r.Upscale.Quality:3]]
[2023.11.05-16.42.34:213][  0]LogConfig: Setting CVar [[r.Tonemapper.GrainQuantization:1]]
[2023.11.05-16.42.34:213][  0]LogConfig: Setting CVar [[r.LightShaftQuality:1]]
[2023.11.05-16.42.34:213][  0]LogConfig: Setting CVar [[r.Filter.SizeScale:1]]
[2023.11.05-16.42.34:213][  0]LogConfig: Setting CVar [[r.Tonemapper.Quality:5]]
[2023.11.05-16.42.34:213][  0]LogConfig: Setting CVar [[r.DOF.Gather.AccumulatorQuality:1        ; higher gathering accumulator quality]]
[2023.11.05-16.42.34:213][  0]LogConfig: Setting CVar [[r.DOF.Gather.PostfilterMethod:1          ; Median3x3 postfilering method]]
[2023.11.05-16.42.34:213][  0]LogConfig: Setting CVar [[r.DOF.Gather.EnableBokehSettings:0       ; no bokeh simulation when gathering]]
[2023.11.05-16.42.34:214][  0]LogConfig: Setting CVar [[r.DOF.Gather.RingCount:4                 ; medium number of samples when gathering]]
[2023.11.05-16.42.34:214][  0]LogConfig: Setting CVar [[r.DOF.Scatter.ForegroundCompositing:1    ; additive foreground scattering]]
[2023.11.05-16.42.34:214][  0]LogConfig: Setting CVar [[r.DOF.Scatter.BackgroundCompositing:2    ; additive background scattering]]
[2023.11.05-16.42.34:214][  0]LogConfig: Setting CVar [[r.DOF.Scatter.EnableBokehSettings:1      ; bokeh simulation when scattering]]
[2023.11.05-16.42.34:214][  0]LogConfig: Setting CVar [[r.DOF.Scatter.MaxSpriteRatio:0.1         ; only a maximum of 10% of scattered bokeh]]
[2023.11.05-16.42.34:214][  0]LogConfig: Setting CVar [[r.DOF.Recombine.Quality:1                ; cheap slight out of focus]]
[2023.11.05-16.42.34:214][  0]LogConfig: Setting CVar [[r.DOF.Recombine.EnableBokehSettings:0    ; no bokeh simulation on slight out of focus]]
[2023.11.05-16.42.34:214][  0]LogConfig: Setting CVar [[r.DOF.TemporalAAQuality:1                ; more stable temporal accumulation]]
[2023.11.05-16.42.34:214][  0]LogConfig: Setting CVar [[r.DOF.Kernel.MaxForegroundRadius:0.025]]
[2023.11.05-16.42.34:214][  0]LogConfig: Setting CVar [[r.DOF.Kernel.MaxBackgroundRadius:0.025]]
[2023.11.05-16.42.34:214][  0]LogConfig: Applying CVar settings from Section [TextureQuality@3] File [C:/Users/slava/Documents/GitHub/RPG/Saved/Config/Windows/Scalability.ini]
[2023.11.05-16.42.34:214][  0]LogConfig: Setting CVar [[r.Streaming.MipBias:0]]
[2023.11.05-16.42.34:214][  0]LogConfig: Setting CVar [[r.Streaming.AmortizeCPUToGPUCopy:0]]
[2023.11.05-16.42.34:214][  0]LogConfig: Setting CVar [[r.Streaming.MaxNumTexturesToStreamPerFrame:0]]
[2023.11.05-16.42.34:214][  0]LogConfig: Setting CVar [[r.Streaming.Boost:1]]
[2023.11.05-16.42.34:214][  0]LogConfig: Setting CVar [[r.MaxAnisotropy:8]]
[2023.11.05-16.42.34:214][  0]LogConfig: Setting CVar [[r.VT.MaxAnisotropy:8]]
[2023.11.05-16.42.34:214][  0]LogConfig: Setting CVar [[r.Streaming.LimitPoolSizeToVRAM:0]]
[2023.11.05-16.42.34:214][  0]LogConfig: Setting CVar [[r.Streaming.PoolSize:1000]]
[2023.11.05-16.42.34:214][  0]LogConfig: Setting CVar [[r.Streaming.MaxEffectiveScreenSize:0]]
[2023.11.05-16.42.34:214][  0]LogConfig: Applying CVar settings from Section [EffectsQuality@3] File [C:/Users/slava/Documents/GitHub/RPG/Saved/Config/Windows/Scalability.ini]
[2023.11.05-16.42.34:214][  0]LogConfig: Setting CVar [[r.TranslucencyLightingVolumeDim:64]]
[2023.11.05-16.42.34:214][  0]LogConfig: Setting CVar [[r.RefractionQuality:2]]
[2023.11.05-16.42.34:214][  0]LogConfig: Setting CVar [[r.SSR.Quality:3]]
[2023.11.05-16.42.34:214][  0]LogConfig: Setting CVar [[r.SSR.HalfResSceneColor:0]]
[2023.11.05-16.42.34:214][  0]LogConfig: Setting CVar [[r.SceneColorFormat:4]]
[2023.11.05-16.42.34:214][  0]LogConfig: Setting CVar [[r.DetailMode:2]]
[2023.11.05-16.42.34:214][  0]LogConfig: Setting CVar [[r.TranslucencyVolumeBlur:1]]
[2023.11.05-16.42.34:214][  0]LogConfig: Setting CVar [[r.MaterialQualityLevel:1 ; High quality]]
[2023.11.05-16.42.34:214][  0]LogConfig: Setting CVar [[r.AnisotropicMaterials:1]]
[2023.11.05-16.42.34:214][  0]LogConfig: Setting CVar [[r.SSS.Scale:1]]
[2023.11.05-16.42.34:214][  0]LogConfig: Setting CVar [[r.SSS.SampleSet:2]]
[2023.11.05-16.42.34:214][  0]LogConfig: Setting CVar [[r.SSS.Quality:1]]
[2023.11.05-16.42.34:214][  0]LogConfig: Setting CVar [[r.SSS.HalfRes:0]]
[2023.11.05-16.42.34:214][  0]LogConfig: Setting CVar [[r.SSGI.Quality:3]]
[2023.11.05-16.42.34:214][  0]LogConfig: Setting CVar [[r.EmitterSpawnRateScale:1.0]]
[2023.11.05-16.42.34:214][  0]LogConfig: Setting CVar [[r.ParticleLightQuality:2]]
[2023.11.05-16.42.34:214][  0]LogConfig: Setting CVar [[r.SkyAtmosphere.AerialPerspectiveLUT.FastApplyOnOpaque:1 ; Always have FastSkyLUT 1 in this case to avoid wrong sky]]
[2023.11.05-16.42.34:214][  0]LogConfig: Setting CVar [[r.SkyAtmosphere.AerialPerspectiveLUT.SampleCountMaxPerSlice:4]]
[2023.11.05-16.42.34:214][  0]LogConfig: Setting CVar [[r.SkyAtmosphere.AerialPerspectiveLUT.DepthResolution:16.0]]
[2023.11.05-16.42.34:214][  0]LogConfig: Setting CVar [[r.SkyAtmosphere.FastSkyLUT:1]]
[2023.11.05-16.42.34:214][  0]LogConfig: Setting CVar [[r.SkyAtmosphere.FastSkyLUT.SampleCountMin:4.0]]
[2023.11.05-16.42.34:214][  0]LogConfig: Setting CVar [[r.SkyAtmosphere.FastSkyLUT.SampleCountMax:128.0]]
[2023.11.05-16.42.34:214][  0]LogConfig: Setting CVar [[r.SkyAtmosphere.SampleCountMin:4.0]]
[2023.11.05-16.42.34:214][  0]LogConfig: Setting CVar [[r.SkyAtmosphere.SampleCountMax:128.0]]
[2023.11.05-16.42.34:214][  0]LogConfig: Setting CVar [[r.SkyAtmosphere.TransmittanceLUT.UseSmallFormat:0]]
[2023.11.05-16.42.34:214][  0]LogConfig: Setting CVar [[r.SkyAtmosphere.TransmittanceLUT.SampleCount:10.0]]
[2023.11.05-16.42.34:214][  0]LogConfig: Setting CVar [[r.SkyAtmosphere.MultiScatteringLUT.SampleCount:15.0]]
[2023.11.05-16.42.34:214][  0]LogConfig: Setting CVar [[r.SkyLight.RealTimeReflectionCapture:1]]
[2023.11.05-16.42.34:214][  0]LogConfig: Applying CVar settings from Section [FoliageQuality@3] File [C:/Users/slava/Documents/GitHub/RPG/Saved/Config/Windows/Scalability.ini]
[2023.11.05-16.42.34:214][  0]LogConfig: Setting CVar [[foliage.DensityScale:1.0]]
[2023.11.05-16.42.34:214][  0]LogConfig: Setting CVar [[grass.DensityScale:1.0]]
[2023.11.05-16.42.34:214][  0]LogConfig: Applying CVar settings from Section [ShadingQuality@3] File [C:/Users/slava/Documents/GitHub/RPG/Saved/Config/Windows/Scalability.ini]
[2023.11.05-16.42.34:214][  0]LogConfig: Setting CVar [[r.HairStrands.SkyLighting.IntegrationType:2]]
[2023.11.05-16.42.34:214][  0]LogConfig: Setting CVar [[r.HairStrands.SkyAO.SampleCount:4]]
[2023.11.05-16.42.34:214][  0]LogConfig: Setting CVar [[r.HairStrands.Visibility.MSAA.SamplePerPixel:4]]
[2023.11.05-16.42.34:215][  0]LogConfig: Applying CVar settings from Section [Startup] File [../../../Engine/Config/ConsoleVariables.ini]
[2023.11.05-16.42.34:215][  0]LogConfig: Setting CVar [[net.UseAdaptiveNetUpdateFrequency:0]]
[2023.11.05-16.42.34:215][  0]LogConfig: Setting CVar [[p.chaos.AllowCreatePhysxBodies:1]]
[2023.11.05-16.42.34:215][  0]LogConfig: Setting CVar [[fx.SkipVectorVMBackendOptimizations:1]]
[2023.11.05-16.42.34:215][  0]LogConfig: Applying CVar settings from Section [ConsoleVariables] File [C:/Users/slava/Documents/GitHub/RPG/Saved/Config/Windows/Engine.ini]
[2023.11.05-16.42.34:215][  0]LogConfig: Applying CVar settings from Section [ConsoleVariables] File [C:/Users/slava/Documents/GitHub/RPG/Saved/Config/Windows/Editor.ini]
[2023.11.05-16.42.34:215][  0]LogInit: Computer: DESKTOP-SIB876J
[2023.11.05-16.42.34:215][  0]LogInit: User: slava
[2023.11.05-16.42.34:215][  0]LogInit: CPU Page size=4096, Cores=8
[2023.11.05-16.42.34:215][  0]LogInit: High frequency timer resolution =10.000000 MHz
[2023.11.05-16.42.34:215][  0]LogMemory: Memory total: Physical=15.9GB (16GB approx)
[2023.11.05-16.42.34:215][  0]LogMemory: Platform Memory Stats for Windows
[2023.11.05-16.42.34:215][  0]LogMemory: Process Physical Memory: 148.64 MB used, 148.64 MB peak
[2023.11.05-16.42.34:215][  0]LogMemory: Process Virtual Memory: 132.02 MB used, 132.02 MB peak
[2023.11.05-16.42.34:215][  0]LogMemory: Physical Memory: 8221.84 MB used,  8110.45 MB free, 16332.29 MB total
[2023.11.05-16.42.34:215][  0]LogMemory: Virtual Memory: 134210832.00 MB used,  6896.56 MB free, 134217728.00 MB total
[2023.11.05-16.42.34:224][  0]LogWindows: WindowsPlatformFeatures enabled
[2023.11.05-16.42.34:294][  0]LogInit: Physics initialised using underlying interface: PhysX
[2023.11.05-16.42.34:295][  0]LogInit: Using OS detected language (ru-RU).
[2023.11.05-16.42.34:295][  0]LogInit: Using OS detected locale (ru-RU).
[2023.11.05-16.42.34:300][  0]LogTextLocalizationManager: No specific localization for 'ru-RU' exists, so the 'ru' localization will be used.
[2023.11.05-16.42.34:301][  0]LogTextLocalizationResource: LocRes '../../../Engine/Content/Localization/Editor/ru/Editor.locres' could not be opened for reading!
[2023.11.05-16.42.34:301][  0]LogTextLocalizationResource: LocRes '../../../Engine/Content/Localization/EditorTutorials/ru/EditorTutorials.locres' could not be opened for reading!
[2023.11.05-16.42.34:301][  0]LogTextLocalizationResource: LocRes '../../../Engine/Content/Localization/Keywords/ru/Keywords.locres' could not be opened for reading!
[2023.11.05-16.42.34:301][  0]LogTextLocalizationResource: LocRes '../../../Engine/Content/Localization/Category/ru/Category.locres' could not be opened for reading!
[2023.11.05-16.42.34:302][  0]LogTextLocalizationResource: LocRes '../../../Engine/Content/Localization/ToolTips/ru/ToolTips.locres' could not be opened for reading!
[2023.11.05-16.42.34:302][  0]LogTextLocalizationResource: LocRes '../../../Engine/Content/Localization/PropertyNames/ru/PropertyNames.locres' could not be opened for reading!
[2023.11.05-16.42.34:302][  0]LogTextLocalizationResource: LocRes '../../../Engine/Content/Localization/Engine/ru/Engine.locres' could not be opened for reading!
[2023.11.05-16.42.34:303][  0]LogInit: Setting process to per monitor DPI aware
[2023.11.05-16.42.34:320][  0]LogWindowsTextInputMethodSystem: Display: IME system deactivated.
[2023.11.05-16.42.34:338][  0]LogSlate: New Slate User Created.  User Index 0, Is Virtual User: 0
[2023.11.05-16.42.34:338][  0]LogSlate: Slate User Registered.  User Index 0, Is Virtual User: 0
[2023.11.05-16.42.34:509][  0]LogD3D11RHI: Loaded GFSDK_Aftermath_Lib.x64.dll
[2023.11.05-16.42.34:513][  0]LogHMD: Failed to initialize OpenVR with code 110
[2023.11.05-16.42.34:513][  0]LogD3D11RHI: D3D11 min allowed feature level: 11_0
[2023.11.05-16.42.34:513][  0]LogD3D11RHI: D3D11 max allowed feature level: 11_0
[2023.11.05-16.42.34:513][  0]LogD3D11RHI: D3D11 adapters:
[2023.11.05-16.42.34:767][  0]LogD3D11RHI:    0. 'NVIDIA GeForce GTX 1660 Ti' (Feature Level 11_0)
[2023.11.05-16.42.34:767][  0]LogD3D11RHI:       5979/0/8166 MB DedicatedVideo/DedicatedSystem/SharedSystem, Outputs:1, VendorId:0x10de
[2023.11.05-16.42.34:770][  0]LogD3D11RHI:    1. 'Microsoft Basic Render Driver' (Feature Level 11_0)
[2023.11.05-16.42.34:770][  0]LogD3D11RHI:       0/0/8166 MB DedicatedVideo/DedicatedSystem/SharedSystem, Outputs:0, VendorId:0x1414
[2023.11.05-16.42.34:770][  0]LogD3D11RHI: Chosen D3D11 Adapter:
[2023.11.05-16.42.34:770][  0]LogD3D11RHI:     Description : NVIDIA GeForce GTX 1660 Ti
[2023.11.05-16.42.34:770][  0]LogD3D11RHI:     VendorId    : 10de
[2023.11.05-16.42.34:770][  0]LogD3D11RHI:     DeviceId    : 2182
[2023.11.05-16.42.34:770][  0]LogD3D11RHI:     SubSysId    : 3fbe1458
[2023.11.05-16.42.34:770][  0]LogD3D11RHI:     Revision    : 00a1
[2023.11.05-16.42.34:770][  0]LogD3D11RHI:     DedicatedVideoMemory : 6269435904 bytes
[2023.11.05-16.42.34:770][  0]LogD3D11RHI:     DedicatedSystemMemory : 0 bytes
[2023.11.05-16.42.34:770][  0]LogD3D11RHI:     SharedSystemMemory : 8562825216 bytes
[2023.11.05-16.42.34:770][  0]LogD3D11RHI:     AdapterLuid : 0 60960
[2023.11.05-16.42.34:779][  0]LogD3D11RHI: Creating new Direct3DDevice
[2023.11.05-16.42.34:779][  0]LogD3D11RHI:     GPU DeviceId: 0x2182 (for the marketing name, search the web for "GPU Device Id")
[2023.11.05-16.42.34:779][  0]LogWindows: EnumDisplayDevices:
[2023.11.05-16.42.34:779][  0]LogWindows:    0. 'NVIDIA GeForce GTX 1660 Ti' (P:1 D:1)
[2023.11.05-16.42.34:780][  0]LogWindows:    1. 'NVIDIA GeForce GTX 1660 Ti' (P:0 D:0)
[2023.11.05-16.42.34:781][  0]LogWindows:    2. 'NVIDIA GeForce GTX 1660 Ti' (P:0 D:0)
[2023.11.05-16.42.34:781][  0]LogWindows:    3. 'NVIDIA GeForce GTX 1660 Ti' (P:0 D:0)
[2023.11.05-16.42.34:781][  0]LogWindows: DebugString: FoundDriverCount:4 
[2023.11.05-16.42.34:781][  0]LogD3D11RHI:     Adapter Name: NVIDIA GeForce GTX 1660 Ti
[2023.11.05-16.42.34:781][  0]LogD3D11RHI:   Driver Version: 536.23 (internal:31.0.15.3623, unified:536.23)
[2023.11.05-16.42.34:781][  0]LogD3D11RHI:      Driver Date: 6-8-2023
[2023.11.05-16.42.34:782][  0]LogRHI: Texture pool is 4185 MB (70% of 5979 MB)
[2023.11.05-16.42.34:782][  0]LogD3D11RHI: Creating D3DDevice using adapter:
[2023.11.05-16.42.34:782][  0]LogD3D11RHI:     Description : NVIDIA GeForce GTX 1660 Ti
[2023.11.05-16.42.34:782][  0]LogD3D11RHI:     VendorId    : 10de
[2023.11.05-16.42.34:782][  0]LogD3D11RHI:     DeviceId    : 2182
[2023.11.05-16.42.34:782][  0]LogD3D11RHI:     SubSysId    : 3fbe1458
[2023.11.05-16.42.34:782][  0]LogD3D11RHI:     Revision    : 00a1
[2023.11.05-16.42.34:782][  0]LogD3D11RHI:     DedicatedVideoMemory : 6269435904 bytes
[2023.11.05-16.42.34:782][  0]LogD3D11RHI:     DedicatedSystemMemory : 0 bytes
[2023.11.05-16.42.34:782][  0]LogD3D11RHI:     SharedSystemMemory : 8562825216 bytes
[2023.11.05-16.42.34:782][  0]LogD3D11RHI:     AdapterLuid : 0 60960
[2023.11.05-16.42.34:926][  0]LogD3D11RHI: RHI has support for 64 bit atomics
[2023.11.05-16.42.34:927][  0]LogD3D11RHI: Async texture creation enabled
[2023.11.05-16.42.34:927][  0]LogD3D11RHI: Array index from any shader is supported
[2023.11.05-16.42.34:951][  0]LogD3D11RHI: GPU Timing Frequency: 1000.000000 (Debug: 2 1)
[2023.11.05-16.42.35:026][  0]LogRHI: GeForceNow SDK initialized: 1
[2023.11.05-16.42.35:506][  0]LogTargetPlatformManager: Display: Loaded TargetPlatform 'AllDesktop'
[2023.11.05-16.42.35:533][  0]LogTargetPlatformManager: Display: Loaded TargetPlatform 'Android'
[2023.11.05-16.42.35:533][  0]LogTargetPlatformManager: Display: Loaded TargetPlatform 'Android_ASTC'
[2023.11.05-16.42.35:533][  0]LogTargetPlatformManager: Display: Loaded TargetPlatform 'Android_DXT'
[2023.11.05-16.42.35:533][  0]LogTargetPlatformManager: Display: Loaded TargetPlatform 'Android_ETC2'
[2023.11.05-16.42.35:533][  0]LogTargetPlatformManager: Display: Loaded TargetPlatform 'AndroidClient'
[2023.11.05-16.42.35:533][  0]LogTargetPlatformManager: Display: Loaded TargetPlatform 'Android_ASTCClient'
[2023.11.05-16.42.35:533][  0]LogTargetPlatformManager: Display: Loaded TargetPlatform 'Android_DXTClient'
[2023.11.05-16.42.35:533][  0]LogTargetPlatformManager: Display: Loaded TargetPlatform 'Android_ETC2Client'
[2023.11.05-16.42.35:533][  0]LogTargetPlatformManager: Display: Loaded TargetPlatform 'Android_Multi'
[2023.11.05-16.42.35:533][  0]LogTargetPlatformManager: Display: Loaded TargetPlatform 'Android_MultiClient'
[2023.11.05-16.42.35:556][  0]LogTargetPlatformManager: Display: Loaded TargetPlatform 'IOSClient'
[2023.11.05-16.42.35:556][  0]LogTargetPlatformManager: Display: Loaded TargetPlatform 'IOS'
[2023.11.05-16.42.35:569][  0]LogTargetPlatformManager: Display: Loaded TargetPlatform 'Linux'
[2023.11.05-16.42.35:576][  0]LogTargetPlatformManager: Display: Loaded TargetPlatform 'LinuxNoEditor'
[2023.11.05-16.42.35:582][  0]LogTargetPlatformManager: Display: Loaded TargetPlatform 'LinuxClient'
[2023.11.05-16.42.35:588][  0]LogTargetPlatformManager: Display: Loaded TargetPlatform 'LinuxServer'
[2023.11.05-16.42.35:600][  0]LogTargetPlatformManager: Display: Loaded TargetPlatform 'LinuxAArch64NoEditor'
[2023.11.05-16.42.35:606][  0]LogTargetPlatformManager: Display: Loaded TargetPlatform 'LinuxAArch64Client'
[2023.11.05-16.42.35:612][  0]LogTargetPlatformManager: Display: Loaded TargetPlatform 'LinuxAArch64Server'
[2023.11.05-16.42.35:644][  0]LogTargetPlatformManager: Display: Loaded TargetPlatform 'Lumin'
[2023.11.05-16.42.35:644][  0]LogTargetPlatformManager: Display: Loaded TargetPlatform 'LuminClient'
[2023.11.05-16.42.35:655][  0]LogTargetPlatformManager: Display: Loaded TargetPlatform 'MacNoEditor'
[2023.11.05-16.42.35:661][  0]LogTargetPlatformManager: Display: Loaded TargetPlatform 'Mac'
[2023.11.05-16.42.35:666][  0]LogTargetPlatformManager: Display: Loaded TargetPlatform 'MacClient'
[2023.11.05-16.42.35:672][  0]LogTargetPlatformManager: Display: Loaded TargetPlatform 'MacServer'
[2023.11.05-16.42.35:686][  0]LogTargetPlatformManager: Display: Loaded TargetPlatform 'TVOSClient'
[2023.11.05-16.42.35:686][  0]LogTargetPlatformManager: Display: Loaded TargetPlatform 'TVOS'
[2023.11.05-16.42.35:697][  0]LogTargetPlatformManager: Display: Loaded TargetPlatform 'WindowsNoEditor'
[2023.11.05-16.42.35:704][  0]LogTargetPlatformManager: Display: Loaded TargetPlatform 'Windows'
[2023.11.05-16.42.35:712][  0]LogTargetPlatformManager: Display: Loaded TargetPlatform 'WindowsClient'
[2023.11.05-16.42.35:718][  0]LogTargetPlatformManager: Display: Loaded TargetPlatform 'WindowsServer'
[2023.11.05-16.42.35:718][  0]LogTargetPlatformManager: Display: Building Assets For Windows
[2023.11.05-16.42.35:728][  0]LogAudioDebug: Display: Lib vorbis DLL was dynamically loaded.
[2023.11.05-16.42.35:777][  0]LogTextureFormatOodle: Display: Oodle Texture 2.9.0 init RDO Off
[2023.11.05-16.42.35:820][  0]LogRendererCore: Ray tracing is disabled. Reason: r.RayTracing=0.
[2023.11.05-16.42.35:820][  0]LogShaderCompilers: Guid format shader working directory is -5 characters bigger than the processId version (../../../../../../Users/slava/Documents/GitHub/RPG/Intermediate/Shaders/WorkingDirectory/20212/).
[2023.11.05-16.42.35:820][  0]LogShaderCompilers: Cleaned the shader compiler working directory 'C:/Users/slava/AppData/Local/Temp/UnrealShaderWorkingDir/7359BC8E4B1B735E1B91508CD456A86B/'.
[2023.11.05-16.42.35:820][  0]LogXGEController: Cannot use XGE Controller as Incredibuild is not installed on this machine.
[2023.11.05-16.42.35:820][  0]LogShaderCompilers: Cannot use XGE Shader Compiler as Incredibuild is not installed on this machine.
[2023.11.05-16.42.35:820][  0]LogShaderCompilers: Display: Using Local Shader Compiler.
[2023.11.05-16.42.36:732][  0]LogDerivedDataCache: Display: Max Cache Size: 512 MB
[2023.11.05-16.42.36:793][  0]LogDerivedDataCache: Loaded boot cache 0.06s 94MB C:/Users/slava/AppData/Local/UnrealEngine/4.27/DerivedDataCache/Boot.ddc.
[2023.11.05-16.42.36:793][  0]LogDerivedDataCache: Display: Loaded Boot cache: C:/Users/slava/AppData/Local/UnrealEngine/4.27/DerivedDataCache/Boot.ddc
[2023.11.05-16.42.36:793][  0]LogDerivedDataCache: FDerivedDataBackendGraph:  Pak pak cache file ../../../../../../Users/slava/Documents/GitHub/RPG/DerivedDataCache/DDC.ddp not found, will not use a pak cache.
[2023.11.05-16.42.36:793][  0]LogDerivedDataCache: Unable to find inner node Pak for hierarchical cache Hierarchy.
[2023.11.05-16.42.36:793][  0]LogDerivedDataCache: FDerivedDataBackendGraph:  CompressedPak pak cache file ../../../../../../Users/slava/Documents/GitHub/RPG/DerivedDataCache/Compressed.ddp not found, will not use a pak cache.
[2023.11.05-16.42.36:793][  0]LogDerivedDataCache: Unable to find inner node CompressedPak for hierarchical cache Hierarchy.
[2023.11.05-16.42.36:816][  0]LogDerivedDataCache: Display: Pak cache opened for reading ../../../Engine/DerivedDataCache/Compressed.ddp.
[2023.11.05-16.42.36:816][  0]LogDerivedDataCache: FDerivedDataBackendGraph:  EnterprisePak pak cache file ../../../Enterprise/DerivedDataCache/Compressed.ddp not found, will not use a pak cache.
[2023.11.05-16.42.36:816][  0]LogDerivedDataCache: Unable to find inner node EnterprisePak for hierarchical cache Hierarchy.
[2023.11.05-16.42.36:830][  0]LogDerivedDataCache: Speed tests for C:/Users/slava/AppData/Local/UnrealEngine/Common/DerivedDataCache took 0.01 seconds
[2023.11.05-16.42.36:831][  0]LogDerivedDataCache: Display: Performance to C:/Users/slava/AppData/Local/UnrealEngine/Common/DerivedDataCache: Latency=0.05ms. RandomReadSpeed=1052.28MBs, RandomWriteSpeed=74.12MBs. Assigned SpeedClass 'Local'
[2023.11.05-16.42.36:832][  0]LogDerivedDataCache: Using Local data cache path C:/Users/slava/AppData/Local/UnrealEngine/Common/DerivedDataCache: Writable
[2023.11.05-16.42.36:832][  0]LogDerivedDataCache: Shared data cache path not found in *engine.ini, will not use an Shared cache.
[2023.11.05-16.42.36:832][  0]LogDerivedDataCache: Unable to find inner node Shared for hierarchical cache Hierarchy.
[2023.11.05-16.42.36:890][  0]LogSlate: Using FreeType 2.10.0
[2023.11.05-16.42.36:891][  0]LogSlate: SlateFontServices - WITH_FREETYPE: 1, WITH_HARFBUZZ: 1
[2023.11.05-16.42.36:938][  0]LogAssetRegistry: FAssetRegistry took 0.0037 seconds to start up
[2023.11.05-16.42.37:373][  0]LogInit: Selected Device Profile: [Windows]
[2023.11.05-16.42.37:373][  0]LogInit: Active device profile: [000001A5CE6E8D00][000001A5BF230140 49] Windows
[2023.11.05-16.42.37:373][  0]LogInit: Profiles: [000001A5CE6E8D00][000001A5BF230140 49] Windows, [000001A5CE6BE100][000001A5BF2382C0 49] WindowsNoEditor, [000001A5CE6E9C00][000001A5BF23C440 49] WindowsServer, [000001A5CE6BEF00][000001A5BF234580 49] WindowsClient, [000001A5CE6EA900][000001A5CF4BE6C0 49] IOS, [000001A5CE6BD800][000001A5CF4C2800 49] iPadAir, [000001A5CE6EBE00][000001A5CF4C6940 49] iPadAir2, [000001A5CE655100][000001A5CF4D2C00 49] IPadPro, [000001A5CE655200][000001A5CF4CEC40 49] iPadAir3, [000001A5CE6BCC00][000001A5CF4D6DC0 49] iPadAir4, [000001A5CE655E00][000001A5CF4DAF40 49] iPadMini2, [000001A5CE6BF100][000001A5CF4DF0C0 49] iPadMini3, [000001A5CE657900][000001A5CF4E3240 49] iPadMini4, [000001A5CE6BD000][000001A5CF4E73C0 49] iPadMini5, [000001A5CE674900][000001A5CF4EF680 49] iPhone6, [000001A5CE674A00][000001A5CF4EB6C0 49] iPodTouch6, [000001A5CE6EAE00][000001A5CF4F7980 49] iPhone7, [000001A5CE6EAF00][000001A5CF4F39C0 49] iPodTouch7, [000001A5CE657E00][000001A5CF4FBB40 49] iPhone5S, [000001A5CE6E9000][000001A5CF4FE140 49] iPhone6Plus, [000001A5CE674100][000001A5CF5022C0 49] iPhone6S, [000001A5CE654300][000001A5CF506440 49] iPhone6SPlus, [000001A5CE676800][000001A5CF50A5C0 49] iPhone7Plus, [000001A5CE656400][000001A5CF50E740 49] iPhoneSE, [000001A5CE676600][000001A5CF4CA880 49] iPhone8, [000001A5CE654400][000001A5CF5129C0 49] iPhone8Plus, [000001A5CE677100][000001A5CF516B00 49] iPhoneX, [000001A5CE6E9500][000001A5CF51EC80 49] iPhoneXS, [000001A5CE676B00][000001A5CF522E00 49] iPhoneXSMax, [000001A5CE6E8700][000001A5CF52AF80 49] iPhoneXR, [000001A5CE674800][000001A5CF52F100 49] iPhone11, [000001A5CE6E9100][000001A5CF533280 49] iPhone11Pro, [000001A5CE675A00][000001A5CF537400 49] iPhone11ProMax, [000001A5CE6EB700][000001A5CF53B580 49] iPhoneSE2, [000001A5CE677800][000001A5CF53F700 49] iPhone12Mini, [000001A5CE6EA300][000001A5CF543880 49] iPhone12, [000001A5CE677200][000001A5CF547A00 49] iPhone12Pro, [000001A5CE6E9300][000001A5CF54BB80 49] iPhone12ProMax, [000001A5CE675500][000001A5CF54E180 49] iPadPro105, [000001A5CE6E8A00][000001A5CF552300 49] iPadPro129, [000001A5CE677D00][000001A5CF556480 49] iPadPro97, [000001A5CE6EAA00][000001A5CF55A600 49] iPadPro2_129, [000001A5CE674E00][000001A5CF55E780 49] iPad5, [000001A5CE6E9F00][000001A5CF562900 49] iPad6, [000001A5CE675300][000001A5CF51AA40 49] iPad7, [000001A5CE6E8200][000001A5CF566B80 49] iPad8, [000001A5CE674300][000001A5CF56ACC0 49] iPadPro11, [000001A5CE6EB100][000001A5CF584E40 49] iPadPro2_11, [000001A5CE675600][000001A5CF588FC0 49] iPadPro3_129, [000001A5CE6EA700][000001A5CF5BD140 49] iPadPro4_129, [000001A5CE675000][000001A5CF5F12C0 49] AppleTV, [000001A5CE6E8900][000001A5CF5F9440 49] AppleTV4K, [000001A5CE676300][000001A5CF6655C0 49] TVOS, [000001A5CE6E8300][000001A5CF669740 49] Mac, [000001A5CE677600][000001A5CF66D8C0 49] MacClient, [000001A5CE6EB900][000001A5CF671A40 49] MacNoEditor, [000001A5CE677000][000001A5CF675BC0 49] MacServer, [000001A5CE6E8800][000001A5CF6781C0 49] Linux, [000001A5CE675D00][000001A5CF68C340 49] LinuxAArch64, [000001A5CE6EAB00][000001A5CF6904C0 49] LinuxNoEditor, [000001A5CE677B00][000001A5CF6AC640 49] LinuxAArch64NoEditor, [000001A5CE6E8400][000001A5CF6C07C0 49] LinuxClient, [000001A5CE676D00][000001A5CF6C4940 49] LinuxAArch64Client, [000001A5CE6EB500][000001A5CF6C8AC0 49] LinuxServer, [000001A5CE677F00][000001A5CF580C00 49] LinuxAArch64Server, [000001A5CE6EBA00][000001A5CF6D0D40 49] Android, [000001A5CE675C00][000001A5CF6D8E80 49] Android_Low, [000001A5CE6EA100][000001A5CF6DCFC0 49] Android_Mid, [000001A5CE676200][000001A5CF6E5140 49] Android_High, [000001A5CE6EB400][000001A5CF6E92C0 49] Android_Default, [000001A5CE675F00][000001A5CF6ED440 49] Android_Adreno4xx, [000001A5CE6E8B00][000001A5CF6F15C0 49] Android_Adreno5xx_Low, [000001A5CE676F00][000001A5CF6F5740 49] Android_Adreno5xx, [000001A5CE6EBD00][000001A5CF6F98C0 49] Android_Adreno6xx, [000001A5CE6BC500][000001A5CF6FDA40 49] Android_Adreno6xx_Vulkan, [000001A5CE655500][000001A5CF701BC0 49] Android_Mali_T6xx, [000001A5CE6BFF00][000001A5CF7041C0 49] Android_Mali_T7xx, [000001A5CE657300][000001A5CF708340 49] Android_Mali_T8xx, [000001A5CE6BED00][000001A5CF70C4C0 49] Android_Mali_G71, [000001A5CE654100][000001A5CF710640 49] Android_Mali_G72, [000001A5CE6BD400][000001A5CF7147C0 49] Android_Mali_G72_Vulkan, [000001A5CE655300][000001A5CF718940 49] Android_Mali_G76, [000001A5CE6BFB00][000001A5CF71CAC0 49] Android_Mali_G76_Vulkan, [000001A5CE656C00][000001A5CF720C40 49] Android_Mali_G77, [000001A5CE6BD300][000001A5CF6E0D80 49] Android_Mali_G77_Vulkan, [000001A5CE655800][000001A5CF724EC0 49] Android_Mali_G78, [000001A5CE6BE000][000001A5CF729000 49] Android_Mali_G78_Vulkan, [000001A5CE657D00][000001A5CF72D140 49] Android_Mali_G710, [000001A5CE6BC300][000001A5CF7352C0 49] Android_Mali_G710_Vulkan, [000001A5CE654200][000001A5CF739440 49] Android_Vulkan_SM5, [000001A5CE6BC800][000001A5CF73D5C0 49] Android_PowerVR_G6xxx, [000001A5CE656500][000001A5CF741740 49] Android_PowerVR_GT7xxx, [000001A5CE6BCE00][000001A5CF7458C0 49] Android_PowerVR_GE8xxx, [000001A5CE655400][000001A5CF749A40 49] Android_PowerVR_GM9xxx, [000001A5CE6BCD00][000001A5CF74DBC0 49] Android_PowerVR_GM9xxx_Vulkan, [000001A5CE656600][000001A5CF7501C0 49] Android_TegraK1, [000001A5CE6BDC00][000001A5CF754340 49] Android_Unknown_Vulkan, [000001A5CE657C00][000001A5CF7584C0 49] Lumin, [000001A5CE6BCA00][000001A5CF75C640 49] Lumin_Desktop, [000001A5CE657B00][000001A5CF7607C0 49] HoloLens, 
[2023.11.05-16.42.37:548][  0]LogMeshReduction: Using QuadricMeshReduction for automatic static mesh reduction
[2023.11.05-16.42.37:548][  0]LogMeshReduction: Using SimplygonMeshReduction for automatic skeletal mesh reduction
[2023.11.05-16.42.37:548][  0]LogMeshReduction: Using ProxyLODMeshReduction for automatic mesh merging
[2023.11.05-16.42.37:548][  0]LogMeshReduction: No distributed automatic mesh merging module available
[2023.11.05-16.42.37:548][  0]LogMeshMerging: No distributed automatic mesh merging module available
[2023.11.05-16.42.37:569][  0]LogNetVersion: DnDRPG_GIT 1.0.0, NetCL: 17155196, EngineNetVer: 17, GameNetVer: 0 (Checksum: 2364275264)
[2023.11.05-16.42.38:042][  0]LogTexture: Default maximum texture size for cubemaps generated from long-lat sources has been changed from 512 to unlimited. In order to preserve old behaiour for '/Engine/MapTemplates/Sky/DaylightAmbientCubemap.DaylightAmbientCubemap', its maximum texture size has been explicitly set to 512.
[2023.11.05-16.42.38:110][  0]LogHMD: PokeAHoleMaterial loaded successfully
[2023.11.05-16.42.38:118][  0]LogUObjectArray: 17178 objects as part of root set at end of initial load.
[2023.11.05-16.42.38:118][  0]LogUObjectAllocator: 4302048 out of 0 bytes used by permanent object pool.
[2023.11.05-16.42.38:118][  0]LogUObjectArray: CloseDisregardForGC: 0/0 objects in disregard for GC pool
[2023.11.05-16.42.38:375][  0]LogNiagaraDebuggerClient: Niagara Debugger Client Initialized | Session: EA12F2DA4426BBE0FC5ED6BF65836A16 | Instance: B0C3FEBD41200687D18291AA1642CC8E (DESKTOP-SIB876J-20212).
[2023.11.05-16.42.38:563][  0]LogPython: Using Python 3.7.7
[2023.11.05-16.42.39:339][  0]LogUdpMessaging: Initializing bridge on interface 0.0.0.0:0 to multicast group 230.0.0.1:6666.
[2023.11.05-16.42.39:348][  0]LogTcpMessaging: Initializing TcpMessaging bridge
[2023.11.05-16.42.39:556][  0]SourceControl: Source control is disabled
[2023.11.05-16.42.39:556][  0]SourceControl: Source control is disabled
[2023.11.05-16.42.39:565][  0]SourceControl: Source control is disabled
[2023.11.05-16.42.39:570][  0]SourceControl: Source control is disabled
[2023.11.05-16.42.39:583][  0]SourceControl: Source control is disabled
[2023.11.05-16.42.39:591][  0]LogUProjectInfo: Found projects:
[2023.11.05-16.42.39:596][  0]LogVSAccessor: Display: Unable to create Visual Studio setup instance: 80040154
[2023.11.05-16.42.39:597][  0]LogVSAccessor: Display: Unable to create Visual Studio setup instance: 80040154
[2023.11.05-16.42.39:598][  0]LogVSAccessor: Display: Unable to create Visual Studio setup instance: 80040154
[2023.11.05-16.42.39:889][  0]LogOpenImageDenoise: OIDN starting up
[2023.11.05-16.42.39:953][  0]LogAndroidPermission: UAndroidPermissionCallbackProxy::GetInstance
[2023.11.05-16.42.39:979][  0]LogAudioCaptureCore: Display: No Audio Capture implementations found. Audio input will be silent.
[2023.11.05-16.42.39:979][  0]LogAudioCaptureCore: Display: No Audio Capture implementations found. Audio input will be silent.
[2023.11.05-16.42.40:147][  0]LogCollectionManager: Loaded 0 collections in 0.002342 seconds
[2023.11.05-16.42.40:183][  0]LogFileCache: Scanning file cache for directory 'C:/Users/slava/Documents/GitHub/RPG/Saved/Collections/' took 0.00s
[2023.11.05-16.42.40:183][  0]LogFileCache: Scanning file cache for directory 'C:/Users/slava/Documents/GitHub/RPG/Content/Developers/slava/Collections/' took 0.00s
[2023.11.05-16.42.40:183][  0]LogFileCache: Scanning file cache for directory 'C:/Users/slava/Documents/GitHub/RPG/Content/Collections/' took 0.00s
[2023.11.05-16.42.40:183][  0]LogOcInput: OculusInput pre-init called
[2023.11.05-16.42.40:442][  0]LogEngine: Initializing Engine...
[2023.11.05-16.42.40:452][  0]LogHMD: Failed to enumerate extensions. Please check that you have a valid OpenXR runtime installed.
[2023.11.05-16.42.40:453][  0]LogHMD: Failed to initialize OpenVR with code 110
[2023.11.05-16.42.40:454][  0]LogMagicLeap: Warning: VR disabled because ZI is not enabled.  To enable, in the editor, Edit -> Project Settings -> Plugins -> Magic Leap Plugin -> Enable Zero Iteration
[2023.11.05-16.42.40:455][  0]LogStats: UGameplayTagsManager::InitializeManager -  0.000 s
[2023.11.05-16.42.40:597][  0]LogInit: Initializing FReadOnlyCVARCache
[2023.11.05-16.42.40:610][  0]LogAIModule: Creating AISystem for world Untitled
[2023.11.05-16.42.40:610][  0]LogAudio: Display: Initializing Audio Device Manager...
[2023.11.05-16.42.40:616][  0]LogAudio: Display: Loading Default Audio Settings Objects...
[2023.11.05-16.42.40:617][  0]LogAudio: Display: No default SoundConcurrencyObject specified (or failed to load).
[2023.11.05-16.42.40:617][  0]LogAudio: Display: Audio Device Manager Initialized
[2023.11.05-16.42.40:618][  0]LogAudio: Display: Creating Audio Device:                 Id: 1, Scope: Shared, Realtime: True
[2023.11.05-16.42.40:618][  0]LogAudioMixer: Display: Audio Mixer Platform Settings:
[2023.11.05-16.42.40:618][  0]LogAudioMixer: Display: 	Sample Rate:						  48000
[2023.11.05-16.42.40:618][  0]LogAudioMixer: Display: 	Callback Buffer Frame Size Requested: 1024
[2023.11.05-16.42.40:618][  0]LogAudioMixer: Display: 	Callback Buffer Frame Size To Use:	  1024
[2023.11.05-16.42.40:618][  0]LogAudioMixer: Display: 	Number of buffers to queue:			  2
[2023.11.05-16.42.40:618][  0]LogAudioMixer: Display: 	Max Channels (voices):				  32
[2023.11.05-16.42.40:618][  0]LogAudioMixer: Display: 	Number of Async Source Workers:		  0
[2023.11.05-16.42.40:618][  0]LogAudio: Display: AudioDevice MaxSources: 32
[2023.11.05-16.42.40:618][  0]LogAudio: Display: Audio Spatialization Plugin: None (built-in).
[2023.11.05-16.42.40:618][  0]LogAudio: Display: Audio Reverb Plugin: None (built-in).
[2023.11.05-16.42.40:618][  0]LogAudio: Display: Audio Occlusion Plugin: None (built-in).
[2023.11.05-16.42.40:618][  0]LogAudioMixer: Display: Initializing audio mixer.
[2023.11.05-16.42.40:636][  0]LogAudioMixer: Display: 0: FrontLeft
[2023.11.05-16.42.40:636][  0]LogAudioMixer: Display: 1: FrontRight
[2023.11.05-16.42.40:669][  0]LogAudioMixer: Display: Using Audio Device Динамики (Realtek(R) Audio)
[2023.11.05-16.42.40:671][  0]LogAudioMixer: Display: Initializing Sound Submixes...
[2023.11.05-16.42.40:673][  0]LogAudioMixer: Display: Creating Master Submix 'MasterSubmixDefault'
[2023.11.05-16.42.40:673][  0]LogAudioMixer: Display: Creating Master Submix 'MasterReverbSubmixDefault'
[2023.11.05-16.42.40:674][  0]LogAudioMixer: Display: Creating Master Submix 'MasterEQSubmixDefault'
[2023.11.05-16.42.40:674][  0]LogAudioMixer: FMixerPlatformXAudio2::StartAudioStream() called
[2023.11.05-16.42.40:674][  0]LogAudioMixer: Display: Output buffers initialized: Frames=1024, Channels=2, Samples=2048
[2023.11.05-16.42.40:675][  0]LogAudioMixer: Display: Starting AudioMixerPlatformInterface::RunInternal()
[2023.11.05-16.42.40:675][  0]LogAudioMixer: Display: FMixerPlatformXAudio2::SubmitBuffer() called for the first time
[2023.11.05-16.42.40:675][  0]LogInit: FAudioDevice initialized.
[2023.11.05-16.42.40:676][  0]LogAudio: Display: Audio Device (ID: 1) registered with world 'Untitled'.
[2023.11.05-16.42.40:676][  0]LogNetVersion: Set ProjectVersion to 1.0.0.0. Version Checksum will be recalculated on next use.
[2023.11.05-16.42.40:753][  0]LogDerivedDataCache: Saved boot cache 0.08s 94MB C:/Users/slava/AppData/Local/UnrealEngine/4.27/DerivedDataCache/Boot.ddc.
[2023.11.05-16.42.40:753][  0]LogInit: Texture streaming: Enabled
[2023.11.05-16.42.40:770][  0]LogAnalytics: Display: [UEEditor.Rocket.Release] APIServer = https://datarouter.ol.epicgames.com/. AppVersion = 4.27.2-18319896+++UE4+Release-4.27
[2023.11.05-16.42.40:775][  0]LogEngineSessionManager: EngineSessionManager initialized
[2023.11.05-16.42.40:775][  0]LogEditorSessionSummary: Verbose: Initializing EditorSessionSummaryWriter for editor session tracking
[2023.11.05-16.42.40:779][  0]LogEditorSessionSummary: EditorSessionSummaryWriter initialized
[2023.11.05-16.42.40:820][  0]LogInit: Transaction tracking system initialized
[2023.11.05-16.42.40:850][  0]BlueprintLog: New page: Editor Load
[2023.11.05-16.42.40:938][  0]LocalizationService: Localization service is disabled
[2023.11.05-16.42.40:970][  0]TimingProfiler: Initialize
[2023.11.05-16.42.40:970][  0]TimingProfiler: OnSessionChanged
[2023.11.05-16.42.40:970][  0]LoadingProfiler: Initialize
[2023.11.05-16.42.40:970][  0]LoadingProfiler: OnSessionChanged
[2023.11.05-16.42.40:971][  0]NetworkingProfiler: Initialize
[2023.11.05-16.42.40:971][  0]NetworkingProfiler: OnSessionChanged
[2023.11.05-16.42.40:971][  0]MemoryProfiler: Initialize
[2023.11.05-16.42.40:971][  0]MemoryProfiler: OnSessionChanged
[2023.11.05-16.42.41:045][  0]LogVSAccessor: Display: Unable to create Visual Studio setup instance: 80040154
[2023.11.05-16.42.41:046][  0]LogVSAccessor: Display: Unable to create Visual Studio setup instance: 80040154
[2023.11.05-16.42.41:047][  0]LogVSAccessor: Display: Unable to create Visual Studio setup instance: 80040154
[2023.11.05-16.42.41:174][  0]LogCook: Display: CookSettings for Memory: MemoryMaxUsedVirtual 0MiB, MemoryMaxUsedPhysical 16384MiB, MemoryMinFreeVirtual 0MiB, MemoryMinFreePhysical 1024MiB
[2023.11.05-16.42.41:174][  0]LogCook: Display: Mobile HDR setting 1
[2023.11.05-16.42.41:422][  0]LogFileCache: Scanning file cache for directory 'C:/Users/slava/Documents/GitHub/RPG/Content/' took 0.01s
[2023.11.05-16.42.41:605][  0]LogInit: Display: Engine is initialized. Leaving FEngineLoop::Init()
[2023.11.05-16.42.41:610][  0]SourceControl: Source control is disabled
[2023.11.05-16.42.41:822][  0]LogSlate: Took 0.000211 seconds to synchronously load lazily loaded font '../../../Engine/Content/Slate/Fonts/Roboto-Regular.ttf' (155K)
[2023.11.05-16.42.54:650][  0]LogSlate: Window 'Restore Packages' being destroyed
[2023.11.05-16.42.54:650][  0]LogWindowsTextInputMethodSystem: Display: IME system deactivated.
[2023.11.05-16.42.54:663][  0]LogUnrealEdMisc: Loading editor; pre map load, took 22.029
[2023.11.05-16.42.54:664][  0]Cmd: MAP LOAD FILE="../../../Engine/Content/Maps/Templates/Template_Default.umap" TEMPLATE=1 SHOWPROGRESS=1 FEATURELEVEL=3
[2023.11.05-16.42.54:665][  0]LightingResults: New page: Lighting Build
[2023.11.05-16.42.54:668][  0]LogWorld: UWorld::CleanupWorld for Untitled, bSessionEnded=true, bCleanupResources=true
[2023.11.05-16.42.54:668][  0]LogSlate: InvalidateAllWidgets triggered.  All widgets were invalidated
[2023.11.05-16.42.54:668][  0]MapCheck: New page: Map Check
[2023.11.05-16.42.54:668][  0]LightingResults: New page: Lighting Build
[2023.11.05-16.42.54:673][  0]LogAudio: Display: Audio Device unregistered from world 'None'.
[2023.11.05-16.42.54:677][  0]LogUObjectHash: Compacting FUObjectHashTables data took   1.00ms
[2023.11.05-16.42.54:745][  0]LogTexture: Display: Building textures: DeprecatedTextureEB9CBE3C423008B5E8E130901E171C89 (BGRA8, 128X128)
[2023.11.05-16.42.54:753][  0]LogAudio: Display: Audio Device (ID: 1) registered with world 'Untitled_1'.
[2023.11.05-16.42.54:754][  0]LogAIModule: Creating AISystem for world Untitled_1
[2023.11.05-16.42.54:758][  0]LogEditorServer: Finished looking for orphan Actors (0.000 secs)
[2023.11.05-16.42.54:764][  0]LogUObjectHash: Compacting FUObjectHashTables data took   0.98ms
[2023.11.05-16.42.54:764][  0]Cmd: MAP CHECKDEP NOCLEARLOG
[2023.11.05-16.42.54:765][  0]MapCheck: Map check complete: 0 Error(s), 0 Warning(s), took 0,293ms to complete.
[2023.11.05-16.42.54:765][  0]LogFileHelpers: Loading map 'Template_Default' took 0.101
[2023.11.05-16.42.54:767][  0]LogUnrealEdMisc: Total Editor Startup Time, took 22.133
[2023.11.05-16.42.54:782][  0]LogWindowsTextInputMethodSystem: Display: IME system deactivated.
[2023.11.05-16.42.54:864][  0]LogSlate: Updating window title bar state: overlay mode, drag disabled, window buttons hidden, title bar hidden
[2023.11.05-16.42.54:873][  0]LogSlate: Updating window title bar state: overlay mode, drag disabled, window buttons hidden, title bar hidden
[2023.11.05-16.42.54:880][  0]LogSlate: Updating window title bar state: overlay mode, drag disabled, window buttons hidden, title bar hidden
[2023.11.05-16.42.54:888][  0]LogSlate: Updating window title bar state: overlay mode, drag disabled, window buttons hidden, title bar hidden
[2023.11.05-16.42.54:921][  0]LogNativeClassHierarchy: Verbose: Native class hierarchy populated in 0.0124 seconds. Added 3822 classes and 928 folders.
[2023.11.05-16.42.54:927][  0]LogNativeClassHierarchy: Verbose: Native class hierarchy updated for 'WidgetCarousel' in 0.0003 seconds. Added 0 classes and 0 folders.
[2023.11.05-16.42.54:933][  0]LogPakFile: PakFile PrimaryIndexSize=187
[2023.11.05-16.42.54:933][  0]LogPakFile: PakFile PathHashIndexSize=101
[2023.11.05-16.42.54:933][  0]LogPakFile: PakFile FullDirectoryIndexSize=148
[2023.11.05-16.42.54:933][  0]LogShaderLibrary: Display: ShaderCodeLibraryPakFileMountedCallback: PakFile 'C:/Program Files/Epic Games/UE_4.27/FeaturePacks/FP_FirstPerson.upack' (chunk index -1, root 'root:/') mounted
[2023.11.05-16.42.54:933][  0]LogShaderLibrary: Display: ShaderCodeLibraryPakFileMountedCallback: pending pak file info (ChunkID:-1 Root:root:/ File:C:/Program Files/Epic Games/UE_4.27/FeaturePacks/FP_FirstPerson.upack)
[2023.11.05-16.42.54:933][  0]LogPakFile: OnPakFileMounted2Time == 0.000067
[2023.11.05-16.42.54:935][  0]LogPakFile: PakFile PrimaryIndexSize=189
[2023.11.05-16.42.54:935][  0]LogPakFile: PakFile PathHashIndexSize=101
[2023.11.05-16.42.54:935][  0]LogPakFile: PakFile FullDirectoryIndexSize=152
[2023.11.05-16.42.54:935][  0]LogShaderLibrary: Display: ShaderCodeLibraryPakFileMountedCallback: PakFile 'C:/Program Files/Epic Games/UE_4.27/FeaturePacks/FP_FirstPersonBP.upack' (chunk index -1, root 'root:/') mounted
[2023.11.05-16.42.54:935][  0]LogShaderLibrary: Display: ShaderCodeLibraryPakFileMountedCallback: pending pak file info (ChunkID:-1 Root:root:/ File:C:/Program Files/Epic Games/UE_4.27/FeaturePacks/FP_FirstPersonBP.upack)
[2023.11.05-16.42.54:935][  0]LogPakFile: OnPakFileMounted2Time == 0.000063
[2023.11.05-16.42.54:937][  0]LogPakFile: PakFile PrimaryIndexSize=191
[2023.11.05-16.42.54:937][  0]LogPakFile: PakFile PathHashIndexSize=101
[2023.11.05-16.42.54:937][  0]LogPakFile: PakFile FullDirectoryIndexSize=160
[2023.11.05-16.42.54:937][  0]LogShaderLibrary: Display: ShaderCodeLibraryPakFileMountedCallback: PakFile 'C:/Program Files/Epic Games/UE_4.27/FeaturePacks/MobileStarterContent.upack' (chunk index -1, root 'root:/') mounted
[2023.11.05-16.42.54:937][  0]LogShaderLibrary: Display: ShaderCodeLibraryPakFileMountedCallback: pending pak file info (ChunkID:-1 Root:root:/ File:C:/Program Files/Epic Games/UE_4.27/FeaturePacks/MobileStarterContent.upack)
[2023.11.05-16.42.54:937][  0]LogPakFile: OnPakFileMounted2Time == 0.000050
[2023.11.05-16.42.54:939][  0]LogPakFile: PakFile PrimaryIndexSize=185
[2023.11.05-16.42.54:939][  0]LogPakFile: PakFile PathHashIndexSize=101
[2023.11.05-16.42.54:939][  0]LogPakFile: PakFile FullDirectoryIndexSize=148
[2023.11.05-16.42.54:939][  0]LogShaderLibrary: Display: ShaderCodeLibraryPakFileMountedCallback: PakFile 'C:/Program Files/Epic Games/UE_4.27/FeaturePacks/StarterContent.upack' (chunk index -1, root 'root:/') mounted
[2023.11.05-16.42.54:939][  0]LogShaderLibrary: Display: ShaderCodeLibraryPakFileMountedCallback: pending pak file info (ChunkID:-1 Root:root:/ File:C:/Program Files/Epic Games/UE_4.27/FeaturePacks/StarterContent.upack)
[2023.11.05-16.42.54:939][  0]LogPakFile: OnPakFileMounted2Time == 0.000044
[2023.11.05-16.42.54:941][  0]LogPakFile: PakFile PrimaryIndexSize=190
[2023.11.05-16.42.54:941][  0]LogPakFile: PakFile PathHashIndexSize=101
[2023.11.05-16.42.54:941][  0]LogPakFile: PakFile FullDirectoryIndexSize=154
[2023.11.05-16.42.54:941][  0]LogShaderLibrary: Display: ShaderCodeLibraryPakFileMountedCallback: PakFile 'C:/Program Files/Epic Games/UE_4.27/FeaturePacks/TP_2DSideScroller.upack' (chunk index -1, root 'root:/') mounted
[2023.11.05-16.42.54:941][  0]LogShaderLibrary: Display: ShaderCodeLibraryPakFileMountedCallback: pending pak file info (ChunkID:-1 Root:root:/ File:C:/Program Files/Epic Games/UE_4.27/FeaturePacks/TP_2DSideScroller.upack)
[2023.11.05-16.42.54:941][  0]LogPakFile: OnPakFileMounted2Time == 0.000041
[2023.11.05-16.42.54:943][  0]LogPakFile: PakFile PrimaryIndexSize=192
[2023.11.05-16.42.54:943][  0]LogPakFile: PakFile PathHashIndexSize=101
[2023.11.05-16.42.54:943][  0]LogPakFile: PakFile FullDirectoryIndexSize=158
[2023.11.05-16.42.54:943][  0]LogShaderLibrary: Display: ShaderCodeLibraryPakFileMountedCallback: PakFile 'C:/Program Files/Epic Games/UE_4.27/FeaturePacks/TP_2DSideScrollerBP.upack' (chunk index -1, root 'root:/') mounted
[2023.11.05-16.42.54:943][  0]LogShaderLibrary: Display: ShaderCodeLibraryPakFileMountedCallback: pending pak file info (ChunkID:-1 Root:root:/ File:C:/Program Files/Epic Games/UE_4.27/FeaturePacks/TP_2DSideScrollerBP.upack)
[2023.11.05-16.42.54:943][  0]LogPakFile: OnPakFileMounted2Time == 0.000039
[2023.11.05-16.42.54:944][  0]LogPakFile: PakFile PrimaryIndexSize=182
[2023.11.05-16.42.54:944][  0]LogPakFile: PakFile PathHashIndexSize=101
[2023.11.05-16.42.54:944][  0]LogPakFile: PakFile FullDirectoryIndexSize=138
[2023.11.05-16.42.54:944][  0]LogShaderLibrary: Display: ShaderCodeLibraryPakFileMountedCallback: PakFile 'C:/Program Files/Epic Games/UE_4.27/FeaturePacks/TP_Flying.upack' (chunk index -1, root 'root:/') mounted
[2023.11.05-16.42.54:944][  0]LogShaderLibrary: Display: ShaderCodeLibraryPakFileMountedCallback: pending pak file info (ChunkID:-1 Root:root:/ File:C:/Program Files/Epic Games/UE_4.27/FeaturePacks/TP_Flying.upack)
[2023.11.05-16.42.54:944][  0]LogPakFile: OnPakFileMounted2Time == 0.000040
[2023.11.05-16.42.54:946][  0]LogPakFile: PakFile PrimaryIndexSize=184
[2023.11.05-16.42.54:946][  0]LogPakFile: PakFile PathHashIndexSize=101
[2023.11.05-16.42.54:946][  0]LogPakFile: PakFile FullDirectoryIndexSize=142
[2023.11.05-16.42.54:946][  0]LogShaderLibrary: Display: ShaderCodeLibraryPakFileMountedCallback: PakFile 'C:/Program Files/Epic Games/UE_4.27/FeaturePacks/TP_FlyingBP.upack' (chunk index -1, root 'root:/') mounted
[2023.11.05-16.42.54:946][  0]LogShaderLibrary: Display: ShaderCodeLibraryPakFileMountedCallback: pending pak file info (ChunkID:-1 Root:root:/ File:C:/Program Files/Epic Games/UE_4.27/FeaturePacks/TP_FlyingBP.upack)
[2023.11.05-16.42.54:946][  0]LogPakFile: OnPakFileMounted2Time == 0.000040
[2023.11.05-16.42.54:948][  0]LogPakFile: PakFile PrimaryIndexSize=188
[2023.11.05-16.42.54:948][  0]LogPakFile: PakFile PathHashIndexSize=101
[2023.11.05-16.42.54:948][  0]LogPakFile: PakFile FullDirectoryIndexSize=150
[2023.11.05-16.42.54:948][  0]LogShaderLibrary: Display: ShaderCodeLibraryPakFileMountedCallback: PakFile 'C:/Program Files/Epic Games/UE_4.27/FeaturePacks/TP_HandheldARBP.upack' (chunk index -1, root 'root:/') mounted
[2023.11.05-16.42.54:948][  0]LogShaderLibrary: Display: ShaderCodeLibraryPakFileMountedCallback: pending pak file info (ChunkID:-1 Root:root:/ File:C:/Program Files/Epic Games/UE_4.27/FeaturePacks/TP_HandheldARBP.upack)
[2023.11.05-16.42.54:948][  0]LogPakFile: OnPakFileMounted2Time == 0.000043
[2023.11.05-16.42.54:952][  0]LogPakFile: PakFile PrimaryIndexSize=182
[2023.11.05-16.42.54:952][  0]LogPakFile: PakFile PathHashIndexSize=101
[2023.11.05-16.42.54:952][  0]LogPakFile: PakFile FullDirectoryIndexSize=138
[2023.11.05-16.42.54:952][  0]LogShaderLibrary: Display: ShaderCodeLibraryPakFileMountedCallback: PakFile 'C:/Program Files/Epic Games/UE_4.27/FeaturePacks/TP_Puzzle.upack' (chunk index -1, root 'root:/') mounted
[2023.11.05-16.42.54:952][  0]LogShaderLibrary: Display: ShaderCodeLibraryPakFileMountedCallback: pending pak file info (ChunkID:-1 Root:root:/ File:C:/Program Files/Epic Games/UE_4.27/FeaturePacks/TP_Puzzle.upack)
[2023.11.05-16.42.54:952][  0]LogPakFile: OnPakFileMounted2Time == 0.000052
[2023.11.05-16.42.54:953][  0]LogPakFile: PakFile PrimaryIndexSize=184
[2023.11.05-16.42.54:954][  0]LogPakFile: PakFile PathHashIndexSize=101
[2023.11.05-16.42.54:954][  0]LogPakFile: PakFile FullDirectoryIndexSize=142
[2023.11.05-16.42.54:954][  0]LogShaderLibrary: Display: ShaderCodeLibraryPakFileMountedCallback: PakFile 'C:/Program Files/Epic Games/UE_4.27/FeaturePacks/TP_PuzzleBP.upack' (chunk index -1, root 'root:/') mounted
[2023.11.05-16.42.54:954][  0]LogShaderLibrary: Display: ShaderCodeLibraryPakFileMountedCallback: pending pak file info (ChunkID:-1 Root:root:/ File:C:/Program Files/Epic Games/UE_4.27/FeaturePacks/TP_PuzzleBP.upack)
[2023.11.05-16.42.54:954][  0]LogPakFile: OnPakFileMounted2Time == 0.000055
[2023.11.05-16.42.54:955][  0]LogPakFile: PakFile PrimaryIndexSize=183
[2023.11.05-16.42.54:955][  0]LogPakFile: PakFile PathHashIndexSize=101
[2023.11.05-16.42.54:955][  0]LogPakFile: PakFile FullDirectoryIndexSize=140
[2023.11.05-16.42.54:955][  0]LogShaderLibrary: Display: ShaderCodeLibraryPakFileMountedCallback: PakFile 'C:/Program Files/Epic Games/UE_4.27/FeaturePacks/TP_Rolling.upack' (chunk index -1, root 'root:/') mounted
[2023.11.05-16.42.54:955][  0]LogShaderLibrary: Display: ShaderCodeLibraryPakFileMountedCallback: pending pak file info (ChunkID:-1 Root:root:/ File:C:/Program Files/Epic Games/UE_4.27/FeaturePacks/TP_Rolling.upack)
[2023.11.05-16.42.54:955][  0]LogPakFile: OnPakFileMounted2Time == 0.000041
[2023.11.05-16.42.54:957][  0]LogPakFile: PakFile PrimaryIndexSize=185
[2023.11.05-16.42.54:957][  0]LogPakFile: PakFile PathHashIndexSize=101
[2023.11.05-16.42.54:957][  0]LogPakFile: PakFile FullDirectoryIndexSize=144
[2023.11.05-16.42.54:957][  0]LogShaderLibrary: Display: ShaderCodeLibraryPakFileMountedCallback: PakFile 'C:/Program Files/Epic Games/UE_4.27/FeaturePacks/TP_RollingBP.upack' (chunk index -1, root 'root:/') mounted
[2023.11.05-16.42.54:957][  0]LogShaderLibrary: Display: ShaderCodeLibraryPakFileMountedCallback: pending pak file info (ChunkID:-1 Root:root:/ File:C:/Program Files/Epic Games/UE_4.27/FeaturePacks/TP_RollingBP.upack)
[2023.11.05-16.42.54:957][  0]LogPakFile: OnPakFileMounted2Time == 0.000044
[2023.11.05-16.42.54:958][  0]LogPakFile: PakFile PrimaryIndexSize=188
[2023.11.05-16.42.54:958][  0]LogPakFile: PakFile PathHashIndexSize=101
[2023.11.05-16.42.54:958][  0]LogPakFile: PakFile FullDirectoryIndexSize=150
[2023.11.05-16.42.54:958][  0]LogShaderLibrary: Display: ShaderCodeLibraryPakFileMountedCallback: PakFile 'C:/Program Files/Epic Games/UE_4.27/FeaturePacks/TP_SideScroller.upack' (chunk index -1, root 'root:/') mounted
[2023.11.05-16.42.54:958][  0]LogShaderLibrary: Display: ShaderCodeLibraryPakFileMountedCallback: pending pak file info (ChunkID:-1 Root:root:/ File:C:/Program Files/Epic Games/UE_4.27/FeaturePacks/TP_SideScroller.upack)
[2023.11.05-16.42.54:958][  0]LogPakFile: OnPakFileMounted2Time == 0.000040
[2023.11.05-16.42.54:960][  0]LogPakFile: PakFile PrimaryIndexSize=190
[2023.11.05-16.42.54:960][  0]LogPakFile: PakFile PathHashIndexSize=101
[2023.11.05-16.42.54:960][  0]LogPakFile: PakFile FullDirectoryIndexSize=154
[2023.11.05-16.42.54:960][  0]LogShaderLibrary: Display: ShaderCodeLibraryPakFileMountedCallback: PakFile 'C:/Program Files/Epic Games/UE_4.27/FeaturePacks/TP_SideScrollerBP.upack' (chunk index -1, root 'root:/') mounted
[2023.11.05-16.42.54:960][  0]LogShaderLibrary: Display: ShaderCodeLibraryPakFileMountedCallback: pending pak file info (ChunkID:-1 Root:root:/ File:C:/Program Files/Epic Games/UE_4.27/FeaturePacks/TP_SideScrollerBP.upack)
[2023.11.05-16.42.54:960][  0]LogPakFile: OnPakFileMounted2Time == 0.000041
[2023.11.05-16.42.54:961][  0]LogPakFile: PakFile PrimaryIndexSize=187
[2023.11.05-16.42.54:961][  0]LogPakFile: PakFile PathHashIndexSize=101
[2023.11.05-16.42.54:961][  0]LogPakFile: PakFile FullDirectoryIndexSize=148
[2023.11.05-16.42.54:961][  0]LogShaderLibrary: Display: ShaderCodeLibraryPakFileMountedCallback: PakFile 'C:/Program Files/Epic Games/UE_4.27/FeaturePacks/TP_ThirdPerson.upack' (chunk index -1, root 'root:/') mounted
[2023.11.05-16.42.54:961][  0]LogShaderLibrary: Display: ShaderCodeLibraryPakFileMountedCallback: pending pak file info (ChunkID:-1 Root:root:/ File:C:/Program Files/Epic Games/UE_4.27/FeaturePacks/TP_ThirdPerson.upack)
[2023.11.05-16.42.54:961][  0]LogPakFile: OnPakFileMounted2Time == 0.000039
[2023.11.05-16.42.54:963][  0]LogPakFile: PakFile PrimaryIndexSize=189
[2023.11.05-16.42.54:963][  0]LogPakFile: PakFile PathHashIndexSize=101
[2023.11.05-16.42.54:963][  0]LogPakFile: PakFile FullDirectoryIndexSize=152
[2023.11.05-16.42.54:963][  0]LogShaderLibrary: Display: ShaderCodeLibraryPakFileMountedCallback: PakFile 'C:/Program Files/Epic Games/UE_4.27/FeaturePacks/TP_ThirdPersonBP.upack' (chunk index -1, root 'root:/') mounted
[2023.11.05-16.42.54:963][  0]LogShaderLibrary: Display: ShaderCodeLibraryPakFileMountedCallback: pending pak file info (ChunkID:-1 Root:root:/ File:C:/Program Files/Epic Games/UE_4.27/FeaturePacks/TP_ThirdPersonBP.upack)
[2023.11.05-16.42.54:963][  0]LogPakFile: OnPakFileMounted2Time == 0.000044
[2023.11.05-16.42.54:965][  0]LogPakFile: PakFile PrimaryIndexSize=183
[2023.11.05-16.42.54:965][  0]LogPakFile: PakFile PathHashIndexSize=101
[2023.11.05-16.42.54:965][  0]LogPakFile: PakFile FullDirectoryIndexSize=140
[2023.11.05-16.42.54:965][  0]LogShaderLibrary: Display: ShaderCodeLibraryPakFileMountedCallback: PakFile 'C:/Program Files/Epic Games/UE_4.27/FeaturePacks/TP_TopDown.upack' (chunk index -1, root 'root:/') mounted
[2023.11.05-16.42.54:965][  0]LogShaderLibrary: Display: ShaderCodeLibraryPakFileMountedCallback: pending pak file info (ChunkID:-1 Root:root:/ File:C:/Program Files/Epic Games/UE_4.27/FeaturePacks/TP_TopDown.upack)
[2023.11.05-16.42.54:965][  0]LogPakFile: OnPakFileMounted2Time == 0.000055
[2023.11.05-16.42.54:966][  0]LogPakFile: PakFile PrimaryIndexSize=185
[2023.11.05-16.42.54:966][  0]LogPakFile: PakFile PathHashIndexSize=101
[2023.11.05-16.42.54:966][  0]LogPakFile: PakFile FullDirectoryIndexSize=144
[2023.11.05-16.42.54:966][  0]LogShaderLibrary: Display: ShaderCodeLibraryPakFileMountedCallback: PakFile 'C:/Program Files/Epic Games/UE_4.27/FeaturePacks/TP_TopDownBP.upack' (chunk index -1, root 'root:/') mounted
[2023.11.05-16.42.54:966][  0]LogShaderLibrary: Display: ShaderCodeLibraryPakFileMountedCallback: pending pak file info (ChunkID:-1 Root:root:/ File:C:/Program Files/Epic Games/UE_4.27/FeaturePacks/TP_TopDownBP.upack)
[2023.11.05-16.42.54:966][  0]LogPakFile: OnPakFileMounted2Time == 0.000053
[2023.11.05-16.42.54:968][  0]LogPakFile: PakFile PrimaryIndexSize=185
[2023.11.05-16.42.54:968][  0]LogPakFile: PakFile PathHashIndexSize=101
[2023.11.05-16.42.54:968][  0]LogPakFile: PakFile FullDirectoryIndexSize=144
[2023.11.05-16.42.54:968][  0]LogShaderLibrary: Display: ShaderCodeLibraryPakFileMountedCallback: PakFile 'C:/Program Files/Epic Games/UE_4.27/FeaturePacks/TP_TwinStick.upack' (chunk index -1, root 'root:/') mounted
[2023.11.05-16.42.54:968][  0]LogShaderLibrary: Display: ShaderCodeLibraryPakFileMountedCallback: pending pak file info (ChunkID:-1 Root:root:/ File:C:/Program Files/Epic Games/UE_4.27/FeaturePacks/TP_TwinStick.upack)
[2023.11.05-16.42.54:968][  0]LogPakFile: OnPakFileMounted2Time == 0.000042
[2023.11.05-16.42.54:969][  0]LogPakFile: PakFile PrimaryIndexSize=187
[2023.11.05-16.42.54:969][  0]LogPakFile: PakFile PathHashIndexSize=101
[2023.11.05-16.42.54:969][  0]LogPakFile: PakFile FullDirectoryIndexSize=148
[2023.11.05-16.42.54:969][  0]LogShaderLibrary: Display: ShaderCodeLibraryPakFileMountedCallback: PakFile 'C:/Program Files/Epic Games/UE_4.27/FeaturePacks/TP_TwinStickBP.upack' (chunk index -1, root 'root:/') mounted
[2023.11.05-16.42.54:969][  0]LogShaderLibrary: Display: ShaderCodeLibraryPakFileMountedCallback: pending pak file info (ChunkID:-1 Root:root:/ File:C:/Program Files/Epic Games/UE_4.27/FeaturePacks/TP_TwinStickBP.upack)
[2023.11.05-16.42.54:970][  0]LogPakFile: OnPakFileMounted2Time == 0.000049
[2023.11.05-16.42.54:971][  0]LogPakFile: PakFile PrimaryIndexSize=183
[2023.11.05-16.42.54:971][  0]LogPakFile: PakFile PathHashIndexSize=101
[2023.11.05-16.42.54:971][  0]LogPakFile: PakFile FullDirectoryIndexSize=140
[2023.11.05-16.42.54:971][  0]LogShaderLibrary: Display: ShaderCodeLibraryPakFileMountedCallback: PakFile 'C:/Program Files/Epic Games/UE_4.27/FeaturePacks/TP_Vehicle.upack' (chunk index -1, root 'root:/') mounted
[2023.11.05-16.42.54:971][  0]LogShaderLibrary: Display: ShaderCodeLibraryPakFileMountedCallback: pending pak file info (ChunkID:-1 Root:root:/ File:C:/Program Files/Epic Games/UE_4.27/FeaturePacks/TP_Vehicle.upack)
[2023.11.05-16.42.54:971][  0]LogPakFile: OnPakFileMounted2Time == 0.000042
[2023.11.05-16.42.54:972][  0]LogPakFile: PakFile PrimaryIndexSize=186
[2023.11.05-16.42.54:972][  0]LogPakFile: PakFile PathHashIndexSize=101
[2023.11.05-16.42.54:972][  0]LogPakFile: PakFile FullDirectoryIndexSize=146
[2023.11.05-16.42.54:972][  0]LogShaderLibrary: Display: ShaderCodeLibraryPakFileMountedCallback: PakFile 'C:/Program Files/Epic Games/UE_4.27/FeaturePacks/TP_VehicleAdv.upack' (chunk index -1, root 'root:/') mounted
[2023.11.05-16.42.54:972][  0]LogShaderLibrary: Display: ShaderCodeLibraryPakFileMountedCallback: pending pak file info (ChunkID:-1 Root:root:/ File:C:/Program Files/Epic Games/UE_4.27/FeaturePacks/TP_VehicleAdv.upack)
[2023.11.05-16.42.54:972][  0]LogPakFile: OnPakFileMounted2Time == 0.000040
[2023.11.05-16.42.54:974][  0]LogPakFile: PakFile PrimaryIndexSize=188
[2023.11.05-16.42.54:974][  0]LogPakFile: PakFile PathHashIndexSize=101
[2023.11.05-16.42.54:974][  0]LogPakFile: PakFile FullDirectoryIndexSize=150
[2023.11.05-16.42.54:974][  0]LogShaderLibrary: Display: ShaderCodeLibraryPakFileMountedCallback: PakFile 'C:/Program Files/Epic Games/UE_4.27/FeaturePacks/TP_VehicleAdvBP.upack' (chunk index -1, root 'root:/') mounted
[2023.11.05-16.42.54:974][  0]LogShaderLibrary: Display: ShaderCodeLibraryPakFileMountedCallback: pending pak file info (ChunkID:-1 Root:root:/ File:C:/Program Files/Epic Games/UE_4.27/FeaturePacks/TP_VehicleAdvBP.upack)
[2023.11.05-16.42.54:974][  0]LogPakFile: OnPakFileMounted2Time == 0.000040
[2023.11.05-16.42.54:976][  0]LogPakFile: PakFile PrimaryIndexSize=185
[2023.11.05-16.42.54:976][  0]LogPakFile: PakFile PathHashIndexSize=101
[2023.11.05-16.42.54:976][  0]LogPakFile: PakFile FullDirectoryIndexSize=144
[2023.11.05-16.42.54:976][  0]LogShaderLibrary: Display: ShaderCodeLibraryPakFileMountedCallback: PakFile 'C:/Program Files/Epic Games/UE_4.27/FeaturePacks/TP_VehicleBP.upack' (chunk index -1, root 'root:/') mounted
[2023.11.05-16.42.54:976][  0]LogShaderLibrary: Display: ShaderCodeLibraryPakFileMountedCallback: pending pak file info (ChunkID:-1 Root:root:/ File:C:/Program Files/Epic Games/UE_4.27/FeaturePacks/TP_VehicleBP.upack)
[2023.11.05-16.42.54:976][  0]LogPakFile: OnPakFileMounted2Time == 0.000042
[2023.11.05-16.42.54:977][  0]LogPakFile: PakFile PrimaryIndexSize=192
[2023.11.05-16.42.54:977][  0]LogPakFile: PakFile PathHashIndexSize=101
[2023.11.05-16.42.54:977][  0]LogPakFile: PakFile FullDirectoryIndexSize=158
[2023.11.05-16.42.54:977][  0]LogShaderLibrary: Display: ShaderCodeLibraryPakFileMountedCallback: PakFile 'C:/Program Files/Epic Games/UE_4.27/FeaturePacks/TP_VirtualRealityBP.upack' (chunk index -1, root 'root:/') mounted
[2023.11.05-16.42.54:978][  0]LogShaderLibrary: Display: ShaderCodeLibraryPakFileMountedCallback: pending pak file info (ChunkID:-1 Root:root:/ File:C:/Program Files/Epic Games/UE_4.27/FeaturePacks/TP_VirtualRealityBP.upack)
[2023.11.05-16.42.54:978][  0]LogPakFile: OnPakFileMounted2Time == 0.000043
[2023.11.05-16.42.55:133][  0]LogNativeClassHierarchy: Verbose: Native class hierarchy updated for 'AddContentDialog' in 0.0003 seconds. Added 0 classes and 0 folders.
[2023.11.05-16.42.55:138][  0]LogNativeClassHierarchy: Verbose: Native class hierarchy updated for 'SceneOutliner' in 0.0005 seconds. Added 2 classes and 0 folders.
[2023.11.05-16.42.55:623][  0]LogSlate: Only BGRA pngs, bmps or icos are supported in by External Image Picker
[2023.11.05-16.42.55:730][  0]LogSlate: Took 0.000689 seconds to synchronously load lazily loaded font '../../../Engine/Content/Editor/Slate/Fonts/FontAwesome.ttf' (139K)
[2023.11.05-16.42.55:731][  0]LogSlate: Took 0.000121 seconds to synchronously load lazily loaded font '../../../Engine/Content/Slate/Fonts/Roboto-Bold.ttf' (160K)
[2023.11.05-16.42.55:805][  0]LogRenderer: Reallocating scene render targets to support 1208x572 Format 10 NumSamples 1 (Frame:1).
[2023.11.05-16.42.55:892][  0]LogNativeClassHierarchy: Verbose: Native class hierarchy updated for 'HierarchicalLODOutliner' in 0.0003 seconds. Added 0 classes and 0 folders.
[2023.11.05-16.42.55:892][  0]LogLoad: (Engine Initialization) Total time: 23.26 seconds
[2023.11.05-16.42.55:892][  0]LogLoad: (Engine Initialization) Total Blueprint compile time: 0.00 seconds
[2023.11.05-16.42.56:041][  0]LogAssetRegistry: Asset discovery search completed in 19.1048 seconds
[2023.11.05-16.42.56:047][  0]LogCollectionManager: Fixed up redirectors for 0 collections in 0.000004 seconds (updated 0 objects)
[2023.11.05-16.42.56:050][  0]LogContentStreaming: Texture pool size now 1000 MB
[2023.11.05-16.42.56:067][  1]LogFileCache: Retrieving MD5 hashes for directory 'C:/Users/slava/Documents/GitHub/RPG/Content/' took 0.16s
[2023.11.05-16.42.56:096][  2]LogSlate: Took 0.000785 seconds to synchronously load lazily loaded font '../../../Engine/Content/Slate/Fonts/Roboto-Light.ttf' (167K)
[2023.11.05-16.42.56:916][ 95]LogSlate: Took 0.000203 seconds to synchronously load lazily loaded font '../../../Engine/Content/Slate/Fonts/Roboto-Light.ttf' (167K)
[2023.11.05-16.42.58:071][177]LogEditorViewport: Clicking on Actor (context menu): StaticMeshActor (Floor)
[2023.11.05-16.42.58:950][247]LogEditorViewport: Clicking on Actor (context menu): BP_Sky_Sphere_C (Sky Sphere)
[2023.11.05-16.42.59:813][318]LogEditorViewport: Clicking on Actor (LMB): BP_Sky_Sphere_C (Sky Sphere)
[2023.11.05-16.43.02:389][600]LogEditorViewport: Clicking on Actor (LMB): BP_Sky_Sphere_C (Sky Sphere)
[2023.11.05-16.43.16:795][  1]LogEditorViewport: Clicking on Actor (LMB): BP_Sky_Sphere_C (Sky Sphere)
[2023.11.05-16.43.17:279][ 58]LogEditorViewport: Clicking on Actor (context menu): BP_Sky_Sphere_C (Sky Sphere)
[2023.11.05-16.43.17:964][120]LogEditorViewport: Clicking on Actor (context menu): BP_Sky_Sphere_C (Sky Sphere)
[2023.11.05-16.43.18:798][203]LogEditorViewport: Clicking on Actor (context menu): BP_Sky_Sphere_C (Sky Sphere)
[2023.11.05-16.43.23:909][741]LogEditorViewport: Clicking on Actor (LMB): BP_Sky_Sphere_C (Sky Sphere)
[2023.11.05-16.44.17:344][910]LogUObjectHash: Compacting FUObjectHashTables data took   0.84ms
[2023.11.05-16.44.17:362][910]LogSlate: Window 'DnDRPG_GIT - Unreal Editor' being destroyed
